[ 2016-07-21T20:04:26+08:00 ] ::1 /10/jiekou/tp/Home/Interface/login
INFO: [ app_init ] --START--
INFO: Run Behavior\BuildLiteBehavior [ RunTime:0.000014s ]
INFO: [ app_init ] --END-- [ RunTime:0.016492s ]
INFO: [ app_begin ] --START--
INFO: Run Behavior\ReadHtmlCacheBehavior [ RunTime:0.000925s ]
INFO: [ app_begin ] --END-- [ RunTime:0.001005s ]

[ 2016-07-21T20:04:37+08:00 ] ::1 /10/jiekou/tp/Home/Interface/login
INFO: [ app_init ] --START--
INFO: Run Behavior\BuildLiteBehavior [ RunTime:0.000012s ]
INFO: [ app_init ] --END-- [ RunTime:0.000311s ]
INFO: [ app_begin ] --START--
INFO: Run Behavior\ReadHtmlCacheBehavior [ RunTime:0.000381s ]
INFO: [ app_begin ] --END-- [ RunTime:0.000441s ]
SQL: SHOW COLUMNS FROM `users` [ RunTime:0.0045s ]
SQL: SHOW COLUMNS FROM `job_token` [ RunTime:0.0052s ]
SQL: SELECT * FROM `users` WHERE ( email='123' AND pwd='123' ) LIMIT 1   [ RunTime:0.0006s ]

[ 2016-07-21T20:04:46+08:00 ] ::1 /10/jiekou/tp/Home/Interface/login
INFO: [ app_init ] --START--
INFO: Run Behavior\BuildLiteBehavior [ RunTime:0.000045s ]
INFO: [ app_init ] --END-- [ RunTime:0.000417s ]
INFO: [ app_begin ] --START--
INFO: Run Behavior\ReadHtmlCacheBehavior [ RunTime:0.000486s ]
INFO: [ app_begin ] --END-- [ RunTime:0.000560s ]
SQL: SHOW COLUMNS FROM `users` [ RunTime:0.0047s ]
SQL: SHOW COLUMNS FROM `job_token` [ RunTime:0.0049s ]
SQL: SELECT * FROM `users` WHERE ( email='123@qq.com' AND pwd='123' ) LIMIT 1   [ RunTime:0.0005s ]
SQL: SELECT * FROM `job_token` WHERE `uid` = 1 LIMIT 1   [ RunTime:0.0005s ]
SQL: INSERT INTO `job_token` (`id`,`uid`,`token`,`edittime`) VALUES ('1','1','c4ca4238a0b923820dcc509a6f75849b15','1469102686') [ RunTime:0.0008s ]

[ 2016-07-21T20:06:58+08:00 ] ::1 /10/jiekou/tp/Home/Interface/login
INFO: [ app_init ] --START--
INFO: Run Behavior\BuildLiteBehavior [ RunTime:0.000020s ]
INFO: [ app_init ] --END-- [ RunTime:0.000616s ]
INFO: [ app_begin ] --START--
INFO: Run Behavior\ReadHtmlCacheBehavior [ RunTime:0.000639s ]
INFO: [ app_begin ] --END-- [ RunTime:0.000714s ]
SQL: SHOW COLUMNS FROM `users` [ RunTime:0.0037s ]
SQL: SHOW COLUMNS FROM `job_token` [ RunTime:0.0041s ]
SQL: SELECT * FROM `users` WHERE ( email='123@qq.com' AND pwd='123' ) LIMIT 1   [ RunTime:0.0004s ]
SQL: SELECT * FROM `job_token` WHERE `uid` = 1 LIMIT 1   [ RunTime:0.0004s ]
SQL: UPDATE `job_token` SET `id`='1',`token`='c4ca4238a0b923820dcc509a6f75849b2',`edittime`='1469102818' WHERE ( uid=1 ) [ RunTime:0.0008s ]

[ 2016-07-21T20:07:17+08:00 ] ::1 /10/jiekou/tp/Home/Interface/login
INFO: [ app_init ] --START--
INFO: Run Behavior\BuildLiteBehavior [ RunTime:0.000014s ]
INFO: [ app_init ] --END-- [ RunTime:0.000644s ]
INFO: [ app_begin ] --START--
INFO: Run Behavior\ReadHtmlCacheBehavior [ RunTime:0.001333s ]
INFO: [ app_begin ] --END-- [ RunTime:0.001397s ]
SQL: SHOW COLUMNS FROM `users` [ RunTime:0.0042s ]
SQL: SHOW COLUMNS FROM `job_token` [ RunTime:0.0042s ]
SQL: SELECT * FROM `users` WHERE ( email='123@qq.com' AND pwd='123' ) LIMIT 1   [ RunTime:0.0009s ]
SQL: SELECT * FROM `job_token` WHERE `uid` = 1 LIMIT 1   [ RunTime:0.0007s ]
SQL: UPDATE `job_token` SET `id`='1',`token`='c4ca4238a0b923820dcc509a6f75849b6',`edittime`='1469102837' WHERE ( uid=1 ) [ RunTime:0.0007s ]

[ 2016-07-21T20:07:18+08:00 ] ::1 /10/jiekou/tp/Home/list
INFO: [ app_init ] --START--
INFO: Run Behavior\BuildLiteBehavior [ RunTime:0.000014s ]
INFO: [ app_init ] --END-- [ RunTime:0.000744s ]
INFO: [ app_begin ] --START--
INFO: Run Behavior\ReadHtmlCacheBehavior [ RunTime:0.001247s ]
INFO: [ app_begin ] --END-- [ RunTime:0.001301s ]
ERR: SQLSTATE[42S02]: Base table or view not found: 1146 Table '9.inviteinfo' doesn't exist

[ 2016-07-21T20:08:16+08:00 ] ::1 /10/jiekou/tp/Home/Interface/login
INFO: [ app_init ] --START--
INFO: Run Behavior\BuildLiteBehavior [ RunTime:0.000034s ]
INFO: [ app_init ] --END-- [ RunTime:0.000562s ]
INFO: [ app_begin ] --START--
INFO: Run Behavior\ReadHtmlCacheBehavior [ RunTime:0.000934s ]
INFO: [ app_begin ] --END-- [ RunTime:0.001001s ]
SQL: SHOW COLUMNS FROM `users` [ RunTime:0.0070s ]
SQL: SHOW COLUMNS FROM `job_token` [ RunTime:0.0047s ]
SQL: SELECT * FROM `users` WHERE ( email='123@qq.com' AND pwd='123' ) LIMIT 1   [ RunTime:0.0005s ]
SQL: SELECT * FROM `job_token` WHERE `uid` = 1 LIMIT 1   [ RunTime:0.0005s ]
SQL: UPDATE `job_token` SET `id`='1',`token`='c4ca4238a0b923820dcc509a6f75849b14',`edittime`='1469102896' WHERE ( uid=1 ) [ RunTime:0.0008s ]

[ 2016-07-21T20:08:19+08:00 ] ::1 /10/jiekou/tp/Home/list
INFO: [ app_init ] --START--
INFO: Run Behavior\BuildLiteBehavior [ RunTime:0.000012s ]
INFO: [ app_init ] --END-- [ RunTime:0.000521s ]
INFO: [ app_begin ] --START--
INFO: Run Behavior\ReadHtmlCacheBehavior [ RunTime:0.001174s ]
INFO: [ app_begin ] --END-- [ RunTime:0.001265s ]
SQL: SHOW COLUMNS FROM `inviteinfo` [ RunTime:0.0043s ]
SQL: SELECT COUNT(*) AS tp_count FROM `inviteinfo` LIMIT 1   [ RunTime:0.0003s ]
SQL: SELECT * FROM `inviteinfo` LIMIT 0,2   [ RunTime:0.0008s ]
INFO: [ app_end ] --START--
INFO: Run Behavior\ShowPageTraceBehavior [ RunTime:0.032310s ]
INFO: [ app_end ] --END-- [ RunTime:0.032368s ]

[ 2016-07-21T20:12:23+08:00 ] ::1 /10/jiekou/tp/Home/list
INFO: [ app_init ] --START--
INFO: Run Behavior\BuildLiteBehavior [ RunTime:0.000012s ]
INFO: [ app_init ] --END-- [ RunTime:0.000388s ]
INFO: [ app_begin ] --START--
INFO: Run Behavior\ReadHtmlCacheBehavior [ RunTime:0.000626s ]
INFO: [ app_begin ] --END-- [ RunTime:0.000690s ]
SQL: SHOW COLUMNS FROM `inviteinfo` [ RunTime:0.0052s ]
SQL: SELECT COUNT(*) AS tp_count FROM `inviteinfo` LIMIT 1   [ RunTime:0.0004s ]
SQL: SELECT * FROM `inviteinfo` LIMIT 0,2   [ RunTime:0.0008s ]
INFO: [ app_end ] --START--
INFO: Run Behavior\ShowPageTraceBehavior [ RunTime:0.000593s ]
INFO: [ app_end ] --END-- [ RunTime:0.000634s ]

[ 2016-07-21T20:12:59+08:00 ] ::1 /10/jiekou/tp/Home/Interface/login
INFO: [ app_init ] --START--
INFO: Run Behavior\BuildLiteBehavior [ RunTime:0.000013s ]
INFO: [ app_init ] --END-- [ RunTime:0.000448s ]
INFO: [ app_begin ] --START--
INFO: Run Behavior\ReadHtmlCacheBehavior [ RunTime:0.000846s ]
INFO: [ app_begin ] --END-- [ RunTime:0.000907s ]
SQL: SHOW COLUMNS FROM `users` [ RunTime:0.0037s ]
SQL: SHOW COLUMNS FROM `job_token` [ RunTime:0.0036s ]
SQL: SELECT * FROM `users` WHERE ( email='123@qq.com' AND pwd='123' ) LIMIT 1   [ RunTime:0.0004s ]
SQL: SELECT * FROM `job_token` WHERE `uid` = 1 LIMIT 1   [ RunTime:0.0004s ]
SQL: UPDATE `job_token` SET `id`='1',`token`='c4ca4238a0b923820dcc509a6f75849b9',`edittime`='1469103179' WHERE ( uid=1 ) [ RunTime:0.0005s ]

[ 2016-07-21T20:13:00+08:00 ] ::1 /10/jiekou/tp/Home/list
INFO: [ app_init ] --START--
INFO: Run Behavior\BuildLiteBehavior [ RunTime:0.000015s ]
INFO: [ app_init ] --END-- [ RunTime:0.000796s ]
INFO: [ app_begin ] --START--
INFO: Run Behavior\ReadHtmlCacheBehavior [ RunTime:0.000873s ]
INFO: [ app_begin ] --END-- [ RunTime:0.000957s ]
SQL: SHOW COLUMNS FROM `inviteinfo` [ RunTime:0.0048s ]
SQL: SELECT COUNT(*) AS tp_count FROM `inviteinfo` LIMIT 1   [ RunTime:0.0003s ]
SQL: SELECT * FROM `inviteinfo` LIMIT 0,2   [ RunTime:0.0009s ]
INFO: [ app_end ] --START--
INFO: Run Behavior\ShowPageTraceBehavior [ RunTime:0.001728s ]
INFO: [ app_end ] --END-- [ RunTime:0.001784s ]

[ 2016-07-21T20:13:03+08:00 ] ::1 /10/jiekou/tp/Home/list
INFO: [ app_init ] --START--
INFO: Run Behavior\BuildLiteBehavior [ RunTime:0.000019s ]
INFO: [ app_init ] --END-- [ RunTime:0.000889s ]
INFO: [ app_begin ] --START--
INFO: Run Behavior\ReadHtmlCacheBehavior [ RunTime:0.001492s ]
INFO: [ app_begin ] --END-- [ RunTime:0.001602s ]
SQL: SHOW COLUMNS FROM `inviteinfo` [ RunTime:0.0057s ]
SQL: SELECT COUNT(*) AS tp_count FROM `inviteinfo` LIMIT 1   [ RunTime:0.0003s ]
SQL: SELECT * FROM `inviteinfo` LIMIT 0,2   [ RunTime:0.0010s ]
INFO: [ app_end ] --START--
INFO: Run Behavior\ShowPageTraceBehavior [ RunTime:0.000829s ]
INFO: [ app_end ] --END-- [ RunTime:0.000890s ]

[ 2016-07-21T20:13:09+08:00 ] ::1 /10/jiekou/tp/Home/list
INFO: [ app_init ] --START--
INFO: Run Behavior\BuildLiteBehavior [ RunTime:0.000012s ]
INFO: [ app_init ] --END-- [ RunTime:0.000423s ]
INFO: [ app_begin ] --START--
INFO: Run Behavior\ReadHtmlCacheBehavior [ RunTime:0.000491s ]
INFO: [ app_begin ] --END-- [ RunTime:0.000538s ]
SQL: SHOW COLUMNS FROM `inviteinfo` [ RunTime:0.0042s ]
SQL: SELECT COUNT(*) AS tp_count FROM `inviteinfo` LIMIT 1   [ RunTime:0.0003s ]
SQL: SELECT * FROM `inviteinfo` LIMIT 0,2   [ RunTime:0.0008s ]
INFO: [ app_end ] --START--
INFO: Run Behavior\ShowPageTraceBehavior [ RunTime:0.000551s ]
INFO: [ app_end ] --END-- [ RunTime:0.000590s ]

[ 2016-07-21T20:13:12+08:00 ] ::1 /10/jiekou/tp/Home/list
INFO: [ app_init ] --START--
INFO: Run Behavior\BuildLiteBehavior [ RunTime:0.000012s ]
INFO: [ app_init ] --END-- [ RunTime:0.000486s ]
INFO: [ app_begin ] --START--
INFO: Run Behavior\ReadHtmlCacheBehavior [ RunTime:0.000849s ]
INFO: [ app_begin ] --END-- [ RunTime:0.000916s ]
SQL: SHOW COLUMNS FROM `inviteinfo` [ RunTime:0.0055s ]
SQL: SELECT COUNT(*) AS tp_count FROM `inviteinfo` LIMIT 1   [ RunTime:0.0003s ]
SQL: SELECT * FROM `inviteinfo` LIMIT 0,2   [ RunTime:0.0008s ]
INFO: [ app_end ] --START--
INFO: Run Behavior\ShowPageTraceBehavior [ RunTime:0.001036s ]
INFO: [ app_end ] --END-- [ RunTime:0.001084s ]

[ 2016-07-21T20:16:41+08:00 ] ::1 /10/jiekou/tp/Home/list
INFO: [ app_init ] --START--
INFO: Run Behavior\BuildLiteBehavior [ RunTime:0.000016s ]
INFO: [ app_init ] --END-- [ RunTime:0.000501s ]
INFO: [ app_begin ] --START--
INFO: Run Behavior\ReadHtmlCacheBehavior [ RunTime:0.000707s ]
INFO: [ app_begin ] --END-- [ RunTime:0.000790s ]
SQL: SHOW COLUMNS FROM `inviteinfo` [ RunTime:0.0045s ]
SQL: SELECT COUNT(*) AS tp_count FROM `inviteinfo` LIMIT 1   [ RunTime:0.0003s ]
SQL: SELECT * FROM `inviteinfo` LIMIT 0,2   [ RunTime:0.0013s ]
INFO: [ app_end ] --START--
INFO: Run Behavior\ShowPageTraceBehavior [ RunTime:0.000859s ]
INFO: [ app_end ] --END-- [ RunTime:0.000938s ]

[ 2016-07-21T20:16:59+08:00 ] ::1 /10/jiekou/tp/Home/Interface/login
INFO: [ app_init ] --START--
INFO: Run Behavior\BuildLiteBehavior [ RunTime:0.000020s ]
INFO: [ app_init ] --END-- [ RunTime:0.000605s ]
INFO: [ app_begin ] --START--
INFO: Run Behavior\ReadHtmlCacheBehavior [ RunTime:0.000791s ]
INFO: [ app_begin ] --END-- [ RunTime:0.000866s ]
SQL: SHOW COLUMNS FROM `users` [ RunTime:0.0037s ]
SQL: SHOW COLUMNS FROM `job_token` [ RunTime:0.0045s ]
SQL: SELECT * FROM `users` WHERE ( email='123@qq.com' AND pwd='123' ) LIMIT 1   [ RunTime:0.0004s ]
SQL: SELECT * FROM `job_token` WHERE `uid` = 1 LIMIT 1   [ RunTime:0.0004s ]
SQL: UPDATE `job_token` SET `id`='1',`token`='c4ca4238a0b923820dcc509a6f75849b2',`edittime`='1469103419' WHERE ( uid=1 ) [ RunTime:0.0005s ]

[ 2016-07-21T20:17:00+08:00 ] ::1 /10/jiekou/tp/Home/list
INFO: [ app_init ] --START--
INFO: Run Behavior\BuildLiteBehavior [ RunTime:0.000013s ]
INFO: [ app_init ] --END-- [ RunTime:0.000357s ]
INFO: [ app_begin ] --START--
INFO: Run Behavior\ReadHtmlCacheBehavior [ RunTime:0.000827s ]
INFO: [ app_begin ] --END-- [ RunTime:0.000894s ]
SQL: SHOW COLUMNS FROM `inviteinfo` [ RunTime:0.0044s ]
SQL: SELECT COUNT(*) AS tp_count FROM `inviteinfo` LIMIT 1   [ RunTime:0.0004s ]
SQL: SELECT * FROM `inviteinfo` LIMIT 0,2   [ RunTime:0.0009s ]
INFO: [ app_end ] --START--
INFO: Run Behavior\ShowPageTraceBehavior [ RunTime:0.000755s ]
INFO: [ app_end ] --END-- [ RunTime:0.000797s ]

[ 2016-07-21T20:17:05+08:00 ] ::1 /10/jiekou/tp/Home/list
INFO: [ app_init ] --START--
INFO: Run Behavior\BuildLiteBehavior [ RunTime:0.000012s ]
INFO: [ app_init ] --END-- [ RunTime:0.000452s ]
INFO: [ app_begin ] --START--
INFO: Run Behavior\ReadHtmlCacheBehavior [ RunTime:0.000597s ]
INFO: [ app_begin ] --END-- [ RunTime:0.000712s ]
SQL: SHOW COLUMNS FROM `inviteinfo` [ RunTime:0.0050s ]
SQL: SELECT COUNT(*) AS tp_count FROM `inviteinfo` LIMIT 1   [ RunTime:0.0005s ]
SQL: SELECT * FROM `inviteinfo` LIMIT 0,2   [ RunTime:0.0010s ]
INFO: [ app_end ] --START--
INFO: Run Behavior\ShowPageTraceBehavior [ RunTime:0.000602s ]
INFO: [ app_end ] --END-- [ RunTime:0.000642s ]

[ 2016-07-21T20:17:11+08:00 ] ::1 /10/jiekou/tp/Home/list
INFO: [ app_init ] --START--
INFO: Run Behavior\BuildLiteBehavior [ RunTime:0.000021s ]
INFO: [ app_init ] --END-- [ RunTime:0.000796s ]
INFO: [ app_begin ] --START--
INFO: Run Behavior\ReadHtmlCacheBehavior [ RunTime:0.001003s ]
INFO: [ app_begin ] --END-- [ RunTime:0.001079s ]
SQL: SHOW COLUMNS FROM `inviteinfo` [ RunTime:0.0043s ]
SQL: SELECT COUNT(*) AS tp_count FROM `inviteinfo` LIMIT 1   [ RunTime:0.0004s ]
SQL: SELECT * FROM `inviteinfo` LIMIT 0,2   [ RunTime:0.0010s ]
INFO: [ app_end ] --START--
INFO: Run Behavior\ShowPageTraceBehavior [ RunTime:0.000788s ]
INFO: [ app_end ] --END-- [ RunTime:0.000830s ]

[ 2016-07-21T20:19:46+08:00 ] ::1 /10/jiekou/tp/Home/list
INFO: [ app_init ] --START--
INFO: Run Behavior\BuildLiteBehavior [ RunTime:0.000011s ]
INFO: [ app_init ] --END-- [ RunTime:0.000348s ]
INFO: [ app_begin ] --START--
INFO: Run Behavior\ReadHtmlCacheBehavior [ RunTime:0.000492s ]
INFO: [ app_begin ] --END-- [ RunTime:0.000544s ]
SQL: SHOW COLUMNS FROM `inviteinfo` [ RunTime:0.0051s ]
SQL: SELECT COUNT(*) AS tp_count FROM `inviteinfo` LIMIT 1   [ RunTime:0.0003s ]
SQL: SELECT * FROM `inviteinfo` LIMIT 0,2   [ RunTime:0.0008s ]
INFO: [ app_end ] --START--
INFO: Run Behavior\ShowPageTraceBehavior [ RunTime:0.000619s ]
INFO: [ app_end ] --END-- [ RunTime:0.000665s ]

[ 2016-07-21T20:19:56+08:00 ] ::1 /10/jiekou/tp/Home/Interface/login
INFO: [ app_init ] --START--
INFO: Run Behavior\BuildLiteBehavior [ RunTime:0.000074s ]
INFO: [ app_init ] --END-- [ RunTime:0.002417s ]
INFO: [ app_begin ] --START--
INFO: Run Behavior\ReadHtmlCacheBehavior [ RunTime:0.002595s ]
INFO: [ app_begin ] --END-- [ RunTime:0.002687s ]
SQL: SHOW COLUMNS FROM `users` [ RunTime:0.0037s ]
SQL: SHOW COLUMNS FROM `job_token` [ RunTime:0.0046s ]
SQL: SELECT * FROM `users` WHERE ( email='123@qq.com' AND pwd='123' ) LIMIT 1   [ RunTime:0.0004s ]
SQL: SELECT * FROM `job_token` WHERE `uid` = 1 LIMIT 1   [ RunTime:0.0004s ]
SQL: UPDATE `job_token` SET `id`='1',`token`='c4ca4238a0b923820dcc509a6f75849b13',`edittime`='1469103596' WHERE ( uid=1 ) [ RunTime:0.0005s ]

[ 2016-07-21T20:19:57+08:00 ] ::1 /10/jiekou/tp/Home/list
INFO: [ app_init ] --START--
INFO: Run Behavior\BuildLiteBehavior [ RunTime:0.000016s ]
INFO: [ app_init ] --END-- [ RunTime:0.000642s ]
INFO: [ app_begin ] --START--
INFO: Run Behavior\ReadHtmlCacheBehavior [ RunTime:0.000748s ]
INFO: [ app_begin ] --END-- [ RunTime:0.000836s ]
SQL: SHOW COLUMNS FROM `inviteinfo` [ RunTime:0.0048s ]
SQL: SELECT COUNT(*) AS tp_count FROM `inviteinfo` LIMIT 1   [ RunTime:0.0004s ]
SQL: SELECT * FROM `inviteinfo` LIMIT 0,2   [ RunTime:0.0008s ]
INFO: [ app_end ] --START--
INFO: Run Behavior\ShowPageTraceBehavior [ RunTime:0.000878s ]
INFO: [ app_end ] --END-- [ RunTime:0.000923s ]

[ 2016-07-21T20:20:04+08:00 ] ::1 /10/jiekou/tp/Home/list
INFO: [ app_init ] --START--
INFO: Run Behavior\BuildLiteBehavior [ RunTime:0.000012s ]
INFO: [ app_init ] --END-- [ RunTime:0.000371s ]
INFO: [ app_begin ] --START--
INFO: Run Behavior\ReadHtmlCacheBehavior [ RunTime:0.000727s ]
INFO: [ app_begin ] --END-- [ RunTime:0.000809s ]
SQL: SHOW COLUMNS FROM `inviteinfo` [ RunTime:0.0042s ]
SQL: SELECT COUNT(*) AS tp_count FROM `inviteinfo` LIMIT 1   [ RunTime:0.0003s ]
SQL: SELECT * FROM `inviteinfo` LIMIT 0,2   [ RunTime:0.0007s ]
INFO: [ app_end ] --START--
INFO: Run Behavior\ShowPageTraceBehavior [ RunTime:0.000811s ]
INFO: [ app_end ] --END-- [ RunTime:0.000926s ]

[ 2016-07-21T20:20:30+08:00 ] ::1 /10/jiekou/tp/Home/Interface/login
INFO: [ app_init ] --START--
INFO: Run Behavior\BuildLiteBehavior [ RunTime:0.000013s ]
INFO: [ app_init ] --END-- [ RunTime:0.000373s ]
INFO: [ app_begin ] --START--
INFO: Run Behavior\ReadHtmlCacheBehavior [ RunTime:0.000554s ]
INFO: [ app_begin ] --END-- [ RunTime:0.000621s ]
SQL: SHOW COLUMNS FROM `users` [ RunTime:0.0072s ]
SQL: SHOW COLUMNS FROM `job_token` [ RunTime:0.0038s ]
SQL: SELECT * FROM `users` WHERE ( email='836575675@qq.com' AND pwd='456' ) LIMIT 1   [ RunTime:0.0005s ]
SQL: SELECT * FROM `job_token` WHERE `uid` = 3 LIMIT 1   [ RunTime:0.0004s ]
SQL: INSERT INTO `job_token` (`id`,`uid`,`token`,`edittime`) VALUES ('3','3','eccbc87e4b5ce2fe28308fd9f2a7baf35','1469103630') [ RunTime:0.0004s ]

[ 2016-07-21T20:20:32+08:00 ] ::1 /10/jiekou/tp/Home/list
INFO: [ app_init ] --START--
INFO: Run Behavior\BuildLiteBehavior [ RunTime:0.000012s ]
INFO: [ app_init ] --END-- [ RunTime:0.000370s ]
INFO: [ app_begin ] --START--
INFO: Run Behavior\ReadHtmlCacheBehavior [ RunTime:0.000614s ]
INFO: [ app_begin ] --END-- [ RunTime:0.000670s ]
SQL: SHOW COLUMNS FROM `inviteinfo` [ RunTime:0.0042s ]
SQL: SELECT COUNT(*) AS tp_count FROM `inviteinfo` LIMIT 1   [ RunTime:0.0003s ]
SQL: SELECT * FROM `inviteinfo` LIMIT 0,2   [ RunTime:0.0007s ]
INFO: [ app_end ] --START--
INFO: Run Behavior\ShowPageTraceBehavior [ RunTime:0.002258s ]
INFO: [ app_end ] --END-- [ RunTime:0.002323s ]

[ 2016-07-21T20:21:04+08:00 ] ::1 /10/jiekou/tp/Home/Interface/login
INFO: [ app_init ] --START--
INFO: Run Behavior\BuildLiteBehavior [ RunTime:0.000013s ]
INFO: [ app_init ] --END-- [ RunTime:0.000627s ]
INFO: [ app_begin ] --START--
INFO: Run Behavior\ReadHtmlCacheBehavior [ RunTime:0.000715s ]
INFO: [ app_begin ] --END-- [ RunTime:0.000765s ]
SQL: SHOW COLUMNS FROM `users` [ RunTime:0.0039s ]
SQL: SHOW COLUMNS FROM `job_token` [ RunTime:0.0040s ]
SQL: SELECT * FROM `users` WHERE ( email='836575675@qq.com' AND pwd='456' ) LIMIT 1   [ RunTime:0.0005s ]
SQL: SELECT * FROM `job_token` WHERE `uid` = 3 LIMIT 1   [ RunTime:0.0005s ]
SQL: UPDATE `job_token` SET `id`='3',`token`='eccbc87e4b5ce2fe28308fd9f2a7baf33',`edittime`='1469103664' WHERE ( uid=3 ) [ RunTime:0.0006s ]

[ 2016-07-21T20:21:05+08:00 ] ::1 /10/jiekou/tp/Home/list
INFO: [ app_init ] --START--
INFO: Run Behavior\BuildLiteBehavior [ RunTime:0.000022s ]
INFO: [ app_init ] --END-- [ RunTime:0.000509s ]
INFO: [ app_begin ] --START--
INFO: Run Behavior\ReadHtmlCacheBehavior [ RunTime:0.000605s ]
INFO: [ app_begin ] --END-- [ RunTime:0.000653s ]
SQL: SHOW COLUMNS FROM `inviteinfo` [ RunTime:0.0054s ]
SQL: SELECT COUNT(*) AS tp_count FROM `inviteinfo` LIMIT 1   [ RunTime:0.0004s ]
SQL: SELECT * FROM `inviteinfo` LIMIT 0,2   [ RunTime:0.0010s ]
INFO: [ app_end ] --START--
INFO: Run Behavior\ShowPageTraceBehavior [ RunTime:0.000771s ]
INFO: [ app_end ] --END-- [ RunTime:0.000815s ]

[ 2016-07-21T20:23:19+08:00 ] ::1 /10/jiekou/tp/Home/list
INFO: [ app_init ] --START--
INFO: Run Behavior\BuildLiteBehavior [ RunTime:0.000014s ]
INFO: [ app_init ] --END-- [ RunTime:0.000521s ]
INFO: [ app_begin ] --START--
INFO: Run Behavior\ReadHtmlCacheBehavior [ RunTime:0.000753s ]
INFO: [ app_begin ] --END-- [ RunTime:0.001237s ]
SQL: SHOW COLUMNS FROM `inviteinfo` [ RunTime:0.0052s ]
SQL: SELECT COUNT(*) AS tp_count FROM `inviteinfo` LIMIT 1   [ RunTime:0.0003s ]
SQL: SELECT * FROM `inviteinfo` LIMIT 0,2   [ RunTime:0.0008s ]
INFO: [ app_end ] --START--
INFO: Run Behavior\ShowPageTraceBehavior [ RunTime:0.000744s ]
INFO: [ app_end ] --END-- [ RunTime:0.000786s ]

[ 2016-07-21T20:23:28+08:00 ] ::1 /10/jiekou/tp/Home/Interface/login
INFO: [ app_init ] --START--
INFO: Run Behavior\BuildLiteBehavior [ RunTime:0.000013s ]
INFO: [ app_init ] --END-- [ RunTime:0.000372s ]
INFO: [ app_begin ] --START--
INFO: Run Behavior\ReadHtmlCacheBehavior [ RunTime:0.000867s ]
INFO: [ app_begin ] --END-- [ RunTime:0.000968s ]
SQL: SHOW COLUMNS FROM `users` [ RunTime:0.0040s ]
SQL: SHOW COLUMNS FROM `job_token` [ RunTime:0.0043s ]
SQL: SELECT * FROM `users` WHERE ( email='123@qq.com' AND pwd='123' ) LIMIT 1   [ RunTime:0.0004s ]
SQL: SELECT * FROM `job_token` WHERE `uid` = 1 LIMIT 1   [ RunTime:0.0004s ]

[ 2016-07-21T20:23:39+08:00 ] ::1 /10/jiekou/tp/Home/Interface/login
INFO: [ app_init ] --START--
INFO: Run Behavior\BuildLiteBehavior [ RunTime:0.000021s ]
INFO: [ app_init ] --END-- [ RunTime:0.000710s ]
INFO: [ app_begin ] --START--
INFO: Run Behavior\ReadHtmlCacheBehavior [ RunTime:0.001480s ]
INFO: [ app_begin ] --END-- [ RunTime:0.001595s ]
SQL: SHOW COLUMNS FROM `users` [ RunTime:0.0077s ]
SQL: SHOW COLUMNS FROM `job_token` [ RunTime:0.0054s ]
SQL: SELECT * FROM `users` WHERE ( email='123@qq.com' AND pwd='123' ) LIMIT 1   [ RunTime:0.0007s ]
SQL: SELECT * FROM `job_token` WHERE `uid` = 1 LIMIT 1   [ RunTime:0.0006s ]

[ 2016-07-21T20:23:44+08:00 ] ::1 /10/jiekou/tp/Home/Interface/login
INFO: [ app_init ] --START--
INFO: Run Behavior\BuildLiteBehavior [ RunTime:0.000020s ]
INFO: [ app_init ] --END-- [ RunTime:0.000476s ]
INFO: [ app_begin ] --START--
INFO: Run Behavior\ReadHtmlCacheBehavior [ RunTime:0.000685s ]
INFO: [ app_begin ] --END-- [ RunTime:0.000743s ]
SQL: SHOW COLUMNS FROM `users` [ RunTime:0.0038s ]
SQL: SHOW COLUMNS FROM `job_token` [ RunTime:0.0042s ]
SQL: SELECT * FROM `users` WHERE ( email='123@qq.com' AND pwd='123' ) LIMIT 1   [ RunTime:0.0004s ]
SQL: SELECT * FROM `job_token` WHERE `uid` = 1 LIMIT 1   [ RunTime:0.0005s ]

[ 2016-07-21T20:24:33+08:00 ] ::1 /10/jiekou/tp/Home/Interface/login
INFO: [ app_init ] --START--
INFO: Run Behavior\BuildLiteBehavior [ RunTime:0.000016s ]
INFO: [ app_init ] --END-- [ RunTime:0.000708s ]
INFO: [ app_begin ] --START--
INFO: Run Behavior\ReadHtmlCacheBehavior [ RunTime:0.000821s ]
INFO: [ app_begin ] --END-- [ RunTime:0.000898s ]
SQL: SHOW COLUMNS FROM `users` [ RunTime:0.0044s ]
SQL: SHOW COLUMNS FROM `job_token` [ RunTime:0.0044s ]
SQL: SELECT * FROM `users` WHERE ( email='123@qq.com' AND pwd='123' ) LIMIT 1   [ RunTime:0.0005s ]
SQL: SELECT * FROM `job_token` WHERE `uid` = 1 LIMIT 1   [ RunTime:0.0004s ]

[ 2016-07-21T20:25:31+08:00 ] ::1 /10/jiekou/tp/Home/Interface/login
INFO: [ app_init ] --START--
INFO: Run Behavior\BuildLiteBehavior [ RunTime:0.000012s ]
INFO: [ app_init ] --END-- [ RunTime:0.000504s ]
INFO: [ app_begin ] --START--
INFO: Run Behavior\ReadHtmlCacheBehavior [ RunTime:0.001176s ]
INFO: [ app_begin ] --END-- [ RunTime:0.001253s ]
SQL: SHOW COLUMNS FROM `users` [ RunTime:0.0048s ]
SQL: SHOW COLUMNS FROM `job_token` [ RunTime:0.0038s ]
SQL: SELECT * FROM `users` WHERE ( email='123@qq.com' AND pwd='123' ) LIMIT 1   [ RunTime:0.0004s ]
SQL: SELECT * FROM `job_token` WHERE `uid` = 1 LIMIT 1   [ RunTime:0.0004s ]

[ 2016-07-21T20:26:09+08:00 ] ::1 /10/jiekou/tp/Home/Interface/login
INFO: [ app_init ] --START--
INFO: Run Behavior\BuildLiteBehavior [ RunTime:0.000013s ]
INFO: [ app_init ] --END-- [ RunTime:0.000385s ]
INFO: [ app_begin ] --START--
INFO: Run Behavior\ReadHtmlCacheBehavior [ RunTime:0.000882s ]
INFO: [ app_begin ] --END-- [ RunTime:0.000952s ]
SQL: SHOW COLUMNS FROM `users` [ RunTime:0.0042s ]
SQL: SHOW COLUMNS FROM `job_token` [ RunTime:0.0042s ]
SQL: SELECT * FROM `users` WHERE ( email='123@qq.com' AND pwd='123' ) LIMIT 1   [ RunTime:0.0007s ]
SQL: SELECT * FROM `job_token` WHERE `uid` = 1 LIMIT 1   [ RunTime:0.0006s ]

[ 2016-07-21T20:26:20+08:00 ] ::1 /10/jiekou/tp/Home/Interface/login
INFO: [ app_init ] --START--
INFO: Run Behavior\BuildLiteBehavior [ RunTime:0.000012s ]
INFO: [ app_init ] --END-- [ RunTime:0.000398s ]
INFO: [ app_begin ] --START--
INFO: Run Behavior\ReadHtmlCacheBehavior [ RunTime:0.000683s ]
INFO: [ app_begin ] --END-- [ RunTime:0.000739s ]
SQL: SHOW COLUMNS FROM `users` [ RunTime:0.0043s ]
SQL: SHOW COLUMNS FROM `job_token` [ RunTime:0.0051s ]
SQL: SELECT * FROM `users` WHERE ( email='123@qq.com' AND pwd='123' ) LIMIT 1   [ RunTime:0.0004s ]
SQL: SELECT * FROM `job_token` WHERE `uid` = 1 LIMIT 1   [ RunTime:0.0004s ]

[ 2016-07-21T20:26:53+08:00 ] ::1 /10/jiekou/tp/Home/Interface/login
INFO: [ app_init ] --START--
INFO: Run Behavior\BuildLiteBehavior [ RunTime:0.000274s ]
INFO: [ app_init ] --END-- [ RunTime:0.001804s ]
INFO: [ app_begin ] --START--
INFO: Run Behavior\ReadHtmlCacheBehavior [ RunTime:0.001751s ]
INFO: [ app_begin ] --END-- [ RunTime:0.001833s ]
SQL: SHOW COLUMNS FROM `users` [ RunTime:0.0040s ]
SQL: SHOW COLUMNS FROM `job_token` [ RunTime:0.0036s ]
SQL: SELECT * FROM `users` WHERE ( email='123@qq.com' AND pwd='123' ) LIMIT 1   [ RunTime:0.0004s ]
SQL: SELECT * FROM `job_token` WHERE `uid` = 1 LIMIT 1   [ RunTime:0.0004s ]
SQL: UPDATE `job_token` SET `id`='1',`token`='c4ca4238a0b923820dcc509a6f75849b9',`edittime`='1469104013' WHERE ( uid=1 ) [ RunTime:0.0006s ]

[ 2016-07-21T20:26:54+08:00 ] ::1 /10/jiekou/tp/Home/list
INFO: [ app_init ] --START--
INFO: Run Behavior\BuildLiteBehavior [ RunTime:0.000011s ]
INFO: [ app_init ] --END-- [ RunTime:0.000526s ]
INFO: [ app_begin ] --START--
INFO: Run Behavior\ReadHtmlCacheBehavior [ RunTime:0.001057s ]
INFO: [ app_begin ] --END-- [ RunTime:0.001140s ]
SQL: SHOW COLUMNS FROM `inviteinfo` [ RunTime:0.0047s ]
SQL: SELECT COUNT(*) AS tp_count FROM `inviteinfo` LIMIT 1   [ RunTime:0.0003s ]
SQL: SELECT * FROM `inviteinfo` LIMIT 0,2   [ RunTime:0.0008s ]
INFO: [ app_end ] --START--
INFO: Run Behavior\ShowPageTraceBehavior [ RunTime:0.001174s ]
INFO: [ app_end ] --END-- [ RunTime:0.001217s ]

[ 2016-07-21T20:27:41+08:00 ] ::1 /10/jiekou/tp/Home/list
INFO: [ app_init ] --START--
INFO: Run Behavior\BuildLiteBehavior [ RunTime:0.000018s ]
INFO: [ app_init ] --END-- [ RunTime:0.000429s ]
INFO: [ app_begin ] --START--
INFO: Run Behavior\ReadHtmlCacheBehavior [ RunTime:0.000800s ]
INFO: [ app_begin ] --END-- [ RunTime:0.000869s ]
SQL: SHOW COLUMNS FROM `inviteinfo` [ RunTime:0.0046s ]
SQL: SELECT COUNT(*) AS tp_count FROM `inviteinfo` LIMIT 1   [ RunTime:0.0003s ]
SQL: SELECT * FROM `inviteinfo` LIMIT 0,2   [ RunTime:0.0008s ]
INFO: [ app_end ] --START--
INFO: Run Behavior\ShowPageTraceBehavior [ RunTime:0.000625s ]
INFO: [ app_end ] --END-- [ RunTime:0.000677s ]

[ 2016-07-21T20:27:55+08:00 ] ::1 /10/jiekou/tp/Home/Interface/login
INFO: [ app_init ] --START--
INFO: Run Behavior\BuildLiteBehavior [ RunTime:0.000012s ]
INFO: [ app_init ] --END-- [ RunTime:0.000413s ]
INFO: [ app_begin ] --START--
INFO: Run Behavior\ReadHtmlCacheBehavior [ RunTime:0.001290s ]
INFO: [ app_begin ] --END-- [ RunTime:0.001354s ]
SQL: SHOW COLUMNS FROM `users` [ RunTime:0.0049s ]
SQL: SHOW COLUMNS FROM `job_token` [ RunTime:0.0043s ]
SQL: SELECT * FROM `users` WHERE ( email='123@qq.com' AND pwd='123' ) LIMIT 1   [ RunTime:0.0012s ]
SQL: SELECT * FROM `job_token` WHERE `uid` = 1 LIMIT 1   [ RunTime:0.0015s ]
SQL: UPDATE `job_token` SET `id`='1',`token`='c4ca4238a0b923820dcc509a6f75849b13',`edittime`='1469104075' WHERE ( uid=1 ) [ RunTime:0.0005s ]

[ 2016-07-21T20:27:57+08:00 ] ::1 /10/jiekou/tp/Home/list
INFO: [ app_init ] --START--
INFO: Run Behavior\BuildLiteBehavior [ RunTime:0.000014s ]
INFO: [ app_init ] --END-- [ RunTime:0.000553s ]
INFO: [ app_begin ] --START--
INFO: Run Behavior\ReadHtmlCacheBehavior [ RunTime:0.000769s ]
INFO: [ app_begin ] --END-- [ RunTime:0.000832s ]
SQL: SHOW COLUMNS FROM `inviteinfo` [ RunTime:0.0174s ]
SQL: SELECT COUNT(*) AS tp_count FROM `inviteinfo` LIMIT 1   [ RunTime:0.0005s ]
SQL: SELECT * FROM `inviteinfo` LIMIT 0,2   [ RunTime:0.0011s ]
INFO: [ app_end ] --START--
INFO: Run Behavior\ShowPageTraceBehavior [ RunTime:0.001158s ]
INFO: [ app_end ] --END-- [ RunTime:0.001225s ]

[ 2016-07-21T20:28:03+08:00 ] ::1 /10/jiekou/tp/Home/list
INFO: [ app_init ] --START--
INFO: Run Behavior\BuildLiteBehavior [ RunTime:0.000039s ]
INFO: [ app_init ] --END-- [ RunTime:0.000579s ]
INFO: [ app_begin ] --START--
INFO: Run Behavior\ReadHtmlCacheBehavior [ RunTime:0.000611s ]
INFO: [ app_begin ] --END-- [ RunTime:0.000677s ]
SQL: SHOW COLUMNS FROM `inviteinfo` [ RunTime:0.0045s ]
SQL: SELECT COUNT(*) AS tp_count FROM `inviteinfo` LIMIT 1   [ RunTime:0.0003s ]
SQL: SELECT * FROM `inviteinfo` LIMIT 0,2   [ RunTime:0.0008s ]
INFO: [ app_end ] --START--
INFO: Run Behavior\ShowPageTraceBehavior [ RunTime:0.000775s ]
INFO: [ app_end ] --END-- [ RunTime:0.000824s ]

[ 2016-07-21T20:28:07+08:00 ] ::1 /10/jiekou/tp/Home/list
INFO: [ app_init ] --START--
INFO: Run Behavior\BuildLiteBehavior [ RunTime:0.000012s ]
INFO: [ app_init ] --END-- [ RunTime:0.000361s ]
INFO: [ app_begin ] --START--
INFO: Run Behavior\ReadHtmlCacheBehavior [ RunTime:0.000545s ]
INFO: [ app_begin ] --END-- [ RunTime:0.000592s ]
SQL: SHOW COLUMNS FROM `inviteinfo` [ RunTime:0.0043s ]
SQL: SELECT COUNT(*) AS tp_count FROM `inviteinfo` LIMIT 1   [ RunTime:0.0003s ]
SQL: SELECT * FROM `inviteinfo` LIMIT 0,2   [ RunTime:0.0008s ]
INFO: [ app_end ] --START--
INFO: Run Behavior\ShowPageTraceBehavior [ RunTime:0.000606s ]
INFO: [ app_end ] --END-- [ RunTime:0.000646s ]

[ 2016-07-21T20:28:08+08:00 ] ::1 /10/jiekou/tp/Home/list
INFO: [ app_init ] --START--
INFO: Run Behavior\BuildLiteBehavior [ RunTime:0.000012s ]
INFO: [ app_init ] --END-- [ RunTime:0.000435s ]
INFO: [ app_begin ] --START--
INFO: Run Behavior\ReadHtmlCacheBehavior [ RunTime:0.000703s ]
INFO: [ app_begin ] --END-- [ RunTime:0.000784s ]
SQL: SHOW COLUMNS FROM `inviteinfo` [ RunTime:0.0049s ]
SQL: SELECT COUNT(*) AS tp_count FROM `inviteinfo` LIMIT 1   [ RunTime:0.0005s ]
SQL: SELECT * FROM `inviteinfo` LIMIT 0,2   [ RunTime:0.0009s ]
INFO: [ app_end ] --START--
INFO: Run Behavior\ShowPageTraceBehavior [ RunTime:0.000732s ]
INFO: [ app_end ] --END-- [ RunTime:0.000772s ]

[ 2016-07-21T20:38:36+08:00 ] ::1 /10/jiekou/tp/Home/Interface/login
INFO: [ app_init ] --START--
INFO: Run Behavior\BuildLiteBehavior [ RunTime:0.000026s ]
INFO: [ app_init ] --END-- [ RunTime:0.000821s ]
INFO: [ app_begin ] --START--
INFO: Run Behavior\ReadHtmlCacheBehavior [ RunTime:0.001061s ]
INFO: [ app_begin ] --END-- [ RunTime:0.001147s ]
SQL: SHOW COLUMNS FROM `users` [ RunTime:0.0044s ]
SQL: SHOW COLUMNS FROM `job_token` [ RunTime:0.0047s ]
SQL: SELECT * FROM `users` WHERE ( email='123@qq.com' AND pwd='123' ) LIMIT 1   [ RunTime:0.0006s ]
SQL: SELECT * FROM `job_token` WHERE `uid` = 1 LIMIT 1   [ RunTime:0.0005s ]
SQL: UPDATE `job_token` SET `id`='1',`token`='c4ca4238a0b923820dcc509a6f75849b5',`edittime`='1469104716' WHERE ( uid=1 ) [ RunTime:0.0007s ]

[ 2016-07-21T20:38:38+08:00 ] ::1 /10/jiekou/tp/Home/list
INFO: [ app_init ] --START--
INFO: Run Behavior\BuildLiteBehavior [ RunTime:0.000046s ]
INFO: [ app_init ] --END-- [ RunTime:0.000732s ]
INFO: [ app_begin ] --START--
INFO: Run Behavior\ReadHtmlCacheBehavior [ RunTime:0.001283s ]
INFO: [ app_begin ] --END-- [ RunTime:0.001372s ]
SQL: SHOW COLUMNS FROM `inviteinfo` [ RunTime:0.0369s ]
SQL: SELECT COUNT(*) AS tp_count FROM `inviteinfo` LIMIT 1   [ RunTime:0.0007s ]
SQL: SELECT * FROM `inviteinfo` LIMIT 0,2   [ RunTime:0.0023s ]
INFO: [ app_end ] --START--
INFO: Run Behavior\ShowPageTraceBehavior [ RunTime:0.001137s ]
INFO: [ app_end ] --END-- [ RunTime:0.001217s ]

[ 2016-07-21T20:39:10+08:00 ] ::1 /10/jiekou/tp/Home/list
INFO: [ app_init ] --START--
INFO: Run Behavior\BuildLiteBehavior [ RunTime:0.000023s ]
INFO: [ app_init ] --END-- [ RunTime:0.000504s ]
INFO: [ app_begin ] --START--
INFO: Run Behavior\ReadHtmlCacheBehavior [ RunTime:0.000832s ]
INFO: [ app_begin ] --END-- [ RunTime:0.000913s ]
SQL: SHOW COLUMNS FROM `inviteinfo` [ RunTime:0.0053s ]
SQL: SELECT COUNT(*) AS tp_count FROM `inviteinfo` LIMIT 1   [ RunTime:0.0004s ]
SQL: SELECT * FROM `inviteinfo` LIMIT 0,2   [ RunTime:0.0007s ]
INFO: [ app_end ] --START--
INFO: Run Behavior\ShowPageTraceBehavior [ RunTime:0.000685s ]
INFO: [ app_end ] --END-- [ RunTime:0.000725s ]

[ 2016-07-21T20:39:21+08:00 ] ::1 /10/jiekou/tp/Home/list
INFO: [ app_init ] --START--
INFO: Run Behavior\BuildLiteBehavior [ RunTime:0.000012s ]
INFO: [ app_init ] --END-- [ RunTime:0.000349s ]
INFO: [ app_begin ] --START--
INFO: Run Behavior\ReadHtmlCacheBehavior [ RunTime:0.001178s ]
INFO: [ app_begin ] --END-- [ RunTime:0.001256s ]
SQL: SHOW COLUMNS FROM `inviteinfo` [ RunTime:0.0045s ]
SQL: SELECT COUNT(*) AS tp_count FROM `inviteinfo` LIMIT 1   [ RunTime:0.0009s ]
SQL: SELECT * FROM `inviteinfo` LIMIT 0,2   [ RunTime:0.0010s ]
INFO: [ app_end ] --START--
INFO: Run Behavior\ShowPageTraceBehavior [ RunTime:0.000694s ]
INFO: [ app_end ] --END-- [ RunTime:0.000735s ]

[ 2016-07-21T20:39:30+08:00 ] ::1 /10/jiekou/tp/Home/Interface/login
INFO: [ app_init ] --START--
INFO: Run Behavior\BuildLiteBehavior [ RunTime:0.000014s ]
INFO: [ app_init ] --END-- [ RunTime:0.000483s ]
INFO: [ app_begin ] --START--
INFO: Run Behavior\ReadHtmlCacheBehavior [ RunTime:0.000726s ]
INFO: [ app_begin ] --END-- [ RunTime:0.000785s ]
SQL: SHOW COLUMNS FROM `users` [ RunTime:0.0041s ]
SQL: SHOW COLUMNS FROM `job_token` [ RunTime:0.0038s ]
SQL: SELECT * FROM `users` WHERE ( email='123@qq.com' AND pwd='123' ) LIMIT 1   [ RunTime:0.0004s ]
SQL: SELECT * FROM `job_token` WHERE `uid` = 1 LIMIT 1   [ RunTime:0.0007s ]
SQL: UPDATE `job_token` SET `id`='1',`token`='c4ca4238a0b923820dcc509a6f75849b18',`edittime`='1469104770' WHERE ( uid=1 ) [ RunTime:0.0007s ]

[ 2016-07-21T20:39:31+08:00 ] ::1 /10/jiekou/tp/Home/list
INFO: [ app_init ] --START--
INFO: Run Behavior\BuildLiteBehavior [ RunTime:0.000012s ]
INFO: [ app_init ] --END-- [ RunTime:0.000365s ]
INFO: [ app_begin ] --START--
INFO: Run Behavior\ReadHtmlCacheBehavior [ RunTime:0.000658s ]
INFO: [ app_begin ] --END-- [ RunTime:0.000720s ]
SQL: SHOW COLUMNS FROM `inviteinfo` [ RunTime:0.0061s ]
SQL: SELECT COUNT(*) AS tp_count FROM `inviteinfo` LIMIT 1   [ RunTime:0.0005s ]
SQL: SELECT * FROM `inviteinfo` LIMIT 0,2   [ RunTime:0.0023s ]
INFO: [ app_end ] --START--
INFO: Run Behavior\ShowPageTraceBehavior [ RunTime:0.000852s ]
INFO: [ app_end ] --END-- [ RunTime:0.000911s ]

[ 2016-07-21T20:40:31+08:00 ] ::1 /10/jiekou/tp/Home/Interface/login
INFO: [ app_init ] --START--
INFO: Run Behavior\BuildLiteBehavior [ RunTime:0.000012s ]
INFO: [ app_init ] --END-- [ RunTime:0.000389s ]
INFO: [ app_begin ] --START--
INFO: Run Behavior\ReadHtmlCacheBehavior [ RunTime:0.000649s ]
INFO: [ app_begin ] --END-- [ RunTime:0.000695s ]
SQL: SHOW COLUMNS FROM `users` [ RunTime:0.0038s ]
SQL: SHOW COLUMNS FROM `job_token` [ RunTime:0.0041s ]
SQL: SELECT * FROM `users` WHERE ( email='123@qq.com' AND pwd='123' ) LIMIT 1   [ RunTime:0.0005s ]
SQL: SELECT * FROM `job_token` WHERE `uid` = 1 LIMIT 1   [ RunTime:0.0005s ]
SQL: UPDATE `job_token` SET `id`='1',`token`='c4ca4238a0b923820dcc509a6f75849b11',`edittime`='1469104831' WHERE ( uid=1 ) [ RunTime:0.0004s ]

[ 2016-07-21T20:41:03+08:00 ] ::1 /10/jiekou/tp/Home/Interface/login
INFO: [ app_init ] --START--
INFO: Run Behavior\BuildLiteBehavior [ RunTime:0.000045s ]
INFO: [ app_init ] --END-- [ RunTime:0.000605s ]
INFO: [ app_begin ] --START--
INFO: Run Behavior\ReadHtmlCacheBehavior [ RunTime:0.000851s ]
INFO: [ app_begin ] --END-- [ RunTime:0.000913s ]
SQL: SHOW COLUMNS FROM `users` [ RunTime:0.0049s ]
SQL: SHOW COLUMNS FROM `job_token` [ RunTime:0.0046s ]
SQL: SELECT * FROM `users` WHERE ( email='123@qq.com' AND pwd='123' ) LIMIT 1   [ RunTime:0.0005s ]
SQL: SELECT * FROM `job_token` WHERE `uid` = 1 LIMIT 1   [ RunTime:0.0004s ]
SQL: UPDATE `job_token` SET `id`='1',`token`='c4ca4238a0b923820dcc509a6f75849b13',`edittime`='1469104863' WHERE ( uid=1 ) [ RunTime:0.0005s ]

[ 2016-07-21T20:41:07+08:00 ] ::1 /10/jiekou/tp/Home/Interface/login
INFO: [ app_init ] --START--
INFO: Run Behavior\BuildLiteBehavior [ RunTime:0.000012s ]
INFO: [ app_init ] --END-- [ RunTime:0.000419s ]
INFO: [ app_begin ] --START--
INFO: Run Behavior\ReadHtmlCacheBehavior [ RunTime:0.000587s ]
INFO: [ app_begin ] --END-- [ RunTime:0.000634s ]
SQL: SHOW COLUMNS FROM `users` [ RunTime:0.0036s ]
SQL: SHOW COLUMNS FROM `job_token` [ RunTime:0.0036s ]
SQL: SELECT * FROM `users` WHERE ( email='123@qq.com' AND pwd='123' ) LIMIT 1   [ RunTime:0.0006s ]
SQL: SELECT * FROM `job_token` WHERE `uid` = 1 LIMIT 1   [ RunTime:0.0007s ]
SQL: UPDATE `job_token` SET `id`='1',`token`='c4ca4238a0b923820dcc509a6f75849b7',`edittime`='1469104867' WHERE ( uid=1 ) [ RunTime:0.0006s ]

[ 2016-07-21T20:43:46+08:00 ] ::1 /10/jiekou/tp/Home/Interface/login
INFO: [ app_init ] --START--
INFO: Run Behavior\BuildLiteBehavior [ RunTime:0.000011s ]
INFO: [ app_init ] --END-- [ RunTime:0.000359s ]
INFO: [ app_begin ] --START--
INFO: Run Behavior\ReadHtmlCacheBehavior [ RunTime:0.000707s ]
INFO: [ app_begin ] --END-- [ RunTime:0.000759s ]
SQL: SHOW COLUMNS FROM `users` [ RunTime:0.0045s ]
SQL: SHOW COLUMNS FROM `job_token` [ RunTime:0.0038s ]
SQL: SELECT * FROM `users` WHERE ( email='123@qq.com' AND pwd='123' ) LIMIT 1   [ RunTime:0.0004s ]
SQL: SELECT * FROM `job_token` WHERE `uid` = 1 LIMIT 1   [ RunTime:0.0004s ]
SQL: UPDATE `job_token` SET `id`='1',`token`='c4ca4238a0b923820dcc509a6f75849b18',`edittime`='1469105026' WHERE ( uid=1 ) [ RunTime:0.0005s ]

[ 2016-07-21T20:44:06+08:00 ] ::1 /10/jiekou/tp/Home/Interface/login
INFO: [ app_init ] --START--
INFO: Run Behavior\BuildLiteBehavior [ RunTime:0.000053s ]
INFO: [ app_init ] --END-- [ RunTime:0.002293s ]
INFO: [ app_begin ] --START--
INFO: Run Behavior\ReadHtmlCacheBehavior [ RunTime:0.001238s ]
INFO: [ app_begin ] --END-- [ RunTime:0.001336s ]
SQL: SHOW COLUMNS FROM `users` [ RunTime:0.0039s ]
SQL: SHOW COLUMNS FROM `job_token` [ RunTime:0.0037s ]
SQL: SELECT * FROM `users` WHERE ( email='123@qq.com' AND pwd='123' ) LIMIT 1   [ RunTime:0.0005s ]
SQL: SELECT * FROM `job_token` WHERE `uid` = 1 LIMIT 1   [ RunTime:0.0005s ]
SQL: UPDATE `job_token` SET `id`='1',`token`='c4ca4238a0b923820dcc509a6f75849b9',`edittime`='1469105046' WHERE ( uid=1 ) [ RunTime:0.0006s ]

[ 2016-07-21T20:44:46+08:00 ] ::1 /10/jiekou/tp/Home/Interface/login
INFO: [ app_init ] --START--
INFO: Run Behavior\BuildLiteBehavior [ RunTime:0.000011s ]
INFO: [ app_init ] --END-- [ RunTime:0.000344s ]
INFO: [ app_begin ] --START--
INFO: Run Behavior\ReadHtmlCacheBehavior [ RunTime:0.000636s ]
INFO: [ app_begin ] --END-- [ RunTime:0.000682s ]
SQL: SHOW COLUMNS FROM `users` [ RunTime:0.0035s ]
SQL: SHOW COLUMNS FROM `job_token` [ RunTime:0.0037s ]
SQL: SELECT * FROM `users` WHERE ( email='123@qq.com' AND pwd='123' ) LIMIT 1   [ RunTime:0.0005s ]
SQL: SELECT * FROM `job_token` WHERE `uid` = 1 LIMIT 1   [ RunTime:0.0004s ]
SQL: INSERT INTO `job_token` (`id`,`uid`,`token`,`edittime`) VALUES ('1','1','c4ca4238a0b923820dcc509a6f75849b19','1469105086') [ RunTime:0.0005s ]

[ 2016-07-21T20:44:49+08:00 ] ::1 /10/jiekou/tp/Home/list
INFO: [ app_init ] --START--
INFO: Run Behavior\BuildLiteBehavior [ RunTime:0.000012s ]
INFO: [ app_init ] --END-- [ RunTime:0.000447s ]
INFO: [ app_begin ] --START--
INFO: Run Behavior\ReadHtmlCacheBehavior [ RunTime:0.000763s ]
INFO: [ app_begin ] --END-- [ RunTime:0.000850s ]
SQL: SHOW COLUMNS FROM `inviteinfo` [ RunTime:0.0048s ]
SQL: SELECT COUNT(*) AS tp_count FROM `inviteinfo` LIMIT 1   [ RunTime:0.0003s ]
SQL: SELECT * FROM `inviteinfo` LIMIT 0,2   [ RunTime:0.0007s ]
INFO: [ app_end ] --START--
INFO: Run Behavior\ShowPageTraceBehavior [ RunTime:0.000686s ]
INFO: [ app_end ] --END-- [ RunTime:0.000725s ]

[ 2016-07-21T20:45:14+08:00 ] ::1 /10/jiekou/tp/Home/Interface/login
INFO: [ app_init ] --START--
INFO: Run Behavior\BuildLiteBehavior [ RunTime:0.000014s ]
INFO: [ app_init ] --END-- [ RunTime:0.000447s ]
INFO: [ app_begin ] --START--
INFO: Run Behavior\ReadHtmlCacheBehavior [ RunTime:0.000616s ]
INFO: [ app_begin ] --END-- [ RunTime:0.000666s ]
SQL: SHOW COLUMNS FROM `users` [ RunTime:0.0046s ]
SQL: SHOW COLUMNS FROM `job_token` [ RunTime:0.0053s ]
SQL: SELECT * FROM `users` WHERE ( email='123@qq.com' AND pwd='123' ) LIMIT 1   [ RunTime:0.0020s ]
SQL: SELECT * FROM `job_token` WHERE `uid` = 1 LIMIT 1   [ RunTime:0.0012s ]
SQL: UPDATE `job_token` SET `id`='1',`token`='c4ca4238a0b923820dcc509a6f75849b8',`edittime`='1469105114' WHERE ( uid=1 ) [ RunTime:0.0010s ]

[ 2016-07-21T20:45:16+08:00 ] ::1 /10/jiekou/tp/Home/list
INFO: [ app_init ] --START--
INFO: Run Behavior\BuildLiteBehavior [ RunTime:0.000015s ]
INFO: [ app_init ] --END-- [ RunTime:0.000625s ]
INFO: [ app_begin ] --START--
INFO: Run Behavior\ReadHtmlCacheBehavior [ RunTime:0.000751s ]
INFO: [ app_begin ] --END-- [ RunTime:0.000802s ]
SQL: SHOW COLUMNS FROM `inviteinfo` [ RunTime:0.0116s ]
SQL: SELECT COUNT(*) AS tp_count FROM `inviteinfo` LIMIT 1   [ RunTime:0.0004s ]
SQL: SELECT * FROM `inviteinfo` LIMIT 0,2   [ RunTime:0.0008s ]
INFO: [ app_end ] --START--
INFO: Run Behavior\ShowPageTraceBehavior [ RunTime:0.000890s ]
INFO: [ app_end ] --END-- [ RunTime:0.000939s ]

[ 2016-07-21T20:45:21+08:00 ] ::1 /10/jiekou/tp/Home/list
INFO: [ app_init ] --START--
INFO: Run Behavior\BuildLiteBehavior [ RunTime:0.000013s ]
INFO: [ app_init ] --END-- [ RunTime:0.000356s ]
INFO: [ app_begin ] --START--
INFO: Run Behavior\ReadHtmlCacheBehavior [ RunTime:0.000637s ]
INFO: [ app_begin ] --END-- [ RunTime:0.000687s ]
SQL: SHOW COLUMNS FROM `inviteinfo` [ RunTime:0.0044s ]
SQL: SELECT COUNT(*) AS tp_count FROM `inviteinfo` LIMIT 1   [ RunTime:0.0003s ]
SQL: SELECT * FROM `inviteinfo` LIMIT 0,2   [ RunTime:0.0008s ]
INFO: [ app_end ] --START--
INFO: Run Behavior\ShowPageTraceBehavior [ RunTime:0.000861s ]
INFO: [ app_end ] --END-- [ RunTime:0.000924s ]

[ 2016-07-21T20:45:29+08:00 ] ::1 /10/jiekou/tp/Home/list
INFO: [ app_init ] --START--
INFO: Run Behavior\BuildLiteBehavior [ RunTime:0.000012s ]
INFO: [ app_init ] --END-- [ RunTime:0.000465s ]
INFO: [ app_begin ] --START--
INFO: Run Behavior\ReadHtmlCacheBehavior [ RunTime:0.001738s ]
INFO: [ app_begin ] --END-- [ RunTime:0.001819s ]
SQL: SHOW COLUMNS FROM `inviteinfo` [ RunTime:0.0059s ]
SQL: SELECT COUNT(*) AS tp_count FROM `inviteinfo` LIMIT 1   [ RunTime:0.0007s ]
SQL: SELECT * FROM `inviteinfo` LIMIT 0,2   [ RunTime:0.0013s ]
INFO: [ app_end ] --START--
INFO: Run Behavior\ShowPageTraceBehavior [ RunTime:0.001334s ]
INFO: [ app_end ] --END-- [ RunTime:0.001396s ]

