[ 2016-07-24T20:06:09+08:00 ] 127.0.0.1 /jiekou/tp/Home/Interface/login
INFO: [ app_init ] --START--
INFO: Run Behavior\BuildLiteBehavior [ RunTime:0.000021s ]
INFO: [ app_init ] --END-- [ RunTime:0.022188s ]
INFO: [ app_begin ] --START--
INFO: Run Behavior\ReadHtmlCacheBehavior [ RunTime:0.002078s ]
INFO: [ app_begin ] --END-- [ RunTime:0.002226s ]
SQL: SHOW COLUMNS FROM `users` [ RunTime:0.0067s ]
SQL: SHOW COLUMNS FROM `job_token` [ RunTime:0.0045s ]
SQL: SELECT * FROM `users` WHERE ( email='123@qq.com' AND pwd='123' ) LIMIT 1   [ RunTime:0.0005s ]
SQL: SELECT * FROM `job_token` WHERE `uid` = 1 LIMIT 1   [ RunTime:0.0003s ]
SQL: UPDATE `job_token` SET `id`='1',`token`='c4ca4238a0b923820dcc509a6f75849b8',`edittime`='1469361969' WHERE ( uid=1 ) [ RunTime:0.0006s ]

[ 2016-07-24T20:06:11+08:00 ] 127.0.0.1 /jiekou/tp/Home/list
INFO: [ app_init ] --START--
INFO: Run Behavior\BuildLiteBehavior [ RunTime:0.000014s ]
INFO: [ app_init ] --END-- [ RunTime:0.000380s ]
INFO: [ app_begin ] --START--
INFO: Run Behavior\ReadHtmlCacheBehavior [ RunTime:0.000911s ]
INFO: [ app_begin ] --END-- [ RunTime:0.001000s ]
SQL: SHOW COLUMNS FROM `inviteinfo` [ RunTime:0.0127s ]
SQL: SELECT COUNT(*) AS tp_count FROM `inviteinfo` LIMIT 1   [ RunTime:0.0006s ]
SQL: SELECT * FROM `inviteinfo` LIMIT 0,2   [ RunTime:0.0011s ]
INFO: [ app_end ] --START--
INFO: Run Behavior\ShowPageTraceBehavior [ RunTime:0.038342s ]
INFO: [ app_end ] --END-- [ RunTime:0.038488s ]

[ 2016-07-24T20:06:24+08:00 ] 127.0.0.1 /jiekou/tp/Home/Interface/login
INFO: [ app_init ] --START--
INFO: Run Behavior\BuildLiteBehavior [ RunTime:0.000015s ]
INFO: [ app_init ] --END-- [ RunTime:0.000487s ]
INFO: [ app_begin ] --START--
INFO: Run Behavior\ReadHtmlCacheBehavior [ RunTime:0.000865s ]
INFO: [ app_begin ] --END-- [ RunTime:0.000940s ]
SQL: SHOW COLUMNS FROM `users` [ RunTime:0.0242s ]
SQL: SHOW COLUMNS FROM `job_token` [ RunTime:0.0052s ]
SQL: SELECT * FROM `users` WHERE ( email='123@qq.com' AND pwd='123' ) LIMIT 1   [ RunTime:0.0004s ]
SQL: SELECT * FROM `job_token` WHERE `uid` = 1 LIMIT 1   [ RunTime:0.0003s ]
SQL: UPDATE `job_token` SET `id`='1',`token`='c4ca4238a0b923820dcc509a6f75849b18',`edittime`='1469361984' WHERE ( uid=1 ) [ RunTime:0.0004s ]

[ 2016-07-24T20:06:26+08:00 ] 127.0.0.1 /jiekou/tp/Home/list
INFO: [ app_init ] --START--
INFO: Run Behavior\BuildLiteBehavior [ RunTime:0.000016s ]
INFO: [ app_init ] --END-- [ RunTime:0.000472s ]
INFO: [ app_begin ] --START--
INFO: Run Behavior\ReadHtmlCacheBehavior [ RunTime:0.000498s ]
INFO: [ app_begin ] --END-- [ RunTime:0.000556s ]
SQL: SHOW COLUMNS FROM `inviteinfo` [ RunTime:0.0130s ]
SQL: SELECT COUNT(*) AS tp_count FROM `inviteinfo` LIMIT 1   [ RunTime:0.0007s ]
SQL: SELECT * FROM `inviteinfo` LIMIT 0,2   [ RunTime:0.0013s ]
INFO: [ app_end ] --START--
INFO: Run Behavior\ShowPageTraceBehavior [ RunTime:0.003100s ]
INFO: [ app_end ] --END-- [ RunTime:0.003315s ]

[ 2016-07-24T20:06:43+08:00 ] 127.0.0.1 /jiekou/tp/Home/Interface/login
INFO: [ app_init ] --START--
INFO: Run Behavior\BuildLiteBehavior [ RunTime:0.000011s ]
INFO: [ app_init ] --END-- [ RunTime:0.000367s ]
INFO: [ app_begin ] --START--
INFO: Run Behavior\ReadHtmlCacheBehavior [ RunTime:0.000488s ]
INFO: [ app_begin ] --END-- [ RunTime:0.000534s ]
SQL: SHOW COLUMNS FROM `users` [ RunTime:0.0055s ]
SQL: SHOW COLUMNS FROM `job_token` [ RunTime:0.0060s ]
SQL: SELECT * FROM `users` WHERE ( email='83657567@qq.com' AND pwd='123' ) LIMIT 1   [ RunTime:0.0005s ]
SQL: SELECT * FROM `job_token` WHERE `uid` = 4 LIMIT 1   [ RunTime:0.0004s ]
SQL: INSERT INTO `job_token` (`id`,`uid`,`token`,`edittime`) VALUES ('4','4','a87ff679a2f3e71d9181a67b7542122c19','1469362003') [ RunTime:0.0008s ]

[ 2016-07-24T20:06:46+08:00 ] 127.0.0.1 /jiekou/tp/Home/list
INFO: [ app_init ] --START--
INFO: Run Behavior\BuildLiteBehavior [ RunTime:0.000013s ]
INFO: [ app_init ] --END-- [ RunTime:0.000379s ]
INFO: [ app_begin ] --START--
INFO: Run Behavior\ReadHtmlCacheBehavior [ RunTime:0.000437s ]
INFO: [ app_begin ] --END-- [ RunTime:0.000480s ]
SQL: SHOW COLUMNS FROM `inviteinfo` [ RunTime:0.0101s ]
SQL: SELECT COUNT(*) AS tp_count FROM `inviteinfo` LIMIT 1   [ RunTime:0.0005s ]
SQL: SELECT * FROM `inviteinfo` LIMIT 0,2   [ RunTime:0.0011s ]
INFO: [ app_end ] --START--
INFO: Run Behavior\ShowPageTraceBehavior [ RunTime:0.001937s ]
INFO: [ app_end ] --END-- [ RunTime:0.002107s ]

[ 2016-07-24T20:08:01+08:00 ] 127.0.0.1 /jiekou/tp/Home/Interface/login
INFO: [ app_init ] --START--
INFO: Run Behavior\BuildLiteBehavior [ RunTime:0.000011s ]
INFO: [ app_init ] --END-- [ RunTime:0.000338s ]
INFO: [ app_begin ] --START--
INFO: Run Behavior\ReadHtmlCacheBehavior [ RunTime:0.000657s ]
INFO: [ app_begin ] --END-- [ RunTime:0.000720s ]
SQL: SHOW COLUMNS FROM `users` [ RunTime:0.0084s ]
SQL: SHOW COLUMNS FROM `job_token` [ RunTime:0.0094s ]
SQL: SELECT * FROM `users` WHERE ( email='123@qq.com' AND pwd='123' ) LIMIT 1   [ RunTime:0.0007s ]
SQL: SELECT * FROM `job_token` WHERE `uid` = 1 LIMIT 1   [ RunTime:0.0007s ]
SQL: UPDATE `job_token` SET `id`='1',`token`='c4ca4238a0b923820dcc509a6f75849b4',`edittime`='1469362081' WHERE ( uid=1 ) [ RunTime:0.0007s ]

[ 2016-07-24T20:08:03+08:00 ] 127.0.0.1 /jiekou/tp/Home/list
INFO: [ app_init ] --START--
INFO: Run Behavior\BuildLiteBehavior [ RunTime:0.000012s ]
INFO: [ app_init ] --END-- [ RunTime:0.000412s ]
INFO: [ app_begin ] --START--
INFO: Run Behavior\ReadHtmlCacheBehavior [ RunTime:0.000470s ]
INFO: [ app_begin ] --END-- [ RunTime:0.000514s ]
SQL: SHOW COLUMNS FROM `inviteinfo` [ RunTime:0.0040s ]
SQL: SELECT COUNT(*) AS tp_count FROM `inviteinfo` LIMIT 1   [ RunTime:0.0003s ]
SQL: SELECT * FROM `inviteinfo` LIMIT 0,2   [ RunTime:0.0005s ]
INFO: [ app_end ] --START--
INFO: Run Behavior\ShowPageTraceBehavior [ RunTime:0.000640s ]
INFO: [ app_end ] --END-- [ RunTime:0.000699s ]

[ 2016-07-24T20:08:59+08:00 ] 127.0.0.1 /jiekou/tp/Home/Interface/login
INFO: [ app_init ] --START--
INFO: Run Behavior\BuildLiteBehavior [ RunTime:0.000016s ]
INFO: [ app_init ] --END-- [ RunTime:0.000796s ]
INFO: [ app_begin ] --START--
INFO: Run Behavior\ReadHtmlCacheBehavior [ RunTime:0.000858s ]
INFO: [ app_begin ] --END-- [ RunTime:0.000913s ]
SQL: SHOW COLUMNS FROM `users` [ RunTime:0.0042s ]
SQL: SHOW COLUMNS FROM `job_token` [ RunTime:0.0048s ]
SQL: SELECT * FROM `users` WHERE ( email='123@qq.com' AND pwd='123' ) LIMIT 1   [ RunTime:0.0004s ]
SQL: SELECT * FROM `job_token` WHERE `uid` = 1 LIMIT 1   [ RunTime:0.0004s ]
SQL: UPDATE `job_token` SET `id`='1',`token`='c4ca4238a0b923820dcc509a6f75849b9',`edittime`='1469362139' WHERE ( uid=1 ) [ RunTime:0.0004s ]

[ 2016-07-24T20:09:01+08:00 ] 127.0.0.1 /jiekou/tp/Home/list
INFO: [ app_init ] --START--
INFO: Run Behavior\BuildLiteBehavior [ RunTime:0.000025s ]
INFO: [ app_init ] --END-- [ RunTime:0.000590s ]
INFO: [ app_begin ] --START--
INFO: Run Behavior\ReadHtmlCacheBehavior [ RunTime:0.000694s ]
INFO: [ app_begin ] --END-- [ RunTime:0.000768s ]
SQL: SHOW COLUMNS FROM `inviteinfo` [ RunTime:0.0130s ]
SQL: SELECT COUNT(*) AS tp_count FROM `inviteinfo` LIMIT 1   [ RunTime:0.0005s ]
SQL: SELECT * FROM `inviteinfo` LIMIT 0,2   [ RunTime:0.0016s ]
INFO: [ app_end ] --START--
INFO: Run Behavior\ShowPageTraceBehavior [ RunTime:0.002895s ]
INFO: [ app_end ] --END-- [ RunTime:0.003086s ]

[ 2016-07-24T20:10:13+08:00 ] 127.0.0.1 /jiekou/tp/Home/Interface/login
INFO: [ app_init ] --START--
INFO: Run Behavior\BuildLiteBehavior [ RunTime:0.000021s ]
INFO: [ app_init ] --END-- [ RunTime:0.000772s ]
INFO: [ app_begin ] --START--
INFO: Run Behavior\ReadHtmlCacheBehavior [ RunTime:0.000888s ]
INFO: [ app_begin ] --END-- [ RunTime:0.000975s ]
SQL: SHOW COLUMNS FROM `users` [ RunTime:0.0035s ]
SQL: SHOW COLUMNS FROM `job_token` [ RunTime:0.0086s ]
SQL: SELECT * FROM `users` WHERE ( email='123@qq.com' AND pwd='123' ) LIMIT 1   [ RunTime:0.0004s ]
SQL: SELECT * FROM `job_token` WHERE `uid` = 1 LIMIT 1   [ RunTime:0.0003s ]
SQL: UPDATE `job_token` SET `id`='1',`token`='c4ca4238a0b923820dcc509a6f75849b4',`edittime`='1469362213' WHERE ( uid=1 ) [ RunTime:0.0005s ]

[ 2016-07-24T20:10:15+08:00 ] 127.0.0.1 /jiekou/tp/Home/list
INFO: [ app_init ] --START--
INFO: Run Behavior\BuildLiteBehavior [ RunTime:0.000032s ]
INFO: [ app_init ] --END-- [ RunTime:0.000549s ]
INFO: [ app_begin ] --START--
INFO: Run Behavior\ReadHtmlCacheBehavior [ RunTime:0.000448s ]
INFO: [ app_begin ] --END-- [ RunTime:0.000490s ]
SQL: SHOW COLUMNS FROM `inviteinfo` [ RunTime:0.0115s ]
SQL: SELECT COUNT(*) AS tp_count FROM `inviteinfo` LIMIT 1   [ RunTime:0.0005s ]
SQL: SELECT * FROM `inviteinfo` LIMIT 0,2   [ RunTime:0.0010s ]
INFO: [ app_end ] --START--
INFO: Run Behavior\ShowPageTraceBehavior [ RunTime:0.002011s ]
INFO: [ app_end ] --END-- [ RunTime:0.002132s ]

[ 2016-07-24T20:11:35+08:00 ] 127.0.0.1 /jiekou/tp/Home/Interface/register
INFO: [ app_init ] --START--
INFO: Run Behavior\BuildLiteBehavior [ RunTime:0.000012s ]
INFO: [ app_init ] --END-- [ RunTime:0.000763s ]
INFO: [ app_begin ] --START--
INFO: Run Behavior\ReadHtmlCacheBehavior [ RunTime:0.005807s ]
INFO: [ app_begin ] --END-- [ RunTime:0.005931s ]
SQL: SHOW COLUMNS FROM `users` [ RunTime:0.0035s ]
SQL: SELECT * FROM `users` WHERE ( email='121@qq.com' ) LIMIT 1   [ RunTime:0.0003s ]
SQL: INSERT INTO `users` (`pwd`,`email`) VALUES ('123','121@qq.com') [ RunTime:0.0004s ]

[ 2016-07-24T20:13:08+08:00 ] 127.0.0.1 /jiekou/tp/Home/Interface/login
INFO: [ app_init ] --START--
INFO: Run Behavior\BuildLiteBehavior [ RunTime:0.000013s ]
INFO: [ app_init ] --END-- [ RunTime:0.000458s ]
INFO: [ app_begin ] --START--
INFO: Run Behavior\ReadHtmlCacheBehavior [ RunTime:0.001556s ]
INFO: [ app_begin ] --END-- [ RunTime:0.001736s ]
SQL: SHOW COLUMNS FROM `users` [ RunTime:0.0057s ]
SQL: SHOW COLUMNS FROM `job_token` [ RunTime:0.0078s ]
SQL: SELECT * FROM `users` WHERE ( email='121@qq.com' AND pwd='123' ) LIMIT 1   [ RunTime:0.0005s ]
SQL: SELECT * FROM `job_token` WHERE `uid` = 5 LIMIT 1   [ RunTime:0.0004s ]
SQL: INSERT INTO `job_token` (`id`,`uid`,`token`,`edittime`) VALUES ('5','5','e4da3b7fbbce2345d7772b0674a318d56','1469362388') [ RunTime:0.0006s ]

[ 2016-07-24T20:13:11+08:00 ] 127.0.0.1 /jiekou/tp/Home/list
INFO: [ app_init ] --START--
INFO: Run Behavior\BuildLiteBehavior [ RunTime:0.000027s ]
INFO: [ app_init ] --END-- [ RunTime:0.001013s ]
INFO: [ app_begin ] --START--
INFO: Run Behavior\ReadHtmlCacheBehavior [ RunTime:0.000927s ]
INFO: [ app_begin ] --END-- [ RunTime:0.001072s ]
SQL: SHOW COLUMNS FROM `inviteinfo` [ RunTime:0.0058s ]
SQL: SELECT COUNT(*) AS tp_count FROM `inviteinfo` LIMIT 1   [ RunTime:0.0004s ]
SQL: SELECT * FROM `inviteinfo` LIMIT 0,2   [ RunTime:0.0007s ]
INFO: [ app_end ] --START--
INFO: Run Behavior\ShowPageTraceBehavior [ RunTime:0.001358s ]
INFO: [ app_end ] --END-- [ RunTime:0.001441s ]

[ 2016-07-24T20:16:12+08:00 ] 127.0.0.1 /jiekou/tp/Home/Interface/login
INFO: [ app_init ] --START--
INFO: Run Behavior\BuildLiteBehavior [ RunTime:0.000019s ]
INFO: [ app_init ] --END-- [ RunTime:0.000608s ]
INFO: [ app_begin ] --START--
INFO: Run Behavior\ReadHtmlCacheBehavior [ RunTime:0.000988s ]
INFO: [ app_begin ] --END-- [ RunTime:0.001051s ]
SQL: SHOW COLUMNS FROM `users` [ RunTime:0.0040s ]
SQL: SHOW COLUMNS FROM `job_token` [ RunTime:0.0074s ]
SQL: SELECT * FROM `users` WHERE ( email='123@qq.com' AND pwd='123' ) LIMIT 1   [ RunTime:0.0004s ]
SQL: SELECT * FROM `job_token` WHERE `uid` = 1 LIMIT 1   [ RunTime:0.0003s ]
SQL: UPDATE `job_token` SET `id`='1',`token`='c4ca4238a0b923820dcc509a6f75849b18',`edittime`='1469362572' WHERE ( uid=1 ) [ RunTime:0.0003s ]

[ 2016-07-24T20:16:15+08:00 ] 127.0.0.1 /jiekou/tp/Home/list
INFO: [ app_init ] --START--
INFO: Run Behavior\BuildLiteBehavior [ RunTime:0.000113s ]
INFO: [ app_init ] --END-- [ RunTime:0.000520s ]
INFO: [ app_begin ] --START--
INFO: Run Behavior\ReadHtmlCacheBehavior [ RunTime:0.000927s ]
INFO: [ app_begin ] --END-- [ RunTime:0.000982s ]
SQL: SHOW COLUMNS FROM `inviteinfo` [ RunTime:0.0104s ]
SQL: SELECT COUNT(*) AS tp_count FROM `inviteinfo` LIMIT 1   [ RunTime:0.0003s ]
SQL: SELECT * FROM `inviteinfo` LIMIT 0,2   [ RunTime:0.0004s ]
INFO: [ app_end ] --START--
INFO: Run Behavior\ShowPageTraceBehavior [ RunTime:0.001377s ]
INFO: [ app_end ] --END-- [ RunTime:0.001439s ]

