[ 2016-07-19T07:28:30+08:00 ] ::1 /10/jiekou/tp/Home/list
INFO: [ app_init ] --START--
INFO: Run Behavior\BuildLiteBehavior [ RunTime:0.000014s ]
INFO: [ app_init ] --END-- [ RunTime:0.000680s ]
INFO: [ app_begin ] --START--
INFO: Run Behavior\ReadHtmlCacheBehavior [ RunTime:0.001226s ]
INFO: [ app_begin ] --END-- [ RunTime:0.001279s ]
SQL: SHOW COLUMNS FROM `inviteinfo` [ RunTime:0.0536s ]
SQL: SELECT COUNT(*) AS tp_count FROM `inviteinfo` LIMIT 1   [ RunTime:0.0004s ]
SQL: SELECT * FROM `inviteinfo` LIMIT 0,5   [ RunTime:0.0010s ]
INFO: [ app_end ] --START--
INFO: Run Behavior\ShowPageTraceBehavior [ RunTime:0.001385s ]
INFO: [ app_end ] --END-- [ RunTime:0.001437s ]

[ 2016-07-19T07:28:34+08:00 ] ::1 /10/jiekou/tp/Home/list
INFO: [ app_init ] --START--
INFO: Run Behavior\BuildLiteBehavior [ RunTime:0.000017s ]
INFO: [ app_init ] --END-- [ RunTime:0.000419s ]
INFO: [ app_begin ] --START--
INFO: Run Behavior\ReadHtmlCacheBehavior [ RunTime:0.000454s ]
INFO: [ app_begin ] --END-- [ RunTime:0.000503s ]
SQL: SHOW COLUMNS FROM `inviteinfo` [ RunTime:0.0042s ]
SQL: SELECT COUNT(*) AS tp_count FROM `inviteinfo` LIMIT 1   [ RunTime:0.0003s ]
SQL: SELECT * FROM `inviteinfo` LIMIT 5,5   [ RunTime:0.0009s ]
INFO: [ app_end ] --START--
INFO: Run Behavior\ShowPageTraceBehavior [ RunTime:0.000591s ]
INFO: [ app_end ] --END-- [ RunTime:0.000641s ]

[ 2016-07-19T07:29:41+08:00 ] ::1 /10/jiekou/tp/Home/list
INFO: [ app_init ] --START--
INFO: Run Behavior\BuildLiteBehavior [ RunTime:0.000011s ]
INFO: [ app_init ] --END-- [ RunTime:0.000522s ]
INFO: [ app_begin ] --START--
INFO: Run Behavior\ReadHtmlCacheBehavior [ RunTime:0.001430s ]
INFO: [ app_begin ] --END-- [ RunTime:0.001518s ]
SQL: SHOW COLUMNS FROM `inviteinfo` [ RunTime:0.0040s ]
SQL: SELECT COUNT(*) AS tp_count FROM `inviteinfo` LIMIT 1   [ RunTime:0.0003s ]
SQL: SELECT * FROM `inviteinfo` LIMIT 0,5   [ RunTime:0.0009s ]
INFO: [ app_end ] --START--
INFO: Run Behavior\ShowPageTraceBehavior [ RunTime:0.001413s ]
INFO: [ app_end ] --END-- [ RunTime:0.001470s ]

[ 2016-07-19T07:29:44+08:00 ] ::1 /10/jiekou/tp/Home/list
INFO: [ app_init ] --START--
INFO: Run Behavior\BuildLiteBehavior [ RunTime:0.000011s ]
INFO: [ app_init ] --END-- [ RunTime:0.000449s ]
INFO: [ app_begin ] --START--
INFO: Run Behavior\ReadHtmlCacheBehavior [ RunTime:0.000449s ]
INFO: [ app_begin ] --END-- [ RunTime:0.000493s ]
SQL: SHOW COLUMNS FROM `inviteinfo` [ RunTime:0.0042s ]
SQL: SELECT COUNT(*) AS tp_count FROM `inviteinfo` LIMIT 1   [ RunTime:0.0003s ]
SQL: SELECT * FROM `inviteinfo` LIMIT 5,5   [ RunTime:0.0009s ]
INFO: [ app_end ] --START--
INFO: Run Behavior\ShowPageTraceBehavior [ RunTime:0.000553s ]
INFO: [ app_end ] --END-- [ RunTime:0.000600s ]

[ 2016-07-19T07:34:13+08:00 ] ::1 /10/jiekou/tp/Home/list
INFO: [ app_init ] --START--
INFO: Run Behavior\BuildLiteBehavior [ RunTime:0.000012s ]
INFO: [ app_init ] --END-- [ RunTime:0.000314s ]
INFO: [ app_begin ] --START--
INFO: Run Behavior\ReadHtmlCacheBehavior [ RunTime:0.000464s ]
INFO: [ app_begin ] --END-- [ RunTime:0.000507s ]
SQL: SHOW COLUMNS FROM `inviteinfo` [ RunTime:0.0046s ]
SQL: SELECT COUNT(*) AS tp_count FROM `inviteinfo` LIMIT 1   [ RunTime:0.0003s ]
SQL: SELECT * FROM `inviteinfo` LIMIT 0,5   [ RunTime:0.0009s ]
INFO: [ app_end ] --START--
INFO: Run Behavior\ShowPageTraceBehavior [ RunTime:0.000667s ]
INFO: [ app_end ] --END-- [ RunTime:0.000721s ]

[ 2016-07-19T07:34:14+08:00 ] ::1 /10/jiekou/tp/Home/list
INFO: [ app_init ] --START--
INFO: Run Behavior\BuildLiteBehavior [ RunTime:0.000022s ]
INFO: [ app_init ] --END-- [ RunTime:0.000372s ]
INFO: [ app_begin ] --START--
INFO: Run Behavior\ReadHtmlCacheBehavior [ RunTime:0.000577s ]
INFO: [ app_begin ] --END-- [ RunTime:0.000625s ]
SQL: SHOW COLUMNS FROM `inviteinfo` [ RunTime:0.0041s ]
SQL: SELECT COUNT(*) AS tp_count FROM `inviteinfo` LIMIT 1   [ RunTime:0.0003s ]
SQL: SELECT * FROM `inviteinfo` LIMIT 0,5   [ RunTime:0.0011s ]
INFO: [ app_end ] --START--
INFO: Run Behavior\ShowPageTraceBehavior [ RunTime:0.000760s ]
INFO: [ app_end ] --END-- [ RunTime:0.000820s ]

[ 2016-07-19T07:34:17+08:00 ] ::1 /10/jiekou/tp/Home/list
INFO: [ app_init ] --START--
INFO: Run Behavior\BuildLiteBehavior [ RunTime:0.000011s ]
INFO: [ app_init ] --END-- [ RunTime:0.000309s ]
INFO: [ app_begin ] --START--
INFO: Run Behavior\ReadHtmlCacheBehavior [ RunTime:0.001014s ]
INFO: [ app_begin ] --END-- [ RunTime:0.001099s ]
SQL: SHOW COLUMNS FROM `inviteinfo` [ RunTime:0.0042s ]
SQL: SELECT COUNT(*) AS tp_count FROM `inviteinfo` LIMIT 1   [ RunTime:0.0003s ]
SQL: SELECT * FROM `inviteinfo` LIMIT 5,5   [ RunTime:0.0013s ]
INFO: [ app_end ] --START--
INFO: Run Behavior\ShowPageTraceBehavior [ RunTime:0.000790s ]
INFO: [ app_end ] --END-- [ RunTime:0.000866s ]

[ 2016-07-19T07:35:15+08:00 ] ::1 /10/jiekou/tp/Home/list
INFO: [ app_init ] --START--
INFO: Run Behavior\BuildLiteBehavior [ RunTime:0.000014s ]
INFO: [ app_init ] --END-- [ RunTime:0.000849s ]
INFO: [ app_begin ] --START--
INFO: Run Behavior\ReadHtmlCacheBehavior [ RunTime:0.001604s ]
INFO: [ app_begin ] --END-- [ RunTime:0.001681s ]
SQL: SHOW COLUMNS FROM `inviteinfo` [ RunTime:0.0041s ]
SQL: SELECT COUNT(*) AS tp_count FROM `inviteinfo` LIMIT 1   [ RunTime:0.0003s ]
SQL: SELECT * FROM `inviteinfo` LIMIT 0,5   [ RunTime:0.0009s ]
INFO: [ app_end ] --START--
INFO: Run Behavior\ShowPageTraceBehavior [ RunTime:0.001254s ]
INFO: [ app_end ] --END-- [ RunTime:0.001297s ]

[ 2016-07-19T07:35:18+08:00 ] ::1 /10/jiekou/tp/Home/list
INFO: [ app_init ] --START--
INFO: Run Behavior\BuildLiteBehavior [ RunTime:0.000013s ]
INFO: [ app_init ] --END-- [ RunTime:0.000363s ]
INFO: [ app_begin ] --START--
INFO: Run Behavior\ReadHtmlCacheBehavior [ RunTime:0.000415s ]
INFO: [ app_begin ] --END-- [ RunTime:0.000466s ]
SQL: SHOW COLUMNS FROM `inviteinfo` [ RunTime:0.0049s ]
SQL: SELECT COUNT(*) AS tp_count FROM `inviteinfo` LIMIT 1   [ RunTime:0.0003s ]
SQL: SELECT * FROM `inviteinfo` LIMIT 5,5   [ RunTime:0.0009s ]
INFO: [ app_end ] --START--
INFO: Run Behavior\ShowPageTraceBehavior [ RunTime:0.000493s ]
INFO: [ app_end ] --END-- [ RunTime:0.000540s ]

[ 2016-07-19T07:35:30+08:00 ] ::1 /10/jiekou/tp/Home/list
INFO: [ app_init ] --START--
INFO: Run Behavior\BuildLiteBehavior [ RunTime:0.000012s ]
INFO: [ app_init ] --END-- [ RunTime:0.000308s ]
INFO: [ app_begin ] --START--
INFO: Run Behavior\ReadHtmlCacheBehavior [ RunTime:0.001014s ]
INFO: [ app_begin ] --END-- [ RunTime:0.001103s ]
SQL: SHOW COLUMNS FROM `inviteinfo` [ RunTime:0.0041s ]
SQL: SELECT COUNT(*) AS tp_count FROM `inviteinfo` LIMIT 1   [ RunTime:0.0005s ]
SQL: SELECT * FROM `inviteinfo` LIMIT 0,5   [ RunTime:0.0009s ]
INFO: [ app_end ] --START--
INFO: Run Behavior\ShowPageTraceBehavior [ RunTime:0.000474s ]
INFO: [ app_end ] --END-- [ RunTime:0.000518s ]

[ 2016-07-19T07:35:38+08:00 ] ::1 /10/jiekou/tp/Home/list
INFO: [ app_init ] --START--
INFO: Run Behavior\BuildLiteBehavior [ RunTime:0.000014s ]
INFO: [ app_init ] --END-- [ RunTime:0.000544s ]
INFO: [ app_begin ] --START--
INFO: Run Behavior\ReadHtmlCacheBehavior [ RunTime:0.000456s ]
INFO: [ app_begin ] --END-- [ RunTime:0.000500s ]
SQL: SHOW COLUMNS FROM `inviteinfo` [ RunTime:0.0041s ]
SQL: SELECT COUNT(*) AS tp_count FROM `inviteinfo` LIMIT 1   [ RunTime:0.0003s ]
SQL: SELECT * FROM `inviteinfo` LIMIT 5,5   [ RunTime:0.0009s ]
INFO: [ app_end ] --START--
INFO: Run Behavior\ShowPageTraceBehavior [ RunTime:0.000657s ]
INFO: [ app_end ] --END-- [ RunTime:0.000706s ]

[ 2016-07-19T07:35:47+08:00 ] ::1 /10/jiekou/tp/Home/list
INFO: [ app_init ] --START--
INFO: Run Behavior\BuildLiteBehavior [ RunTime:0.000011s ]
INFO: [ app_init ] --END-- [ RunTime:0.000320s ]
INFO: [ app_begin ] --START--
INFO: Run Behavior\ReadHtmlCacheBehavior [ RunTime:0.000510s ]
INFO: [ app_begin ] --END-- [ RunTime:0.000564s ]
SQL: SHOW COLUMNS FROM `inviteinfo` [ RunTime:0.0041s ]
SQL: SELECT COUNT(*) AS tp_count FROM `inviteinfo` LIMIT 1   [ RunTime:0.0004s ]
SQL: SELECT * FROM `inviteinfo` LIMIT 5,5   [ RunTime:0.0009s ]
INFO: [ app_end ] --START--
INFO: Run Behavior\ShowPageTraceBehavior [ RunTime:0.000492s ]
INFO: [ app_end ] --END-- [ RunTime:0.000537s ]

[ 2016-07-19T07:35:59+08:00 ] ::1 /10/jiekou/tp/Home/list
INFO: [ app_init ] --START--
INFO: Run Behavior\BuildLiteBehavior [ RunTime:0.000011s ]
INFO: [ app_init ] --END-- [ RunTime:0.000269s ]
INFO: [ app_begin ] --START--
INFO: Run Behavior\ReadHtmlCacheBehavior [ RunTime:0.000381s ]
INFO: [ app_begin ] --END-- [ RunTime:0.000424s ]
SQL: SHOW COLUMNS FROM `inviteinfo` [ RunTime:0.0049s ]
SQL: SELECT COUNT(*) AS tp_count FROM `inviteinfo` LIMIT 1   [ RunTime:0.0003s ]
SQL: SELECT * FROM `inviteinfo` LIMIT 5,5   [ RunTime:0.0011s ]
INFO: [ app_end ] --START--
INFO: Run Behavior\ShowPageTraceBehavior [ RunTime:0.000447s ]
INFO: [ app_end ] --END-- [ RunTime:0.000498s ]

[ 2016-07-19T07:35:59+08:00 ] ::1 /10/jiekou/tp/Home/list
INFO: [ app_init ] --START--
INFO: Run Behavior\BuildLiteBehavior [ RunTime:0.000012s ]
INFO: [ app_init ] --END-- [ RunTime:0.000437s ]
INFO: [ app_begin ] --START--
INFO: Run Behavior\ReadHtmlCacheBehavior [ RunTime:0.000641s ]
INFO: [ app_begin ] --END-- [ RunTime:0.000705s ]
SQL: SHOW COLUMNS FROM `inviteinfo` [ RunTime:0.0043s ]
SQL: SELECT COUNT(*) AS tp_count FROM `inviteinfo` LIMIT 1   [ RunTime:0.0005s ]
SQL: SELECT * FROM `inviteinfo` LIMIT 5,5   [ RunTime:0.0020s ]
INFO: [ app_end ] --START--
INFO: Run Behavior\ShowPageTraceBehavior [ RunTime:0.000866s ]
INFO: [ app_end ] --END-- [ RunTime:0.000921s ]

[ 2016-07-19T07:36:00+08:00 ] ::1 /10/jiekou/tp/Home/list
INFO: [ app_init ] --START--
INFO: Run Behavior\BuildLiteBehavior [ RunTime:0.000011s ]
INFO: [ app_init ] --END-- [ RunTime:0.000308s ]
INFO: [ app_begin ] --START--
INFO: Run Behavior\ReadHtmlCacheBehavior [ RunTime:0.000428s ]
INFO: [ app_begin ] --END-- [ RunTime:0.000480s ]
SQL: SHOW COLUMNS FROM `inviteinfo` [ RunTime:0.0046s ]
SQL: SELECT COUNT(*) AS tp_count FROM `inviteinfo` LIMIT 1   [ RunTime:0.0003s ]
SQL: SELECT * FROM `inviteinfo` LIMIT 5,5   [ RunTime:0.0010s ]
INFO: [ app_end ] --START--
INFO: Run Behavior\ShowPageTraceBehavior [ RunTime:0.000469s ]
INFO: [ app_end ] --END-- [ RunTime:0.000512s ]

[ 2016-07-19T07:36:00+08:00 ] ::1 /10/jiekou/tp/Home/list
INFO: [ app_init ] --START--
INFO: Run Behavior\BuildLiteBehavior [ RunTime:0.000011s ]
INFO: [ app_init ] --END-- [ RunTime:0.000293s ]
INFO: [ app_begin ] --START--
INFO: Run Behavior\ReadHtmlCacheBehavior [ RunTime:0.000476s ]
INFO: [ app_begin ] --END-- [ RunTime:0.000561s ]
SQL: SHOW COLUMNS FROM `inviteinfo` [ RunTime:0.0043s ]
SQL: SELECT COUNT(*) AS tp_count FROM `inviteinfo` LIMIT 1   [ RunTime:0.0004s ]
SQL: SELECT * FROM `inviteinfo` LIMIT 5,5   [ RunTime:0.0009s ]
INFO: [ app_end ] --START--
INFO: Run Behavior\ShowPageTraceBehavior [ RunTime:0.000504s ]
INFO: [ app_end ] --END-- [ RunTime:0.000576s ]

[ 2016-07-19T07:36:11+08:00 ] ::1 /10/jiekou/tp/Home/list
INFO: [ app_init ] --START--
INFO: Run Behavior\BuildLiteBehavior [ RunTime:0.000011s ]
INFO: [ app_init ] --END-- [ RunTime:0.000541s ]
INFO: [ app_begin ] --START--
INFO: Run Behavior\ReadHtmlCacheBehavior [ RunTime:0.001113s ]
INFO: [ app_begin ] --END-- [ RunTime:0.001159s ]
SQL: SHOW COLUMNS FROM `inviteinfo` [ RunTime:0.0042s ]
SQL: SELECT COUNT(*) AS tp_count FROM `inviteinfo` LIMIT 1   [ RunTime:0.0003s ]
SQL: SELECT * FROM `inviteinfo` LIMIT 5,5   [ RunTime:0.0009s ]
INFO: [ app_end ] --START--
INFO: Run Behavior\ShowPageTraceBehavior [ RunTime:0.001360s ]
INFO: [ app_end ] --END-- [ RunTime:0.001410s ]

[ 2016-07-19T07:36:14+08:00 ] ::1 /10/jiekou/tp/Home/list
INFO: [ app_init ] --START--
INFO: Run Behavior\BuildLiteBehavior [ RunTime:0.000021s ]
INFO: [ app_init ] --END-- [ RunTime:0.001132s ]
INFO: [ app_begin ] --START--
INFO: Run Behavior\ReadHtmlCacheBehavior [ RunTime:0.000575s ]
INFO: [ app_begin ] --END-- [ RunTime:0.000658s ]
SQL: SHOW COLUMNS FROM `inviteinfo` [ RunTime:0.0041s ]
SQL: SELECT COUNT(*) AS tp_count FROM `inviteinfo` LIMIT 1   [ RunTime:0.0003s ]
SQL: SELECT * FROM `inviteinfo` LIMIT 5,5   [ RunTime:0.0009s ]
INFO: [ app_end ] --START--
INFO: Run Behavior\ShowPageTraceBehavior [ RunTime:0.000653s ]
INFO: [ app_end ] --END-- [ RunTime:0.000733s ]

[ 2016-07-19T07:36:24+08:00 ] ::1 /10/jiekou/tp/Home/list
INFO: [ app_init ] --START--
INFO: Run Behavior\BuildLiteBehavior [ RunTime:0.000011s ]
INFO: [ app_init ] --END-- [ RunTime:0.000356s ]
INFO: [ app_begin ] --START--
INFO: Run Behavior\ReadHtmlCacheBehavior [ RunTime:0.000602s ]
INFO: [ app_begin ] --END-- [ RunTime:0.000683s ]
SQL: SHOW COLUMNS FROM `inviteinfo` [ RunTime:0.0048s ]
SQL: SELECT COUNT(*) AS tp_count FROM `inviteinfo` LIMIT 1   [ RunTime:0.0004s ]
SQL: SELECT * FROM `inviteinfo` LIMIT 5,5   [ RunTime:0.0013s ]
INFO: [ app_end ] --START--
INFO: Run Behavior\ShowPageTraceBehavior [ RunTime:0.000860s ]
INFO: [ app_end ] --END-- [ RunTime:0.000970s ]

[ 2016-07-19T07:36:29+08:00 ] ::1 /10/jiekou/tp/Home/list
INFO: [ app_init ] --START--
INFO: Run Behavior\BuildLiteBehavior [ RunTime:0.000013s ]
INFO: [ app_init ] --END-- [ RunTime:0.000452s ]
INFO: [ app_begin ] --START--
INFO: Run Behavior\ReadHtmlCacheBehavior [ RunTime:0.000577s ]
INFO: [ app_begin ] --END-- [ RunTime:0.000633s ]
SQL: SHOW COLUMNS FROM `inviteinfo` [ RunTime:0.0045s ]
SQL: SELECT COUNT(*) AS tp_count FROM `inviteinfo` LIMIT 1   [ RunTime:0.0004s ]
SQL: SELECT * FROM `inviteinfo` LIMIT 5,5   [ RunTime:0.0010s ]
INFO: [ app_end ] --START--
INFO: Run Behavior\ShowPageTraceBehavior [ RunTime:0.000892s ]
INFO: [ app_end ] --END-- [ RunTime:0.000972s ]

[ 2016-07-19T07:36:36+08:00 ] ::1 /10/jiekou/tp/Home/list
INFO: [ app_init ] --START--
INFO: Run Behavior\BuildLiteBehavior [ RunTime:0.000011s ]
INFO: [ app_init ] --END-- [ RunTime:0.000375s ]
INFO: [ app_begin ] --START--
INFO: Run Behavior\ReadHtmlCacheBehavior [ RunTime:0.000743s ]
INFO: [ app_begin ] --END-- [ RunTime:0.000802s ]
SQL: SHOW COLUMNS FROM `inviteinfo` [ RunTime:0.0093s ]
SQL: SELECT COUNT(*) AS tp_count FROM `inviteinfo` LIMIT 1   [ RunTime:0.0004s ]
SQL: SELECT * FROM `inviteinfo` LIMIT 0,5   [ RunTime:0.0013s ]
INFO: [ app_end ] --START--
INFO: Run Behavior\ShowPageTraceBehavior [ RunTime:0.001136s ]
INFO: [ app_end ] --END-- [ RunTime:0.001206s ]

[ 2016-07-19T07:37:19+08:00 ] ::1 /10/jiekou/tp/Home/list
INFO: [ app_init ] --START--
INFO: Run Behavior\BuildLiteBehavior [ RunTime:0.000014s ]
INFO: [ app_init ] --END-- [ RunTime:0.000612s ]
INFO: [ app_begin ] --START--
INFO: Run Behavior\ReadHtmlCacheBehavior [ RunTime:0.001281s ]
INFO: [ app_begin ] --END-- [ RunTime:0.001342s ]

[ 2016-07-19T07:37:39+08:00 ] ::1 /10/jiekou/tp/Home/list
INFO: [ app_init ] --START--
INFO: Run Behavior\BuildLiteBehavior [ RunTime:0.000011s ]
INFO: [ app_init ] --END-- [ RunTime:0.000382s ]
INFO: [ app_begin ] --START--
INFO: Run Behavior\ReadHtmlCacheBehavior [ RunTime:0.000604s ]
INFO: [ app_begin ] --END-- [ RunTime:0.000661s ]

[ 2016-07-19T07:38:11+08:00 ] ::1 /10/jiekou/tp/Home/list
INFO: [ app_init ] --START--
INFO: Run Behavior\BuildLiteBehavior [ RunTime:0.000011s ]
INFO: [ app_init ] --END-- [ RunTime:0.000484s ]
INFO: [ app_begin ] --START--
INFO: Run Behavior\ReadHtmlCacheBehavior [ RunTime:0.000715s ]
INFO: [ app_begin ] --END-- [ RunTime:0.000759s ]
SQL: SHOW COLUMNS FROM `inviteinfo` [ RunTime:0.0048s ]
SQL: SELECT COUNT(*) AS tp_count FROM `inviteinfo` LIMIT 1   [ RunTime:0.0004s ]
SQL: SELECT * FROM `inviteinfo` LIMIT 0,5   [ RunTime:0.0009s ]
INFO: [ app_end ] --START--
INFO: Run Behavior\ShowPageTraceBehavior [ RunTime:0.000764s ]
INFO: [ app_end ] --END-- [ RunTime:0.000809s ]

[ 2016-07-19T07:38:15+08:00 ] ::1 /10/jiekou/tp/Home/list
INFO: [ app_init ] --START--
INFO: Run Behavior\BuildLiteBehavior [ RunTime:0.000011s ]
INFO: [ app_init ] --END-- [ RunTime:0.000354s ]
INFO: [ app_begin ] --START--
INFO: Run Behavior\ReadHtmlCacheBehavior [ RunTime:0.000580s ]
INFO: [ app_begin ] --END-- [ RunTime:0.000624s ]
SQL: SHOW COLUMNS FROM `inviteinfo` [ RunTime:0.0044s ]
SQL: SELECT COUNT(*) AS tp_count FROM `inviteinfo` LIMIT 1   [ RunTime:0.0003s ]
SQL: SELECT * FROM `inviteinfo` LIMIT 5,5   [ RunTime:0.0009s ]
INFO: [ app_end ] --START--
INFO: Run Behavior\ShowPageTraceBehavior [ RunTime:0.000760s ]
INFO: [ app_end ] --END-- [ RunTime:0.000807s ]

[ 2016-07-19T07:38:19+08:00 ] ::1 /10/jiekou/tp/Home/list
INFO: [ app_init ] --START--
INFO: Run Behavior\BuildLiteBehavior [ RunTime:0.000013s ]
INFO: [ app_init ] --END-- [ RunTime:0.000469s ]
INFO: [ app_begin ] --START--
INFO: Run Behavior\ReadHtmlCacheBehavior [ RunTime:0.000672s ]
INFO: [ app_begin ] --END-- [ RunTime:0.000732s ]
SQL: SHOW COLUMNS FROM `inviteinfo` [ RunTime:0.0060s ]
SQL: SELECT COUNT(*) AS tp_count FROM `inviteinfo` LIMIT 1   [ RunTime:0.0004s ]
SQL: SELECT * FROM `inviteinfo` LIMIT 5,5   [ RunTime:0.0009s ]
INFO: [ app_end ] --START--
INFO: Run Behavior\ShowPageTraceBehavior [ RunTime:0.000888s ]
INFO: [ app_end ] --END-- [ RunTime:0.000945s ]

[ 2016-07-19T07:38:27+08:00 ] ::1 /10/jiekou/tp/Home/list
INFO: [ app_init ] --START--
INFO: Run Behavior\BuildLiteBehavior [ RunTime:0.000011s ]
INFO: [ app_init ] --END-- [ RunTime:0.000383s ]
INFO: [ app_begin ] --START--
INFO: Run Behavior\ReadHtmlCacheBehavior [ RunTime:0.001437s ]
INFO: [ app_begin ] --END-- [ RunTime:0.001550s ]
SQL: SHOW COLUMNS FROM `inviteinfo` [ RunTime:0.0041s ]
SQL: SELECT COUNT(*) AS tp_count FROM `inviteinfo` LIMIT 1   [ RunTime:0.0003s ]
SQL: SELECT * FROM `inviteinfo` LIMIT 5,5   [ RunTime:0.0009s ]
INFO: [ app_end ] --START--
INFO: Run Behavior\ShowPageTraceBehavior [ RunTime:0.000738s ]
INFO: [ app_end ] --END-- [ RunTime:0.000786s ]

[ 2016-07-19T07:38:34+08:00 ] ::1 /10/jiekou/tp/Home/list
INFO: [ app_init ] --START--
INFO: Run Behavior\BuildLiteBehavior [ RunTime:0.000012s ]
INFO: [ app_init ] --END-- [ RunTime:0.000441s ]
INFO: [ app_begin ] --START--
INFO: Run Behavior\ReadHtmlCacheBehavior [ RunTime:0.000668s ]
INFO: [ app_begin ] --END-- [ RunTime:0.000715s ]
SQL: SHOW COLUMNS FROM `inviteinfo` [ RunTime:0.0046s ]
SQL: SELECT COUNT(*) AS tp_count FROM `inviteinfo` LIMIT 1   [ RunTime:0.0004s ]
SQL: SELECT * FROM `inviteinfo` LIMIT 5,5   [ RunTime:0.0013s ]
INFO: [ app_end ] --START--
INFO: Run Behavior\ShowPageTraceBehavior [ RunTime:0.001131s ]
INFO: [ app_end ] --END-- [ RunTime:0.001202s ]

[ 2016-07-19T07:39:19+08:00 ] ::1 /10/jiekou/tp/Home/list
INFO: [ app_init ] --START--
INFO: Run Behavior\BuildLiteBehavior [ RunTime:0.000012s ]
INFO: [ app_init ] --END-- [ RunTime:0.000412s ]
INFO: [ app_begin ] --START--
INFO: Run Behavior\ReadHtmlCacheBehavior [ RunTime:0.000613s ]
INFO: [ app_begin ] --END-- [ RunTime:0.000705s ]
SQL: SHOW COLUMNS FROM `inviteinfo` [ RunTime:0.0045s ]
SQL: SELECT COUNT(*) AS tp_count FROM `inviteinfo` LIMIT 1   [ RunTime:0.0004s ]
SQL: SELECT * FROM `inviteinfo` LIMIT 0,5   [ RunTime:0.0009s ]
INFO: [ app_end ] --START--
INFO: Run Behavior\ShowPageTraceBehavior [ RunTime:0.000568s ]
INFO: [ app_end ] --END-- [ RunTime:0.000612s ]

[ 2016-07-19T07:39:48+08:00 ] ::1 /10/jiekou/tp/Home/list
INFO: [ app_init ] --START--
INFO: Run Behavior\BuildLiteBehavior [ RunTime:0.000011s ]
INFO: [ app_init ] --END-- [ RunTime:0.000510s ]
INFO: [ app_begin ] --START--
INFO: Run Behavior\ReadHtmlCacheBehavior [ RunTime:0.000769s ]
INFO: [ app_begin ] --END-- [ RunTime:0.000859s ]
SQL: SHOW COLUMNS FROM `inviteinfo` [ RunTime:0.0041s ]
SQL: SELECT COUNT(*) AS tp_count FROM `inviteinfo` LIMIT 1   [ RunTime:0.0003s ]
SQL: SELECT * FROM `inviteinfo` LIMIT 0,5   [ RunTime:0.0010s ]
INFO: [ app_end ] --START--
INFO: Run Behavior\ShowPageTraceBehavior [ RunTime:0.000664s ]
INFO: [ app_end ] --END-- [ RunTime:0.000721s ]

[ 2016-07-19T07:40:00+08:00 ] ::1 /10/jiekou/tp/Home/list
INFO: [ app_init ] --START--
INFO: Run Behavior\BuildLiteBehavior [ RunTime:0.000013s ]
INFO: [ app_init ] --END-- [ RunTime:0.000427s ]
INFO: [ app_begin ] --START--
INFO: Run Behavior\ReadHtmlCacheBehavior [ RunTime:0.000779s ]
INFO: [ app_begin ] --END-- [ RunTime:0.000841s ]

[ 2016-07-19T07:41:15+08:00 ] ::1 /10/jiekou/tp/Home/list
INFO: [ app_init ] --START--
INFO: Run Behavior\BuildLiteBehavior [ RunTime:0.000011s ]
INFO: [ app_init ] --END-- [ RunTime:0.000396s ]
INFO: [ app_begin ] --START--
INFO: Run Behavior\ReadHtmlCacheBehavior [ RunTime:0.000629s ]
INFO: [ app_begin ] --END-- [ RunTime:0.000676s ]
SQL: SHOW COLUMNS FROM `inviteinfo` [ RunTime:0.0041s ]
SQL: SELECT COUNT(*) AS tp_count FROM `inviteinfo` LIMIT 1   [ RunTime:0.0003s ]
SQL: SELECT * FROM `inviteinfo` LIMIT 0,5   [ RunTime:0.0009s ]
INFO: [ app_end ] --START--
INFO: Run Behavior\ShowPageTraceBehavior [ RunTime:0.000635s ]
INFO: [ app_end ] --END-- [ RunTime:0.000681s ]

[ 2016-07-19T07:43:10+08:00 ] ::1 /10/jiekou/tp/Home/list
INFO: [ app_init ] --START--
INFO: Run Behavior\BuildLiteBehavior [ RunTime:0.000011s ]
INFO: [ app_init ] --END-- [ RunTime:0.000365s ]
INFO: [ app_begin ] --START--
INFO: Run Behavior\ReadHtmlCacheBehavior [ RunTime:0.000744s ]
INFO: [ app_begin ] --END-- [ RunTime:0.000789s ]
SQL: SHOW COLUMNS FROM `inviteinfo` [ RunTime:0.0049s ]
SQL: SELECT COUNT(*) AS tp_count FROM `inviteinfo` LIMIT 1   [ RunTime:0.0004s ]
SQL: SELECT * FROM `inviteinfo` LIMIT 0,5   [ RunTime:0.0009s ]
INFO: [ app_end ] --START--
INFO: Run Behavior\ShowPageTraceBehavior [ RunTime:0.000739s ]
INFO: [ app_end ] --END-- [ RunTime:0.000785s ]

[ 2016-07-19T07:43:10+08:00 ] ::1 /10/jiekou/tp/Home/list
INFO: [ app_init ] --START--
INFO: Run Behavior\BuildLiteBehavior [ RunTime:0.000011s ]
INFO: [ app_init ] --END-- [ RunTime:0.000340s ]
INFO: [ app_begin ] --START--
INFO: Run Behavior\ReadHtmlCacheBehavior [ RunTime:0.001838s ]
INFO: [ app_begin ] --END-- [ RunTime:0.001910s ]
SQL: SHOW COLUMNS FROM `inviteinfo` [ RunTime:0.0055s ]
SQL: SELECT COUNT(*) AS tp_count FROM `inviteinfo` LIMIT 1   [ RunTime:0.0004s ]
SQL: SELECT * FROM `inviteinfo` LIMIT 0,5   [ RunTime:0.0012s ]
INFO: [ app_end ] --START--
INFO: Run Behavior\ShowPageTraceBehavior [ RunTime:0.000668s ]
INFO: [ app_end ] --END-- [ RunTime:0.000715s ]

[ 2016-07-19T07:43:34+08:00 ] ::1 /10/jiekou/tp/Home/list
INFO: [ app_init ] --START--
INFO: Run Behavior\BuildLiteBehavior [ RunTime:0.000011s ]
INFO: [ app_init ] --END-- [ RunTime:0.000347s ]
INFO: [ app_begin ] --START--
INFO: Run Behavior\ReadHtmlCacheBehavior [ RunTime:0.000507s ]
INFO: [ app_begin ] --END-- [ RunTime:0.000551s ]
SQL: SHOW COLUMNS FROM `inviteinfo` [ RunTime:0.0044s ]
SQL: SELECT COUNT(*) AS tp_count FROM `inviteinfo` LIMIT 1   [ RunTime:0.0004s ]
SQL: SELECT * FROM `inviteinfo` LIMIT 0,5   [ RunTime:0.0009s ]
INFO: [ app_end ] --START--
INFO: Run Behavior\ShowPageTraceBehavior [ RunTime:0.000708s ]
INFO: [ app_end ] --END-- [ RunTime:0.000758s ]

[ 2016-07-19T07:43:56+08:00 ] ::1 /10/jiekou/tp/Home/list
INFO: [ app_init ] --START--
INFO: Run Behavior\BuildLiteBehavior [ RunTime:0.000026s ]
INFO: [ app_init ] --END-- [ RunTime:0.000530s ]
INFO: [ app_begin ] --START--
INFO: Run Behavior\ReadHtmlCacheBehavior [ RunTime:0.000585s ]
INFO: [ app_begin ] --END-- [ RunTime:0.000630s ]
SQL: SHOW COLUMNS FROM `inviteinfo` [ RunTime:0.0041s ]
SQL: SELECT COUNT(*) AS tp_count FROM `inviteinfo` LIMIT 1   [ RunTime:0.0003s ]
SQL: SELECT * FROM `inviteinfo` LIMIT 0,5   [ RunTime:0.0009s ]
INFO: [ app_end ] --START--
INFO: Run Behavior\ShowPageTraceBehavior [ RunTime:0.000694s ]
INFO: [ app_end ] --END-- [ RunTime:0.000739s ]

[ 2016-07-19T07:44:43+08:00 ] ::1 /10/jiekou/tp/Home/list
INFO: [ app_init ] --START--
INFO: Run Behavior\BuildLiteBehavior [ RunTime:0.000018s ]
INFO: [ app_init ] --END-- [ RunTime:0.000412s ]
INFO: [ app_begin ] --START--
INFO: Run Behavior\ReadHtmlCacheBehavior [ RunTime:0.000535s ]
INFO: [ app_begin ] --END-- [ RunTime:0.000581s ]
SQL: SHOW COLUMNS FROM `inviteinfo` [ RunTime:0.0042s ]
SQL: SELECT COUNT(*) AS tp_count FROM `inviteinfo` LIMIT 1   [ RunTime:0.0003s ]
SQL: SELECT * FROM `inviteinfo` LIMIT 0,5   [ RunTime:0.0011s ]
INFO: [ app_end ] --START--
INFO: Run Behavior\ShowPageTraceBehavior [ RunTime:0.000902s ]
INFO: [ app_end ] --END-- [ RunTime:0.000970s ]

[ 2016-07-19T07:45:03+08:00 ] ::1 /10/jiekou/tp/Home/list
INFO: [ app_init ] --START--
INFO: Run Behavior\BuildLiteBehavior [ RunTime:0.000019s ]
INFO: [ app_init ] --END-- [ RunTime:0.000604s ]
INFO: [ app_begin ] --START--
INFO: Run Behavior\ReadHtmlCacheBehavior [ RunTime:0.000589s ]
INFO: [ app_begin ] --END-- [ RunTime:0.000646s ]
SQL: SHOW COLUMNS FROM `inviteinfo` [ RunTime:0.0045s ]
SQL: SELECT COUNT(*) AS tp_count FROM `inviteinfo` LIMIT 1   [ RunTime:0.0003s ]
SQL: SELECT * FROM `inviteinfo` LIMIT 0,5   [ RunTime:0.0010s ]
INFO: [ app_end ] --START--
INFO: Run Behavior\ShowPageTraceBehavior [ RunTime:0.000720s ]
INFO: [ app_end ] --END-- [ RunTime:0.000770s ]

[ 2016-07-19T07:45:20+08:00 ] ::1 /10/jiekou/tp/Home/list
INFO: [ app_init ] --START--
INFO: Run Behavior\BuildLiteBehavior [ RunTime:0.000012s ]
INFO: [ app_init ] --END-- [ RunTime:0.000476s ]
INFO: [ app_begin ] --START--
INFO: Run Behavior\ReadHtmlCacheBehavior [ RunTime:0.000927s ]
INFO: [ app_begin ] --END-- [ RunTime:0.000993s ]
SQL: SHOW COLUMNS FROM `inviteinfo` [ RunTime:0.0048s ]
SQL: SELECT COUNT(*) AS tp_count FROM `inviteinfo` LIMIT 1   [ RunTime:0.0004s ]
SQL: SELECT * FROM `inviteinfo` LIMIT 0,5   [ RunTime:0.0009s ]
INFO: [ app_end ] --START--
INFO: Run Behavior\ShowPageTraceBehavior [ RunTime:0.000801s ]
INFO: [ app_end ] --END-- [ RunTime:0.000869s ]

[ 2016-07-19T07:45:23+08:00 ] ::1 /10/jiekou/tp/Home/list
INFO: [ app_init ] --START--
INFO: Run Behavior\BuildLiteBehavior [ RunTime:0.000012s ]
INFO: [ app_init ] --END-- [ RunTime:0.000421s ]
INFO: [ app_begin ] --START--
INFO: Run Behavior\ReadHtmlCacheBehavior [ RunTime:0.000500s ]
INFO: [ app_begin ] --END-- [ RunTime:0.000545s ]
SQL: SHOW COLUMNS FROM `inviteinfo` [ RunTime:0.0051s ]
SQL: SELECT COUNT(*) AS tp_count FROM `inviteinfo` LIMIT 1   [ RunTime:0.0003s ]
SQL: SELECT * FROM `inviteinfo` LIMIT 5,5   [ RunTime:0.0009s ]
INFO: [ app_end ] --START--
INFO: Run Behavior\ShowPageTraceBehavior [ RunTime:0.000731s ]
INFO: [ app_end ] --END-- [ RunTime:0.000781s ]

[ 2016-07-19T07:45:32+08:00 ] ::1 /10/jiekou/tp/Home/list
INFO: [ app_init ] --START--
INFO: Run Behavior\BuildLiteBehavior [ RunTime:0.000017s ]
INFO: [ app_init ] --END-- [ RunTime:0.000860s ]
INFO: [ app_begin ] --START--
INFO: Run Behavior\ReadHtmlCacheBehavior [ RunTime:0.000628s ]
INFO: [ app_begin ] --END-- [ RunTime:0.000671s ]
SQL: SHOW COLUMNS FROM `inviteinfo` [ RunTime:0.0052s ]
SQL: SELECT COUNT(*) AS tp_count FROM `inviteinfo` LIMIT 1   [ RunTime:0.0004s ]
SQL: SELECT * FROM `inviteinfo` LIMIT 0,5   [ RunTime:0.0010s ]
INFO: [ app_end ] --START--
INFO: Run Behavior\ShowPageTraceBehavior [ RunTime:0.000832s ]
INFO: [ app_end ] --END-- [ RunTime:0.000880s ]

[ 2016-07-19T07:45:37+08:00 ] ::1 /10/jiekou/tp/Home/list
INFO: [ app_init ] --START--
INFO: Run Behavior\BuildLiteBehavior [ RunTime:0.000013s ]
INFO: [ app_init ] --END-- [ RunTime:0.000498s ]
INFO: [ app_begin ] --START--
INFO: Run Behavior\ReadHtmlCacheBehavior [ RunTime:0.000555s ]
INFO: [ app_begin ] --END-- [ RunTime:0.000601s ]
SQL: SHOW COLUMNS FROM `inviteinfo` [ RunTime:0.0041s ]
SQL: SELECT COUNT(*) AS tp_count FROM `inviteinfo` LIMIT 1   [ RunTime:0.0003s ]
SQL: SELECT * FROM `inviteinfo` LIMIT 5,5   [ RunTime:0.0009s ]
INFO: [ app_end ] --START--
INFO: Run Behavior\ShowPageTraceBehavior [ RunTime:0.000695s ]
INFO: [ app_end ] --END-- [ RunTime:0.000740s ]

[ 2016-07-19T07:45:50+08:00 ] ::1 /10/jiekou/tp/Home/list
INFO: [ app_init ] --START--
INFO: Run Behavior\BuildLiteBehavior [ RunTime:0.000010s ]
INFO: [ app_init ] --END-- [ RunTime:0.000335s ]
INFO: [ app_begin ] --START--
INFO: Run Behavior\ReadHtmlCacheBehavior [ RunTime:0.000674s ]
INFO: [ app_begin ] --END-- [ RunTime:0.000740s ]
SQL: SHOW COLUMNS FROM `inviteinfo` [ RunTime:0.0041s ]
SQL: SELECT COUNT(*) AS tp_count FROM `inviteinfo` LIMIT 1   [ RunTime:0.0004s ]
SQL: SELECT * FROM `inviteinfo` LIMIT 5,5   [ RunTime:0.0010s ]
INFO: [ app_end ] --START--
INFO: Run Behavior\ShowPageTraceBehavior [ RunTime:0.000689s ]
INFO: [ app_end ] --END-- [ RunTime:0.000735s ]

[ 2016-07-19T07:46:27+08:00 ] ::1 /10/jiekou/tp/Home/list
INFO: [ app_init ] --START--
INFO: Run Behavior\BuildLiteBehavior [ RunTime:0.000012s ]
INFO: [ app_init ] --END-- [ RunTime:0.000450s ]
INFO: [ app_begin ] --START--
INFO: Run Behavior\ReadHtmlCacheBehavior [ RunTime:0.000540s ]
INFO: [ app_begin ] --END-- [ RunTime:0.000595s ]
SQL: SHOW COLUMNS FROM `inviteinfo` [ RunTime:0.0047s ]
SQL: SELECT COUNT(*) AS tp_count FROM `inviteinfo` LIMIT 1   [ RunTime:0.0004s ]
SQL: SELECT * FROM `inviteinfo` LIMIT 5,5   [ RunTime:0.0011s ]
INFO: [ app_end ] --START--
INFO: Run Behavior\ShowPageTraceBehavior [ RunTime:0.000747s ]
INFO: [ app_end ] --END-- [ RunTime:0.000795s ]

[ 2016-07-19T07:58:43+08:00 ] ::1 /10/jiekou/tp/Home/list
INFO: [ app_init ] --START--
INFO: Run Behavior\BuildLiteBehavior [ RunTime:0.000013s ]
INFO: [ app_init ] --END-- [ RunTime:0.000461s ]
INFO: [ app_begin ] --START--
INFO: Run Behavior\ReadHtmlCacheBehavior [ RunTime:0.000854s ]
INFO: [ app_begin ] --END-- [ RunTime:0.000918s ]
SQL: SHOW COLUMNS FROM `inviteinfo` [ RunTime:0.0046s ]
SQL: SELECT COUNT(*) AS tp_count FROM `inviteinfo` LIMIT 1   [ RunTime:0.0004s ]
SQL: SELECT * FROM `inviteinfo` LIMIT 0,5   [ RunTime:0.0010s ]
INFO: [ app_end ] --START--
INFO: Run Behavior\ShowPageTraceBehavior [ RunTime:0.000714s ]
INFO: [ app_end ] --END-- [ RunTime:0.000764s ]

[ 2016-07-19T08:06:15+08:00 ] ::1 /10/jiekou/tp/Home/list
INFO: [ app_init ] --START--
INFO: Run Behavior\BuildLiteBehavior [ RunTime:0.000013s ]
INFO: [ app_init ] --END-- [ RunTime:0.000486s ]
INFO: [ app_begin ] --START--
INFO: Run Behavior\ReadHtmlCacheBehavior [ RunTime:0.001129s ]
INFO: [ app_begin ] --END-- [ RunTime:0.001207s ]
SQL: SHOW COLUMNS FROM `inviteinfo` [ RunTime:0.0047s ]
SQL: SELECT COUNT(*) AS tp_count FROM `inviteinfo` LIMIT 1   [ RunTime:0.0003s ]
SQL: SELECT * FROM `inviteinfo` LIMIT 0,5   [ RunTime:0.0009s ]
INFO: [ app_end ] --START--
INFO: Run Behavior\ShowPageTraceBehavior [ RunTime:0.000778s ]
INFO: [ app_end ] --END-- [ RunTime:0.000825s ]

[ 2016-07-19T20:40:39+08:00 ] ::1 /10/jiekou/tp/Home/list
INFO: [ app_init ] --START--
INFO: Run Behavior\BuildLiteBehavior [ RunTime:0.000017s ]
INFO: [ app_init ] --END-- [ RunTime:0.000607s ]
INFO: [ app_begin ] --START--
INFO: Run Behavior\ReadHtmlCacheBehavior [ RunTime:0.000694s ]
INFO: [ app_begin ] --END-- [ RunTime:0.000746s ]
SQL: SHOW COLUMNS FROM `inviteinfo` [ RunTime:0.0400s ]
SQL: SELECT COUNT(*) AS tp_count FROM `inviteinfo` LIMIT 1   [ RunTime:0.0006s ]
SQL: SELECT * FROM `inviteinfo` LIMIT 0,5   [ RunTime:0.0011s ]
INFO: [ app_end ] --START--
INFO: Run Behavior\ShowPageTraceBehavior [ RunTime:0.000803s ]
INFO: [ app_end ] --END-- [ RunTime:0.000851s ]

[ 2016-07-19T21:07:09+08:00 ] ::1 /10/jiekou/tp/Home/list
INFO: [ app_init ] --START--
INFO: Run Behavior\BuildLiteBehavior [ RunTime:0.000012s ]
INFO: [ app_init ] --END-- [ RunTime:0.000386s ]
INFO: [ app_begin ] --START--
INFO: Run Behavior\ReadHtmlCacheBehavior [ RunTime:0.000912s ]
INFO: [ app_begin ] --END-- [ RunTime:0.000975s ]
SQL: SHOW COLUMNS FROM `inviteinfo` [ RunTime:0.0057s ]
SQL: SELECT COUNT(*) AS tp_count FROM `inviteinfo` LIMIT 1   [ RunTime:0.0005s ]
SQL: SELECT * FROM `inviteinfo` LIMIT 0,5   [ RunTime:0.0015s ]
INFO: [ app_end ] --START--
INFO: Run Behavior\ShowPageTraceBehavior [ RunTime:0.001062s ]
INFO: [ app_end ] --END-- [ RunTime:0.001134s ]

[ 2016-07-19T21:07:13+08:00 ] ::1 /10/jiekou/tp/Home/list
INFO: [ app_init ] --START--
INFO: Run Behavior\BuildLiteBehavior [ RunTime:0.000012s ]
INFO: [ app_init ] --END-- [ RunTime:0.000560s ]
INFO: [ app_begin ] --START--
INFO: Run Behavior\ReadHtmlCacheBehavior [ RunTime:0.000681s ]
INFO: [ app_begin ] --END-- [ RunTime:0.000732s ]
SQL: SHOW COLUMNS FROM `inviteinfo` [ RunTime:0.0050s ]
SQL: SELECT COUNT(*) AS tp_count FROM `inviteinfo` LIMIT 1   [ RunTime:0.0004s ]
SQL: SELECT * FROM `inviteinfo` LIMIT 5,5   [ RunTime:0.0011s ]
INFO: [ app_end ] --START--
INFO: Run Behavior\ShowPageTraceBehavior [ RunTime:0.000761s ]
INFO: [ app_end ] --END-- [ RunTime:0.000821s ]

[ 2016-07-19T21:10:38+08:00 ] ::1 /10/jiekou/tp/Home/list
INFO: [ app_init ] --START--
INFO: Run Behavior\BuildLiteBehavior [ RunTime:0.000012s ]
INFO: [ app_init ] --END-- [ RunTime:0.000387s ]
INFO: [ app_begin ] --START--
INFO: Run Behavior\ReadHtmlCacheBehavior [ RunTime:0.000618s ]
INFO: [ app_begin ] --END-- [ RunTime:0.000662s ]
SQL: SHOW COLUMNS FROM `inviteinfo` [ RunTime:0.0077s ]
SQL: SELECT COUNT(*) AS tp_count FROM `inviteinfo` LIMIT 1   [ RunTime:0.0004s ]
SQL: SELECT * FROM `inviteinfo` LIMIT 0,5   [ RunTime:0.0015s ]
INFO: [ app_end ] --START--
INFO: Run Behavior\ShowPageTraceBehavior [ RunTime:0.001156s ]
INFO: [ app_end ] --END-- [ RunTime:0.001244s ]

[ 2016-07-19T21:11:42+08:00 ] ::1 /10/jiekou/tp/Home/list
INFO: [ app_init ] --START--
INFO: Run Behavior\BuildLiteBehavior [ RunTime:0.000014s ]
INFO: [ app_init ] --END-- [ RunTime:0.000515s ]
INFO: [ app_begin ] --START--
INFO: Run Behavior\ReadHtmlCacheBehavior [ RunTime:0.000856s ]
INFO: [ app_begin ] --END-- [ RunTime:0.000928s ]
SQL: SHOW COLUMNS FROM `inviteinfo` [ RunTime:0.0135s ]
SQL: SELECT COUNT(*) AS tp_count FROM `inviteinfo` LIMIT 1   [ RunTime:0.0004s ]
SQL: SELECT * FROM `inviteinfo` LIMIT 0,5   [ RunTime:0.0011s ]
INFO: [ app_end ] --START--
INFO: Run Behavior\ShowPageTraceBehavior [ RunTime:0.000813s ]
INFO: [ app_end ] --END-- [ RunTime:0.000858s ]

[ 2016-07-19T21:11:42+08:00 ] ::1 /10/jiekou/tp/Home/list
INFO: [ app_init ] --START--
INFO: Run Behavior\BuildLiteBehavior [ RunTime:0.000012s ]
INFO: [ app_init ] --END-- [ RunTime:0.000356s ]
INFO: [ app_begin ] --START--
INFO: Run Behavior\ReadHtmlCacheBehavior [ RunTime:0.000604s ]
INFO: [ app_begin ] --END-- [ RunTime:0.000657s ]
SQL: SHOW COLUMNS FROM `inviteinfo` [ RunTime:0.0052s ]
SQL: SELECT COUNT(*) AS tp_count FROM `inviteinfo` LIMIT 1   [ RunTime:0.0004s ]
SQL: SELECT * FROM `inviteinfo` LIMIT 0,5   [ RunTime:0.0015s ]
INFO: [ app_end ] --START--
INFO: Run Behavior\ShowPageTraceBehavior [ RunTime:0.000791s ]
INFO: [ app_end ] --END-- [ RunTime:0.000844s ]

[ 2016-07-19T21:11:48+08:00 ] ::1 /10/jiekou/tp/Home/list
INFO: [ app_init ] --START--
INFO: Run Behavior\BuildLiteBehavior [ RunTime:0.000017s ]
INFO: [ app_init ] --END-- [ RunTime:0.000595s ]
INFO: [ app_begin ] --START--
INFO: Run Behavior\ReadHtmlCacheBehavior [ RunTime:0.001161s ]
INFO: [ app_begin ] --END-- [ RunTime:0.001239s ]
SQL: SHOW COLUMNS FROM `inviteinfo` [ RunTime:0.0042s ]
SQL: SELECT COUNT(*) AS tp_count FROM `inviteinfo` LIMIT 1   [ RunTime:0.0005s ]
SQL: SELECT * FROM `inviteinfo` LIMIT 5,5   [ RunTime:0.0010s ]
INFO: [ app_end ] --START--
INFO: Run Behavior\ShowPageTraceBehavior [ RunTime:0.000818s ]
INFO: [ app_end ] --END-- [ RunTime:0.000872s ]

[ 2016-07-19T21:11:57+08:00 ] ::1 /10/jiekou/tp/Home/list
INFO: [ app_init ] --START--
INFO: Run Behavior\BuildLiteBehavior [ RunTime:0.000020s ]
INFO: [ app_init ] --END-- [ RunTime:0.001109s ]
INFO: [ app_begin ] --START--
INFO: Run Behavior\ReadHtmlCacheBehavior [ RunTime:0.001224s ]
INFO: [ app_begin ] --END-- [ RunTime:0.001312s ]
SQL: SHOW COLUMNS FROM `inviteinfo` [ RunTime:0.0053s ]
SQL: SELECT COUNT(*) AS tp_count FROM `inviteinfo` LIMIT 1   [ RunTime:0.0004s ]
SQL: SELECT * FROM `inviteinfo` LIMIT 5,5   [ RunTime:0.0011s ]
INFO: [ app_end ] --START--
INFO: Run Behavior\ShowPageTraceBehavior [ RunTime:0.000899s ]
INFO: [ app_end ] --END-- [ RunTime:0.000975s ]

[ 2016-07-19T21:12:24+08:00 ] ::1 /10/jiekou/tp/Home/list
INFO: [ app_init ] --START--
INFO: Run Behavior\BuildLiteBehavior [ RunTime:0.000019s ]
INFO: [ app_init ] --END-- [ RunTime:0.000895s ]
INFO: [ app_begin ] --START--
INFO: Run Behavior\ReadHtmlCacheBehavior [ RunTime:0.000841s ]
INFO: [ app_begin ] --END-- [ RunTime:0.000963s ]
SQL: SHOW COLUMNS FROM `inviteinfo` [ RunTime:0.0044s ]
SQL: SELECT COUNT(*) AS tp_count FROM `inviteinfo` LIMIT 1   [ RunTime:0.0004s ]
SQL: SELECT * FROM `inviteinfo` LIMIT 5,5   [ RunTime:0.0009s ]
INFO: [ app_end ] --START--
INFO: Run Behavior\ShowPageTraceBehavior [ RunTime:0.000890s ]
INFO: [ app_end ] --END-- [ RunTime:0.000943s ]

[ 2016-07-19T21:15:23+08:00 ] ::1 /10/jiekou/tp/Home/list
INFO: [ app_init ] --START--
INFO: Run Behavior\BuildLiteBehavior [ RunTime:0.000020s ]
INFO: [ app_init ] --END-- [ RunTime:0.000644s ]
INFO: [ app_begin ] --START--
INFO: Run Behavior\ReadHtmlCacheBehavior [ RunTime:0.000694s ]
INFO: [ app_begin ] --END-- [ RunTime:0.000743s ]
SQL: SHOW COLUMNS FROM `inviteinfo` [ RunTime:0.0061s ]
SQL: SELECT COUNT(*) AS tp_count FROM `inviteinfo` LIMIT 1   [ RunTime:0.0005s ]
SQL: SELECT * FROM `inviteinfo` LIMIT 0,5   [ RunTime:0.0012s ]
INFO: [ app_end ] --START--
INFO: Run Behavior\ShowPageTraceBehavior [ RunTime:0.000759s ]
INFO: [ app_end ] --END-- [ RunTime:0.000812s ]

[ 2016-07-19T21:15:27+08:00 ] ::1 /10/jiekou/tp/Home/list
INFO: [ app_init ] --START--
INFO: Run Behavior\BuildLiteBehavior [ RunTime:0.000013s ]
INFO: [ app_init ] --END-- [ RunTime:0.000477s ]
INFO: [ app_begin ] --START--
INFO: Run Behavior\ReadHtmlCacheBehavior [ RunTime:0.001290s ]
INFO: [ app_begin ] --END-- [ RunTime:0.001408s ]
SQL: SHOW COLUMNS FROM `inviteinfo` [ RunTime:0.0055s ]
SQL: SELECT COUNT(*) AS tp_count FROM `inviteinfo` LIMIT 1   [ RunTime:0.0004s ]
SQL: SELECT * FROM `inviteinfo` LIMIT 5,5   [ RunTime:0.0010s ]
INFO: [ app_end ] --START--
INFO: Run Behavior\ShowPageTraceBehavior [ RunTime:0.000868s ]
INFO: [ app_end ] --END-- [ RunTime:0.000939s ]

[ 2016-07-19T21:15:33+08:00 ] ::1 /10/jiekou/tp/Home/list
INFO: [ app_init ] --START--
INFO: Run Behavior\BuildLiteBehavior [ RunTime:0.000012s ]
INFO: [ app_init ] --END-- [ RunTime:0.000408s ]
INFO: [ app_begin ] --START--
INFO: Run Behavior\ReadHtmlCacheBehavior [ RunTime:0.000621s ]
INFO: [ app_begin ] --END-- [ RunTime:0.000678s ]
SQL: SHOW COLUMNS FROM `inviteinfo` [ RunTime:0.0056s ]
SQL: SELECT COUNT(*) AS tp_count FROM `inviteinfo` LIMIT 1   [ RunTime:0.0005s ]
SQL: SELECT * FROM `inviteinfo` LIMIT 5,5   [ RunTime:0.0011s ]
INFO: [ app_end ] --START--
INFO: Run Behavior\ShowPageTraceBehavior [ RunTime:0.000836s ]
INFO: [ app_end ] --END-- [ RunTime:0.000906s ]

[ 2016-07-19T21:15:57+08:00 ] ::1 /10/jiekou/tp/Home/list
INFO: [ app_init ] --START--
INFO: Run Behavior\BuildLiteBehavior [ RunTime:0.000012s ]
INFO: [ app_init ] --END-- [ RunTime:0.000426s ]
INFO: [ app_begin ] --START--
INFO: Run Behavior\ReadHtmlCacheBehavior [ RunTime:0.000565s ]
INFO: [ app_begin ] --END-- [ RunTime:0.000632s ]
SQL: SHOW COLUMNS FROM `inviteinfo` [ RunTime:0.0062s ]
SQL: SELECT COUNT(*) AS tp_count FROM `inviteinfo` LIMIT 1   [ RunTime:0.0004s ]
SQL: SELECT * FROM `inviteinfo` LIMIT 0,5   [ RunTime:0.0011s ]
INFO: [ app_end ] --START--
INFO: Run Behavior\ShowPageTraceBehavior [ RunTime:0.000712s ]
INFO: [ app_end ] --END-- [ RunTime:0.000783s ]

[ 2016-07-19T21:16:05+08:00 ] ::1 /10/jiekou/tp/Home/list
INFO: [ app_init ] --START--
INFO: Run Behavior\BuildLiteBehavior [ RunTime:0.000020s ]
INFO: [ app_init ] --END-- [ RunTime:0.001154s ]
INFO: [ app_begin ] --START--
INFO: Run Behavior\ReadHtmlCacheBehavior [ RunTime:0.000629s ]
INFO: [ app_begin ] --END-- [ RunTime:0.000685s ]
SQL: SHOW COLUMNS FROM `inviteinfo` [ RunTime:0.0044s ]
SQL: SELECT COUNT(*) AS tp_count FROM `inviteinfo` LIMIT 1   [ RunTime:0.0004s ]
SQL: SELECT * FROM `inviteinfo` LIMIT 5,5   [ RunTime:0.0012s ]
INFO: [ app_end ] --START--
INFO: Run Behavior\ShowPageTraceBehavior [ RunTime:0.000729s ]
INFO: [ app_end ] --END-- [ RunTime:0.000777s ]

[ 2016-07-19T21:16:12+08:00 ] ::1 /10/jiekou/tp/Home/list
INFO: [ app_init ] --START--
INFO: Run Behavior\BuildLiteBehavior [ RunTime:0.000010s ]
INFO: [ app_init ] --END-- [ RunTime:0.000309s ]
INFO: [ app_begin ] --START--
INFO: Run Behavior\ReadHtmlCacheBehavior [ RunTime:0.000665s ]
INFO: [ app_begin ] --END-- [ RunTime:0.000749s ]
SQL: SHOW COLUMNS FROM `inviteinfo` [ RunTime:0.0783s ]
SQL: SELECT COUNT(*) AS tp_count FROM `inviteinfo` LIMIT 1   [ RunTime:0.0004s ]
SQL: SELECT * FROM `inviteinfo` LIMIT 5,5   [ RunTime:0.0009s ]
INFO: [ app_end ] --START--
INFO: Run Behavior\ShowPageTraceBehavior [ RunTime:0.000750s ]
INFO: [ app_end ] --END-- [ RunTime:0.000798s ]

[ 2016-07-19T21:18:45+08:00 ] ::1 /10/jiekou/tp/Home/list
INFO: [ app_init ] --START--
INFO: Run Behavior\BuildLiteBehavior [ RunTime:0.000013s ]
INFO: [ app_init ] --END-- [ RunTime:0.000434s ]
INFO: [ app_begin ] --START--
INFO: Run Behavior\ReadHtmlCacheBehavior [ RunTime:0.000654s ]
INFO: [ app_begin ] --END-- [ RunTime:0.000702s ]
SQL: SHOW COLUMNS FROM `inviteinfo` [ RunTime:0.0060s ]
SQL: SELECT COUNT(*) AS tp_count FROM `inviteinfo` LIMIT 1   [ RunTime:0.0005s ]
SQL: SELECT * FROM `inviteinfo` LIMIT 0,5   [ RunTime:0.0011s ]
INFO: [ app_end ] --START--
INFO: Run Behavior\ShowPageTraceBehavior [ RunTime:0.000822s ]
INFO: [ app_end ] --END-- [ RunTime:0.000876s ]

[ 2016-07-19T21:19:33+08:00 ] ::1 /10/jiekou/tp/Home/list
INFO: [ app_init ] --START--
INFO: Run Behavior\BuildLiteBehavior [ RunTime:0.000012s ]
INFO: [ app_init ] --END-- [ RunTime:0.000344s ]
INFO: [ app_begin ] --START--
INFO: Run Behavior\ReadHtmlCacheBehavior [ RunTime:0.000989s ]
INFO: [ app_begin ] --END-- [ RunTime:0.001062s ]

[ 2016-07-19T21:20:06+08:00 ] ::1 /10/jiekou/tp/Home/list
INFO: [ app_init ] --START--
INFO: Run Behavior\BuildLiteBehavior [ RunTime:0.000012s ]
INFO: [ app_init ] --END-- [ RunTime:0.000425s ]
INFO: [ app_begin ] --START--
INFO: Run Behavior\ReadHtmlCacheBehavior [ RunTime:0.000620s ]
INFO: [ app_begin ] --END-- [ RunTime:0.000670s ]
SQL: SHOW COLUMNS FROM `inviteinfo` [ RunTime:0.0050s ]
SQL: SELECT COUNT(*) AS tp_count FROM `inviteinfo` LIMIT 1   [ RunTime:0.0003s ]
SQL: SELECT * FROM `inviteinfo` LIMIT 0,5   [ RunTime:0.0009s ]
INFO: [ app_end ] --START--
INFO: Run Behavior\ShowPageTraceBehavior [ RunTime:0.000713s ]
INFO: [ app_end ] --END-- [ RunTime:0.000759s ]

[ 2016-07-19T21:20:09+08:00 ] ::1 /10/jiekou/tp/Home/list
INFO: [ app_init ] --START--
INFO: Run Behavior\BuildLiteBehavior [ RunTime:0.000014s ]
INFO: [ app_init ] --END-- [ RunTime:0.000573s ]
INFO: [ app_begin ] --START--
INFO: Run Behavior\ReadHtmlCacheBehavior [ RunTime:0.000856s ]
INFO: [ app_begin ] --END-- [ RunTime:0.000918s ]
SQL: SHOW COLUMNS FROM `inviteinfo` [ RunTime:0.0472s ]
SQL: SELECT COUNT(*) AS tp_count FROM `inviteinfo` LIMIT 1   [ RunTime:0.0004s ]
SQL: SELECT * FROM `inviteinfo` LIMIT 5,5   [ RunTime:0.0009s ]
INFO: [ app_end ] --START--
INFO: Run Behavior\ShowPageTraceBehavior [ RunTime:0.000780s ]
INFO: [ app_end ] --END-- [ RunTime:0.000837s ]

[ 2016-07-19T21:20:49+08:00 ] ::1 /10/jiekou/tp/Home/list
INFO: [ app_init ] --START--
INFO: Run Behavior\BuildLiteBehavior [ RunTime:0.000014s ]
INFO: [ app_init ] --END-- [ RunTime:0.000496s ]
INFO: [ app_begin ] --START--
INFO: Run Behavior\ReadHtmlCacheBehavior [ RunTime:0.000795s ]
INFO: [ app_begin ] --END-- [ RunTime:0.000856s ]
SQL: SHOW COLUMNS FROM `inviteinfo` [ RunTime:0.0046s ]
SQL: SELECT COUNT(*) AS tp_count FROM `inviteinfo` LIMIT 1   [ RunTime:0.0005s ]
SQL: SELECT * FROM `inviteinfo` LIMIT 0,5   [ RunTime:0.0014s ]
INFO: [ app_end ] --START--
INFO: Run Behavior\ShowPageTraceBehavior [ RunTime:0.001307s ]
INFO: [ app_end ] --END-- [ RunTime:0.001390s ]

[ 2016-07-19T21:20:52+08:00 ] ::1 /10/jiekou/tp/Home/list
INFO: [ app_init ] --START--
INFO: Run Behavior\BuildLiteBehavior [ RunTime:0.000011s ]
INFO: [ app_init ] --END-- [ RunTime:0.000435s ]
INFO: [ app_begin ] --START--
INFO: Run Behavior\ReadHtmlCacheBehavior [ RunTime:0.000884s ]
INFO: [ app_begin ] --END-- [ RunTime:0.000937s ]
SQL: SHOW COLUMNS FROM `inviteinfo` [ RunTime:0.0044s ]
SQL: SELECT COUNT(*) AS tp_count FROM `inviteinfo` LIMIT 1   [ RunTime:0.0004s ]
SQL: SELECT * FROM `inviteinfo` LIMIT 5,5   [ RunTime:0.0009s ]
INFO: [ app_end ] --START--
INFO: Run Behavior\ShowPageTraceBehavior [ RunTime:0.000788s ]
INFO: [ app_end ] --END-- [ RunTime:0.000835s ]

[ 2016-07-19T21:21:08+08:00 ] ::1 /10/jiekou/tp/Home/list
INFO: [ app_init ] --START--
INFO: Run Behavior\BuildLiteBehavior [ RunTime:0.000011s ]
INFO: [ app_init ] --END-- [ RunTime:0.000430s ]
INFO: [ app_begin ] --START--
INFO: Run Behavior\ReadHtmlCacheBehavior [ RunTime:0.000693s ]
INFO: [ app_begin ] --END-- [ RunTime:0.000742s ]
SQL: SHOW COLUMNS FROM `inviteinfo` [ RunTime:0.0053s ]
SQL: SELECT COUNT(*) AS tp_count FROM `inviteinfo` LIMIT 1   [ RunTime:0.0004s ]
SQL: SELECT * FROM `inviteinfo` LIMIT 0,5   [ RunTime:0.0011s ]
INFO: [ app_end ] --START--
INFO: Run Behavior\ShowPageTraceBehavior [ RunTime:0.001110s ]
INFO: [ app_end ] --END-- [ RunTime:0.001162s ]

[ 2016-07-19T21:21:10+08:00 ] ::1 /10/jiekou/tp/Home/list
INFO: [ app_init ] --START--
INFO: Run Behavior\BuildLiteBehavior [ RunTime:0.000012s ]
INFO: [ app_init ] --END-- [ RunTime:0.000359s ]
INFO: [ app_begin ] --START--
INFO: Run Behavior\ReadHtmlCacheBehavior [ RunTime:0.000628s ]
INFO: [ app_begin ] --END-- [ RunTime:0.000675s ]
SQL: SHOW COLUMNS FROM `inviteinfo` [ RunTime:0.0059s ]
SQL: SELECT COUNT(*) AS tp_count FROM `inviteinfo` LIMIT 1   [ RunTime:0.0004s ]
SQL: SELECT * FROM `inviteinfo` LIMIT 5,5   [ RunTime:0.0010s ]
INFO: [ app_end ] --START--
INFO: Run Behavior\ShowPageTraceBehavior [ RunTime:0.000913s ]
INFO: [ app_end ] --END-- [ RunTime:0.000967s ]

[ 2016-07-19T21:21:25+08:00 ] ::1 /10/jiekou/tp/Home/list
INFO: [ app_init ] --START--
INFO: Run Behavior\BuildLiteBehavior [ RunTime:0.000012s ]
INFO: [ app_init ] --END-- [ RunTime:0.000523s ]
INFO: [ app_begin ] --START--
INFO: Run Behavior\ReadHtmlCacheBehavior [ RunTime:0.000809s ]
INFO: [ app_begin ] --END-- [ RunTime:0.000877s ]
SQL: SHOW COLUMNS FROM `inviteinfo` [ RunTime:0.0161s ]
SQL: SELECT COUNT(*) AS tp_count FROM `inviteinfo` LIMIT 1   [ RunTime:0.0003s ]
SQL: SELECT * FROM `inviteinfo` LIMIT 0,5   [ RunTime:0.0009s ]
INFO: [ app_end ] --START--
INFO: Run Behavior\ShowPageTraceBehavior [ RunTime:0.000892s ]
INFO: [ app_end ] --END-- [ RunTime:0.000951s ]

[ 2016-07-19T21:21:28+08:00 ] ::1 /10/jiekou/tp/Home/list
INFO: [ app_init ] --START--
INFO: Run Behavior\BuildLiteBehavior [ RunTime:0.000011s ]
INFO: [ app_init ] --END-- [ RunTime:0.000466s ]
INFO: [ app_begin ] --START--
INFO: Run Behavior\ReadHtmlCacheBehavior [ RunTime:0.000762s ]
INFO: [ app_begin ] --END-- [ RunTime:0.000862s ]
SQL: SHOW COLUMNS FROM `inviteinfo` [ RunTime:0.0062s ]
SQL: SELECT COUNT(*) AS tp_count FROM `inviteinfo` LIMIT 1   [ RunTime:0.0356s ]
SQL: SELECT * FROM `inviteinfo` LIMIT 5,5   [ RunTime:0.0009s ]
INFO: [ app_end ] --START--
INFO: Run Behavior\ShowPageTraceBehavior [ RunTime:0.000779s ]
INFO: [ app_end ] --END-- [ RunTime:0.000872s ]

[ 2016-07-19T21:21:41+08:00 ] ::1 /10/jiekou/tp/Home/list
INFO: [ app_init ] --START--
INFO: Run Behavior\BuildLiteBehavior [ RunTime:0.000014s ]
INFO: [ app_init ] --END-- [ RunTime:0.000622s ]
INFO: [ app_begin ] --START--
INFO: Run Behavior\ReadHtmlCacheBehavior [ RunTime:0.001942s ]
INFO: [ app_begin ] --END-- [ RunTime:0.002078s ]
SQL: SHOW COLUMNS FROM `inviteinfo` [ RunTime:0.0049s ]
SQL: SELECT COUNT(*) AS tp_count FROM `inviteinfo` LIMIT 1   [ RunTime:0.0003s ]
SQL: SELECT * FROM `inviteinfo` LIMIT 5,5   [ RunTime:0.0011s ]
INFO: [ app_end ] --START--
INFO: Run Behavior\ShowPageTraceBehavior [ RunTime:0.000776s ]
INFO: [ app_end ] --END-- [ RunTime:0.000831s ]

[ 2016-07-19T21:21:48+08:00 ] ::1 /10/jiekou/tp/Home/list
INFO: [ app_init ] --START--
INFO: Run Behavior\BuildLiteBehavior [ RunTime:0.000013s ]
INFO: [ app_init ] --END-- [ RunTime:0.000372s ]
INFO: [ app_begin ] --START--
INFO: Run Behavior\ReadHtmlCacheBehavior [ RunTime:0.000701s ]
INFO: [ app_begin ] --END-- [ RunTime:0.000829s ]
SQL: SHOW COLUMNS FROM `inviteinfo` [ RunTime:0.0047s ]
SQL: SELECT COUNT(*) AS tp_count FROM `inviteinfo` LIMIT 1   [ RunTime:0.0003s ]
SQL: SELECT * FROM `inviteinfo` LIMIT 5,5   [ RunTime:0.0009s ]
INFO: [ app_end ] --START--
INFO: Run Behavior\ShowPageTraceBehavior [ RunTime:0.000833s ]
INFO: [ app_end ] --END-- [ RunTime:0.000884s ]

[ 2016-07-19T21:21:52+08:00 ] ::1 /10/jiekou/tp/Home/list
INFO: [ app_init ] --START--
INFO: Run Behavior\BuildLiteBehavior [ RunTime:0.000013s ]
INFO: [ app_init ] --END-- [ RunTime:0.000404s ]
INFO: [ app_begin ] --START--
INFO: Run Behavior\ReadHtmlCacheBehavior [ RunTime:0.000831s ]
INFO: [ app_begin ] --END-- [ RunTime:0.000886s ]
SQL: SHOW COLUMNS FROM `inviteinfo` [ RunTime:0.0044s ]
SQL: SELECT COUNT(*) AS tp_count FROM `inviteinfo` LIMIT 1   [ RunTime:0.0003s ]
SQL: SELECT * FROM `inviteinfo` LIMIT 0,5   [ RunTime:0.0012s ]
INFO: [ app_end ] --START--
INFO: Run Behavior\ShowPageTraceBehavior [ RunTime:0.000793s ]
INFO: [ app_end ] --END-- [ RunTime:0.000854s ]

[ 2016-07-19T21:26:23+08:00 ] ::1 /10/jiekou/tp/Home/list
INFO: [ app_init ] --START--
INFO: Run Behavior\BuildLiteBehavior [ RunTime:0.000014s ]
INFO: [ app_init ] --END-- [ RunTime:0.000467s ]
INFO: [ app_begin ] --START--
INFO: Run Behavior\ReadHtmlCacheBehavior [ RunTime:0.000847s ]
INFO: [ app_begin ] --END-- [ RunTime:0.000938s ]
SQL: SHOW COLUMNS FROM `inviteinfo` [ RunTime:0.0049s ]
SQL: SELECT COUNT(*) AS tp_count FROM `inviteinfo` LIMIT 1   [ RunTime:0.0004s ]
SQL: SELECT * FROM `inviteinfo` LIMIT 0,5   [ RunTime:0.0011s ]
INFO: [ app_end ] --START--
INFO: Run Behavior\ShowPageTraceBehavior [ RunTime:0.000777s ]
INFO: [ app_end ] --END-- [ RunTime:0.000826s ]

[ 2016-07-19T21:26:28+08:00 ] ::1 /10/jiekou/tp/Home/list
INFO: [ app_init ] --START--
INFO: Run Behavior\BuildLiteBehavior [ RunTime:0.000013s ]
INFO: [ app_init ] --END-- [ RunTime:0.000508s ]
INFO: [ app_begin ] --START--
INFO: Run Behavior\ReadHtmlCacheBehavior [ RunTime:0.000648s ]
INFO: [ app_begin ] --END-- [ RunTime:0.000699s ]
SQL: SHOW COLUMNS FROM `inviteinfo` [ RunTime:0.0049s ]
SQL: SELECT COUNT(*) AS tp_count FROM `inviteinfo` LIMIT 1   [ RunTime:0.0005s ]
SQL: SELECT * FROM `inviteinfo` LIMIT 5,5   [ RunTime:0.0010s ]
INFO: [ app_end ] --START--
INFO: Run Behavior\ShowPageTraceBehavior [ RunTime:0.000793s ]
INFO: [ app_end ] --END-- [ RunTime:0.000852s ]

[ 2016-07-19T21:26:39+08:00 ] ::1 /10/jiekou/tp/Home/list
INFO: [ app_init ] --START--
INFO: Run Behavior\BuildLiteBehavior [ RunTime:0.000017s ]
INFO: [ app_init ] --END-- [ RunTime:0.000484s ]
INFO: [ app_begin ] --START--
INFO: Run Behavior\ReadHtmlCacheBehavior [ RunTime:0.000697s ]
INFO: [ app_begin ] --END-- [ RunTime:0.000754s ]
SQL: SHOW COLUMNS FROM `inviteinfo` [ RunTime:0.0056s ]
SQL: SELECT COUNT(*) AS tp_count FROM `inviteinfo` LIMIT 1   [ RunTime:0.0005s ]
SQL: SELECT * FROM `inviteinfo` LIMIT 5,5   [ RunTime:0.0013s ]
INFO: [ app_end ] --START--
INFO: Run Behavior\ShowPageTraceBehavior [ RunTime:0.001021s ]
INFO: [ app_end ] --END-- [ RunTime:0.001099s ]

[ 2016-07-19T21:27:11+08:00 ] ::1 /10/jiekou/tp/Home/list
INFO: [ app_init ] --START--
INFO: Run Behavior\BuildLiteBehavior [ RunTime:0.000012s ]
INFO: [ app_init ] --END-- [ RunTime:0.000355s ]
INFO: [ app_begin ] --START--
INFO: Run Behavior\ReadHtmlCacheBehavior [ RunTime:0.000558s ]
INFO: [ app_begin ] --END-- [ RunTime:0.000600s ]
SQL: SHOW COLUMNS FROM `inviteinfo` [ RunTime:0.0050s ]
SQL: SELECT COUNT(*) AS tp_count FROM `inviteinfo` LIMIT 1   [ RunTime:0.0004s ]
SQL: SELECT * FROM `inviteinfo` LIMIT 0,5   [ RunTime:0.0009s ]
INFO: [ app_end ] --START--
INFO: Run Behavior\ShowPageTraceBehavior [ RunTime:0.000900s ]
INFO: [ app_end ] --END-- [ RunTime:0.000948s ]

[ 2016-07-19T21:27:16+08:00 ] ::1 /10/jiekou/tp/Home/list
INFO: [ app_init ] --START--
INFO: Run Behavior\BuildLiteBehavior [ RunTime:0.000012s ]
INFO: [ app_init ] --END-- [ RunTime:0.000559s ]
INFO: [ app_begin ] --START--
INFO: Run Behavior\ReadHtmlCacheBehavior [ RunTime:0.000660s ]
INFO: [ app_begin ] --END-- [ RunTime:0.000714s ]
SQL: SHOW COLUMNS FROM `inviteinfo` [ RunTime:0.0047s ]
SQL: SELECT COUNT(*) AS tp_count FROM `inviteinfo` LIMIT 1   [ RunTime:0.0004s ]
SQL: SELECT * FROM `inviteinfo` LIMIT 5,5   [ RunTime:0.0009s ]
INFO: [ app_end ] --START--
INFO: Run Behavior\ShowPageTraceBehavior [ RunTime:0.000774s ]
INFO: [ app_end ] --END-- [ RunTime:0.000821s ]

[ 2016-07-19T21:27:33+08:00 ] ::1 /10/jiekou/tp/Home/list
INFO: [ app_init ] --START--
INFO: Run Behavior\BuildLiteBehavior [ RunTime:0.000012s ]
INFO: [ app_init ] --END-- [ RunTime:0.000444s ]
INFO: [ app_begin ] --START--
INFO: Run Behavior\ReadHtmlCacheBehavior [ RunTime:0.000658s ]
INFO: [ app_begin ] --END-- [ RunTime:0.000709s ]
SQL: SHOW COLUMNS FROM `inviteinfo` [ RunTime:0.0050s ]
SQL: SELECT COUNT(*) AS tp_count FROM `inviteinfo` LIMIT 1   [ RunTime:0.0004s ]
SQL: SELECT * FROM `inviteinfo` LIMIT 5,5   [ RunTime:0.0011s ]
INFO: [ app_end ] --START--
INFO: Run Behavior\ShowPageTraceBehavior [ RunTime:0.001072s ]
INFO: [ app_end ] --END-- [ RunTime:0.001146s ]

[ 2016-07-19T21:27:38+08:00 ] ::1 /10/jiekou/tp/Home/list
INFO: [ app_init ] --START--
INFO: Run Behavior\BuildLiteBehavior [ RunTime:0.000011s ]
INFO: [ app_init ] --END-- [ RunTime:0.000345s ]
INFO: [ app_begin ] --START--
INFO: Run Behavior\ReadHtmlCacheBehavior [ RunTime:0.000566s ]
INFO: [ app_begin ] --END-- [ RunTime:0.000614s ]
SQL: SHOW COLUMNS FROM `inviteinfo` [ RunTime:0.0061s ]
SQL: SELECT COUNT(*) AS tp_count FROM `inviteinfo` LIMIT 1   [ RunTime:0.0004s ]
SQL: SELECT * FROM `inviteinfo` LIMIT 0,5   [ RunTime:0.0011s ]
INFO: [ app_end ] --START--
INFO: Run Behavior\ShowPageTraceBehavior [ RunTime:0.000757s ]
INFO: [ app_end ] --END-- [ RunTime:0.000810s ]

[ 2016-07-19T21:27:41+08:00 ] ::1 /10/jiekou/tp/Home/list
INFO: [ app_init ] --START--
INFO: Run Behavior\BuildLiteBehavior [ RunTime:0.000013s ]
INFO: [ app_init ] --END-- [ RunTime:0.000401s ]
INFO: [ app_begin ] --START--
INFO: Run Behavior\ReadHtmlCacheBehavior [ RunTime:0.000743s ]
INFO: [ app_begin ] --END-- [ RunTime:0.000815s ]
SQL: SHOW COLUMNS FROM `inviteinfo` [ RunTime:0.0042s ]
SQL: SELECT COUNT(*) AS tp_count FROM `inviteinfo` LIMIT 1   [ RunTime:0.0003s ]
SQL: SELECT * FROM `inviteinfo` LIMIT 5,5   [ RunTime:0.0010s ]
INFO: [ app_end ] --START--
INFO: Run Behavior\ShowPageTraceBehavior [ RunTime:0.001072s ]
INFO: [ app_end ] --END-- [ RunTime:0.001139s ]

[ 2016-07-19T21:27:59+08:00 ] ::1 /10/jiekou/tp/Home/list
INFO: [ app_init ] --START--
INFO: Run Behavior\BuildLiteBehavior [ RunTime:0.000014s ]
INFO: [ app_init ] --END-- [ RunTime:0.000663s ]
INFO: [ app_begin ] --START--
INFO: Run Behavior\ReadHtmlCacheBehavior [ RunTime:0.000716s ]
INFO: [ app_begin ] --END-- [ RunTime:0.000830s ]
SQL: SHOW COLUMNS FROM `inviteinfo` [ RunTime:0.0058s ]
SQL: SELECT COUNT(*) AS tp_count FROM `inviteinfo` LIMIT 1   [ RunTime:0.0004s ]
SQL: SELECT * FROM `inviteinfo` LIMIT 5,5   [ RunTime:0.0009s ]
INFO: [ app_end ] --START--
INFO: Run Behavior\ShowPageTraceBehavior [ RunTime:0.000712s ]
INFO: [ app_end ] --END-- [ RunTime:0.000759s ]

[ 2016-07-19T21:28:18+08:00 ] ::1 /10/jiekou/tp/Home/list
INFO: [ app_init ] --START--
INFO: Run Behavior\BuildLiteBehavior [ RunTime:0.000016s ]
INFO: [ app_init ] --END-- [ RunTime:0.000461s ]
INFO: [ app_begin ] --START--
INFO: Run Behavior\ReadHtmlCacheBehavior [ RunTime:0.000658s ]
INFO: [ app_begin ] --END-- [ RunTime:0.000705s ]
SQL: SHOW COLUMNS FROM `inviteinfo` [ RunTime:0.0046s ]
SQL: SELECT COUNT(*) AS tp_count FROM `inviteinfo` LIMIT 1   [ RunTime:0.0003s ]
SQL: SELECT * FROM `inviteinfo` LIMIT 0,5   [ RunTime:0.0010s ]
INFO: [ app_end ] --START--
INFO: Run Behavior\ShowPageTraceBehavior [ RunTime:0.000766s ]
INFO: [ app_end ] --END-- [ RunTime:0.000860s ]

[ 2016-07-19T21:28:54+08:00 ] ::1 /10/jiekou/tp/Home/list
INFO: [ app_init ] --START--
INFO: Run Behavior\BuildLiteBehavior [ RunTime:0.000021s ]
INFO: [ app_init ] --END-- [ RunTime:0.000506s ]
INFO: [ app_begin ] --START--
INFO: Run Behavior\ReadHtmlCacheBehavior [ RunTime:0.000911s ]
INFO: [ app_begin ] --END-- [ RunTime:0.000967s ]
SQL: SHOW COLUMNS FROM `inviteinfo` [ RunTime:0.0047s ]
SQL: SELECT COUNT(*) AS tp_count FROM `inviteinfo` LIMIT 1   [ RunTime:0.0004s ]
SQL: SELECT * FROM `inviteinfo` LIMIT 0,5   [ RunTime:0.0010s ]
INFO: [ app_end ] --START--
INFO: Run Behavior\ShowPageTraceBehavior [ RunTime:0.000631s ]
INFO: [ app_end ] --END-- [ RunTime:0.000678s ]

[ 2016-07-19T21:29:39+08:00 ] ::1 /10/jiekou/tp/Home/list
INFO: [ app_init ] --START--
INFO: Run Behavior\BuildLiteBehavior [ RunTime:0.000012s ]
INFO: [ app_init ] --END-- [ RunTime:0.000353s ]
INFO: [ app_begin ] --START--
INFO: Run Behavior\ReadHtmlCacheBehavior [ RunTime:0.001044s ]
INFO: [ app_begin ] --END-- [ RunTime:0.001117s ]
SQL: SHOW COLUMNS FROM `inviteinfo` [ RunTime:0.0046s ]
SQL: SELECT COUNT(*) AS tp_count FROM `inviteinfo` LIMIT 1   [ RunTime:0.0005s ]
SQL: SELECT * FROM `inviteinfo` LIMIT 0,5   [ RunTime:0.0012s ]
INFO: [ app_end ] --START--
INFO: Run Behavior\ShowPageTraceBehavior [ RunTime:0.001198s ]
INFO: [ app_end ] --END-- [ RunTime:0.001283s ]

[ 2016-07-19T21:29:46+08:00 ] ::1 /10/jiekou/tp/Home/list
INFO: [ app_init ] --START--
INFO: Run Behavior\BuildLiteBehavior [ RunTime:0.000012s ]
INFO: [ app_init ] --END-- [ RunTime:0.000365s ]
INFO: [ app_begin ] --START--
INFO: Run Behavior\ReadHtmlCacheBehavior [ RunTime:0.001044s ]
INFO: [ app_begin ] --END-- [ RunTime:0.001113s ]
SQL: SHOW COLUMNS FROM `inviteinfo` [ RunTime:0.0048s ]
SQL: SELECT COUNT(*) AS tp_count FROM `inviteinfo` LIMIT 1   [ RunTime:0.0003s ]
SQL: SELECT * FROM `inviteinfo` LIMIT 5,5   [ RunTime:0.0009s ]
INFO: [ app_end ] --START--
INFO: Run Behavior\ShowPageTraceBehavior [ RunTime:0.000722s ]
INFO: [ app_end ] --END-- [ RunTime:0.000780s ]

[ 2016-07-19T21:30:44+08:00 ] ::1 /10/jiekou/tp/Home/list
INFO: [ app_init ] --START--
INFO: Run Behavior\BuildLiteBehavior [ RunTime:0.000012s ]
INFO: [ app_init ] --END-- [ RunTime:0.000406s ]
INFO: [ app_begin ] --START--
INFO: Run Behavior\ReadHtmlCacheBehavior [ RunTime:0.000581s ]
INFO: [ app_begin ] --END-- [ RunTime:0.000662s ]
SQL: SHOW COLUMNS FROM `inviteinfo` [ RunTime:0.0049s ]
SQL: SELECT COUNT(*) AS tp_count FROM `inviteinfo` LIMIT 1   [ RunTime:0.0004s ]
SQL: SELECT * FROM `inviteinfo` LIMIT 0,5   [ RunTime:0.0011s ]
INFO: [ app_end ] --START--
INFO: Run Behavior\ShowPageTraceBehavior [ RunTime:0.001180s ]
INFO: [ app_end ] --END-- [ RunTime:0.001288s ]

[ 2016-07-19T21:32:06+08:00 ] ::1 /10/jiekou/tp/Home/list
INFO: [ app_init ] --START--
INFO: Run Behavior\BuildLiteBehavior [ RunTime:0.000012s ]
INFO: [ app_init ] --END-- [ RunTime:0.000389s ]
INFO: [ app_begin ] --START--
INFO: Run Behavior\ReadHtmlCacheBehavior [ RunTime:0.000688s ]
INFO: [ app_begin ] --END-- [ RunTime:0.000733s ]
SQL: SHOW COLUMNS FROM `inviteinfo` [ RunTime:0.0046s ]
SQL: SELECT COUNT(*) AS tp_count FROM `inviteinfo` LIMIT 1   [ RunTime:0.0003s ]
SQL: SELECT * FROM `inviteinfo` LIMIT 0,5   [ RunTime:0.0009s ]
INFO: [ app_end ] --START--
INFO: Run Behavior\ShowPageTraceBehavior [ RunTime:0.000788s ]
INFO: [ app_end ] --END-- [ RunTime:0.000852s ]

[ 2016-07-19T21:32:22+08:00 ] ::1 /10/jiekou/tp/Home/list
INFO: [ app_init ] --START--
INFO: Run Behavior\BuildLiteBehavior [ RunTime:0.000012s ]
INFO: [ app_init ] --END-- [ RunTime:0.000638s ]
INFO: [ app_begin ] --START--
INFO: Run Behavior\ReadHtmlCacheBehavior [ RunTime:0.000701s ]
INFO: [ app_begin ] --END-- [ RunTime:0.000765s ]
SQL: SHOW COLUMNS FROM `inviteinfo` [ RunTime:0.0045s ]
SQL: SELECT COUNT(*) AS tp_count FROM `inviteinfo` LIMIT 1   [ RunTime:0.0004s ]
SQL: SELECT * FROM `inviteinfo` LIMIT 0,2   [ RunTime:0.0012s ]
INFO: [ app_end ] --START--
INFO: Run Behavior\ShowPageTraceBehavior [ RunTime:0.000967s ]
INFO: [ app_end ] --END-- [ RunTime:0.001033s ]

[ 2016-07-19T21:32:25+08:00 ] ::1 /10/jiekou/tp/Home/list
INFO: [ app_init ] --START--
INFO: Run Behavior\BuildLiteBehavior [ RunTime:0.000017s ]
INFO: [ app_init ] --END-- [ RunTime:0.000567s ]
INFO: [ app_begin ] --START--
INFO: Run Behavior\ReadHtmlCacheBehavior [ RunTime:0.000663s ]
INFO: [ app_begin ] --END-- [ RunTime:0.000715s ]
SQL: SHOW COLUMNS FROM `inviteinfo` [ RunTime:0.0053s ]
SQL: SELECT COUNT(*) AS tp_count FROM `inviteinfo` LIMIT 1   [ RunTime:0.0004s ]
SQL: SELECT * FROM `inviteinfo` LIMIT 2,2   [ RunTime:0.0008s ]
INFO: [ app_end ] --START--
INFO: Run Behavior\ShowPageTraceBehavior [ RunTime:0.000891s ]
INFO: [ app_end ] --END-- [ RunTime:0.000947s ]

[ 2016-07-19T21:33:48+08:00 ] ::1 /10/jiekou/tp/Home/list
INFO: [ app_init ] --START--
INFO: Run Behavior\BuildLiteBehavior [ RunTime:0.000016s ]
INFO: [ app_init ] --END-- [ RunTime:0.000376s ]
INFO: [ app_begin ] --START--
INFO: Run Behavior\ReadHtmlCacheBehavior [ RunTime:0.000856s ]
INFO: [ app_begin ] --END-- [ RunTime:0.000936s ]
SQL: SHOW COLUMNS FROM `inviteinfo` [ RunTime:0.0043s ]
SQL: SELECT COUNT(*) AS tp_count FROM `inviteinfo` LIMIT 1   [ RunTime:0.0004s ]
SQL: SELECT * FROM `inviteinfo` LIMIT 0,2   [ RunTime:0.0008s ]
INFO: [ app_end ] --START--
INFO: Run Behavior\ShowPageTraceBehavior [ RunTime:0.000711s ]
INFO: [ app_end ] --END-- [ RunTime:0.000759s ]

[ 2016-07-19T21:34:26+08:00 ] ::1 /10/jiekou/tp/Home/list
INFO: [ app_init ] --START--
INFO: Run Behavior\BuildLiteBehavior [ RunTime:0.000012s ]
INFO: [ app_init ] --END-- [ RunTime:0.000406s ]
INFO: [ app_begin ] --START--
INFO: Run Behavior\ReadHtmlCacheBehavior [ RunTime:0.000681s ]
INFO: [ app_begin ] --END-- [ RunTime:0.000729s ]
SQL: SHOW COLUMNS FROM `inviteinfo` [ RunTime:0.0053s ]
SQL: SELECT COUNT(*) AS tp_count FROM `inviteinfo` LIMIT 1   [ RunTime:0.0004s ]
SQL: SELECT * FROM `inviteinfo` LIMIT 0,2   [ RunTime:0.0009s ]
INFO: [ app_end ] --START--
INFO: Run Behavior\ShowPageTraceBehavior [ RunTime:0.000883s ]
INFO: [ app_end ] --END-- [ RunTime:0.000933s ]

[ 2016-07-19T21:34:46+08:00 ] ::1 /10/jiekou/tp/Home/list
INFO: [ app_init ] --START--
INFO: Run Behavior\BuildLiteBehavior [ RunTime:0.000013s ]
INFO: [ app_init ] --END-- [ RunTime:0.000362s ]
INFO: [ app_begin ] --START--
INFO: Run Behavior\ReadHtmlCacheBehavior [ RunTime:0.001160s ]
INFO: [ app_begin ] --END-- [ RunTime:0.001224s ]
SQL: SHOW COLUMNS FROM `inviteinfo` [ RunTime:0.0049s ]
SQL: SELECT COUNT(*) AS tp_count FROM `inviteinfo` LIMIT 1   [ RunTime:0.0004s ]
SQL: SELECT * FROM `inviteinfo` LIMIT 0,2   [ RunTime:0.0009s ]
INFO: [ app_end ] --START--
INFO: Run Behavior\ShowPageTraceBehavior [ RunTime:0.000688s ]
INFO: [ app_end ] --END-- [ RunTime:0.000731s ]

[ 2016-07-19T21:34:48+08:00 ] ::1 /10/jiekou/tp/Home/list
INFO: [ app_init ] --START--
INFO: Run Behavior\BuildLiteBehavior [ RunTime:0.000015s ]
INFO: [ app_init ] --END-- [ RunTime:0.000375s ]
INFO: [ app_begin ] --START--
INFO: Run Behavior\ReadHtmlCacheBehavior [ RunTime:0.000580s ]
INFO: [ app_begin ] --END-- [ RunTime:0.000662s ]
SQL: SHOW COLUMNS FROM `inviteinfo` [ RunTime:0.0045s ]
SQL: SELECT COUNT(*) AS tp_count FROM `inviteinfo` LIMIT 1   [ RunTime:0.0004s ]
SQL: SELECT * FROM `inviteinfo` LIMIT 2,2   [ RunTime:0.0009s ]
INFO: [ app_end ] --START--
INFO: Run Behavior\ShowPageTraceBehavior [ RunTime:0.000669s ]
INFO: [ app_end ] --END-- [ RunTime:0.000711s ]

[ 2016-07-19T21:35:16+08:00 ] ::1 /10/jiekou/tp/Home/list
INFO: [ app_init ] --START--
INFO: Run Behavior\BuildLiteBehavior [ RunTime:0.000012s ]
INFO: [ app_init ] --END-- [ RunTime:0.000395s ]
INFO: [ app_begin ] --START--
INFO: Run Behavior\ReadHtmlCacheBehavior [ RunTime:0.000650s ]
INFO: [ app_begin ] --END-- [ RunTime:0.000705s ]
SQL: SHOW COLUMNS FROM `inviteinfo` [ RunTime:0.0081s ]
SQL: SELECT COUNT(*) AS tp_count FROM `inviteinfo` LIMIT 1   [ RunTime:0.0004s ]
SQL: SELECT * FROM `inviteinfo` LIMIT 0,2   [ RunTime:0.0009s ]
INFO: [ app_end ] --START--
INFO: Run Behavior\ShowPageTraceBehavior [ RunTime:0.000724s ]
INFO: [ app_end ] --END-- [ RunTime:0.000768s ]

[ 2016-07-19T21:35:18+08:00 ] ::1 /10/jiekou/tp/Home/list
INFO: [ app_init ] --START--
INFO: Run Behavior\BuildLiteBehavior [ RunTime:0.000012s ]
INFO: [ app_init ] --END-- [ RunTime:0.000389s ]
INFO: [ app_begin ] --START--
INFO: Run Behavior\ReadHtmlCacheBehavior [ RunTime:0.000666s ]
INFO: [ app_begin ] --END-- [ RunTime:0.000792s ]
SQL: SHOW COLUMNS FROM `inviteinfo` [ RunTime:0.0046s ]
SQL: SELECT COUNT(*) AS tp_count FROM `inviteinfo` LIMIT 1   [ RunTime:0.0003s ]
SQL: SELECT * FROM `inviteinfo` LIMIT 2,2   [ RunTime:0.0008s ]
INFO: [ app_end ] --START--
INFO: Run Behavior\ShowPageTraceBehavior [ RunTime:0.000652s ]
INFO: [ app_end ] --END-- [ RunTime:0.000693s ]

[ 2016-07-19T21:35:59+08:00 ] ::1 /10/jiekou/tp/Home/list
INFO: [ app_init ] --START--
INFO: Run Behavior\BuildLiteBehavior [ RunTime:0.000014s ]
INFO: [ app_init ] --END-- [ RunTime:0.000681s ]
INFO: [ app_begin ] --START--
INFO: Run Behavior\ReadHtmlCacheBehavior [ RunTime:0.000742s ]
INFO: [ app_begin ] --END-- [ RunTime:0.000789s ]
SQL: SHOW COLUMNS FROM `inviteinfo` [ RunTime:0.0047s ]
SQL: SELECT COUNT(*) AS tp_count FROM `inviteinfo` LIMIT 1   [ RunTime:0.0003s ]
SQL: SELECT * FROM `inviteinfo` LIMIT 0,2   [ RunTime:0.0009s ]
INFO: [ app_end ] --START--
INFO: Run Behavior\ShowPageTraceBehavior [ RunTime:0.001245s ]
INFO: [ app_end ] --END-- [ RunTime:0.001295s ]

[ 2016-07-19T21:36:02+08:00 ] ::1 /10/jiekou/tp/Home/list
INFO: [ app_init ] --START--
INFO: Run Behavior\BuildLiteBehavior [ RunTime:0.000018s ]
INFO: [ app_init ] --END-- [ RunTime:0.000473s ]
INFO: [ app_begin ] --START--
INFO: Run Behavior\ReadHtmlCacheBehavior [ RunTime:0.000754s ]
INFO: [ app_begin ] --END-- [ RunTime:0.000894s ]
SQL: SHOW COLUMNS FROM `inviteinfo` [ RunTime:0.0046s ]
SQL: SELECT COUNT(*) AS tp_count FROM `inviteinfo` LIMIT 1   [ RunTime:0.0005s ]
SQL: SELECT * FROM `inviteinfo` LIMIT 2,2   [ RunTime:0.0008s ]
INFO: [ app_end ] --START--
INFO: Run Behavior\ShowPageTraceBehavior [ RunTime:0.000657s ]
INFO: [ app_end ] --END-- [ RunTime:0.000698s ]

[ 2016-07-19T21:36:25+08:00 ] ::1 /10/jiekou/tp/Home/list
INFO: [ app_init ] --START--
INFO: Run Behavior\BuildLiteBehavior [ RunTime:0.000014s ]
INFO: [ app_init ] --END-- [ RunTime:0.000497s ]
INFO: [ app_begin ] --START--
INFO: Run Behavior\ReadHtmlCacheBehavior [ RunTime:0.000766s ]
INFO: [ app_begin ] --END-- [ RunTime:0.000828s ]
SQL: SHOW COLUMNS FROM `inviteinfo` [ RunTime:0.0043s ]
SQL: SELECT COUNT(*) AS tp_count FROM `inviteinfo` LIMIT 1   [ RunTime:0.0004s ]
SQL: SELECT * FROM `inviteinfo` LIMIT 0,2   [ RunTime:0.0008s ]
INFO: [ app_end ] --START--
INFO: Run Behavior\ShowPageTraceBehavior [ RunTime:0.000725s ]
INFO: [ app_end ] --END-- [ RunTime:0.000765s ]

[ 2016-07-19T21:36:28+08:00 ] ::1 /10/jiekou/tp/Home/list
INFO: [ app_init ] --START--
INFO: Run Behavior\BuildLiteBehavior [ RunTime:0.000011s ]
INFO: [ app_init ] --END-- [ RunTime:0.000376s ]
INFO: [ app_begin ] --START--
INFO: Run Behavior\ReadHtmlCacheBehavior [ RunTime:0.000612s ]
INFO: [ app_begin ] --END-- [ RunTime:0.000666s ]
SQL: SHOW COLUMNS FROM `inviteinfo` [ RunTime:0.0044s ]
SQL: SELECT COUNT(*) AS tp_count FROM `inviteinfo` LIMIT 1   [ RunTime:0.0004s ]
SQL: SELECT * FROM `inviteinfo` LIMIT 2,2   [ RunTime:0.0008s ]
INFO: [ app_end ] --START--
INFO: Run Behavior\ShowPageTraceBehavior [ RunTime:0.000677s ]
INFO: [ app_end ] --END-- [ RunTime:0.000734s ]

[ 2016-07-19T21:36:31+08:00 ] ::1 /10/jiekou/tp/Home/list
INFO: [ app_init ] --START--
INFO: Run Behavior\BuildLiteBehavior [ RunTime:0.000017s ]
INFO: [ app_init ] --END-- [ RunTime:0.000436s ]
INFO: [ app_begin ] --START--
INFO: Run Behavior\ReadHtmlCacheBehavior [ RunTime:0.000556s ]
INFO: [ app_begin ] --END-- [ RunTime:0.000602s ]
SQL: SHOW COLUMNS FROM `inviteinfo` [ RunTime:0.0054s ]
SQL: SELECT COUNT(*) AS tp_count FROM `inviteinfo` LIMIT 1   [ RunTime:0.0004s ]
SQL: SELECT * FROM `inviteinfo` LIMIT 2,2   [ RunTime:0.0011s ]
INFO: [ app_end ] --START--
INFO: Run Behavior\ShowPageTraceBehavior [ RunTime:0.000686s ]
INFO: [ app_end ] --END-- [ RunTime:0.000731s ]

[ 2016-07-19T21:36:43+08:00 ] ::1 /10/jiekou/tp/Home/list
INFO: [ app_init ] --START--
INFO: Run Behavior\BuildLiteBehavior [ RunTime:0.000014s ]
INFO: [ app_init ] --END-- [ RunTime:0.000533s ]
INFO: [ app_begin ] --START--
INFO: Run Behavior\ReadHtmlCacheBehavior [ RunTime:0.000542s ]
INFO: [ app_begin ] --END-- [ RunTime:0.000601s ]
SQL: SHOW COLUMNS FROM `inviteinfo` [ RunTime:0.0063s ]
SQL: SELECT COUNT(*) AS tp_count FROM `inviteinfo` LIMIT 1   [ RunTime:0.0006s ]
SQL: SELECT * FROM `inviteinfo` LIMIT 4,2   [ RunTime:0.0017s ]
INFO: [ app_end ] --START--
INFO: Run Behavior\ShowPageTraceBehavior [ RunTime:0.001039s ]
INFO: [ app_end ] --END-- [ RunTime:0.001125s ]

[ 2016-07-19T21:36:48+08:00 ] ::1 /10/jiekou/tp/Home/list
INFO: [ app_init ] --START--
INFO: Run Behavior\BuildLiteBehavior [ RunTime:0.000012s ]
INFO: [ app_init ] --END-- [ RunTime:0.000419s ]
INFO: [ app_begin ] --START--
INFO: Run Behavior\ReadHtmlCacheBehavior [ RunTime:0.000478s ]
INFO: [ app_begin ] --END-- [ RunTime:0.000527s ]
SQL: SHOW COLUMNS FROM `inviteinfo` [ RunTime:0.0051s ]
SQL: SELECT COUNT(*) AS tp_count FROM `inviteinfo` LIMIT 1   [ RunTime:0.0004s ]
SQL: SELECT * FROM `inviteinfo` LIMIT 6,2   [ RunTime:0.0008s ]
INFO: [ app_end ] --START--
INFO: Run Behavior\ShowPageTraceBehavior [ RunTime:0.000950s ]
INFO: [ app_end ] --END-- [ RunTime:0.000992s ]

[ 2016-07-19T21:37:02+08:00 ] ::1 /10/jiekou/tp/Home/list
INFO: [ app_init ] --START--
INFO: Run Behavior\BuildLiteBehavior [ RunTime:0.000012s ]
INFO: [ app_init ] --END-- [ RunTime:0.000322s ]
INFO: [ app_begin ] --START--
INFO: Run Behavior\ReadHtmlCacheBehavior [ RunTime:0.000527s ]
INFO: [ app_begin ] --END-- [ RunTime:0.000573s ]
SQL: SHOW COLUMNS FROM `inviteinfo` [ RunTime:0.0054s ]
SQL: SELECT COUNT(*) AS tp_count FROM `inviteinfo` LIMIT 1   [ RunTime:0.0004s ]
SQL: SELECT * FROM `inviteinfo` LIMIT 0,2   [ RunTime:0.0010s ]
INFO: [ app_end ] --START--
INFO: Run Behavior\ShowPageTraceBehavior [ RunTime:0.000700s ]
INFO: [ app_end ] --END-- [ RunTime:0.000746s ]

[ 2016-07-19T21:45:45+08:00 ] ::1 /10/jiekou/tp/Home/list
INFO: [ app_init ] --START--
INFO: Run Behavior\BuildLiteBehavior [ RunTime:0.000011s ]
INFO: [ app_init ] --END-- [ RunTime:0.000362s ]
INFO: [ app_begin ] --START--
INFO: Run Behavior\ReadHtmlCacheBehavior [ RunTime:0.001004s ]
INFO: [ app_begin ] --END-- [ RunTime:0.001059s ]
SQL: SHOW COLUMNS FROM `inviteinfo` [ RunTime:0.0417s ]
SQL: SELECT COUNT(*) AS tp_count FROM `inviteinfo` LIMIT 1   [ RunTime:0.0004s ]
SQL: SELECT * FROM `inviteinfo` LIMIT 2,2   [ RunTime:0.0009s ]
INFO: [ app_end ] --START--
INFO: Run Behavior\ShowPageTraceBehavior [ RunTime:0.000810s ]
INFO: [ app_end ] --END-- [ RunTime:0.000853s ]

[ 2016-07-19T21:45:51+08:00 ] ::1 /10/jiekou/tp/Home/list
INFO: [ app_init ] --START--
INFO: Run Behavior\BuildLiteBehavior [ RunTime:0.000011s ]
INFO: [ app_init ] --END-- [ RunTime:0.000346s ]
INFO: [ app_begin ] --START--
INFO: Run Behavior\ReadHtmlCacheBehavior [ RunTime:0.000624s ]
INFO: [ app_begin ] --END-- [ RunTime:0.000693s ]
SQL: SHOW COLUMNS FROM `inviteinfo` [ RunTime:0.0052s ]
SQL: SELECT COUNT(*) AS tp_count FROM `inviteinfo` LIMIT 1   [ RunTime:0.0004s ]
SQL: SELECT * FROM `inviteinfo` LIMIT 2,2   [ RunTime:0.0009s ]
INFO: [ app_end ] --START--
INFO: Run Behavior\ShowPageTraceBehavior [ RunTime:0.000767s ]
INFO: [ app_end ] --END-- [ RunTime:0.000821s ]

[ 2016-07-19T21:45:56+08:00 ] ::1 /10/jiekou/tp/Home/list
INFO: [ app_init ] --START--
INFO: Run Behavior\BuildLiteBehavior [ RunTime:0.000016s ]
INFO: [ app_init ] --END-- [ RunTime:0.000436s ]
INFO: [ app_begin ] --START--
INFO: Run Behavior\ReadHtmlCacheBehavior [ RunTime:0.000697s ]
INFO: [ app_begin ] --END-- [ RunTime:0.000748s ]
SQL: SHOW COLUMNS FROM `inviteinfo` [ RunTime:0.0042s ]
SQL: SELECT COUNT(*) AS tp_count FROM `inviteinfo` LIMIT 1   [ RunTime:0.0004s ]
SQL: SELECT * FROM `inviteinfo` LIMIT 0,2   [ RunTime:0.0008s ]
INFO: [ app_end ] --START--
INFO: Run Behavior\ShowPageTraceBehavior [ RunTime:0.000748s ]
INFO: [ app_end ] --END-- [ RunTime:0.000792s ]

[ 2016-07-19T21:57:37+08:00 ] ::1 /10/jiekou/tp/Home/list
INFO: [ app_init ] --START--
INFO: Run Behavior\BuildLiteBehavior [ RunTime:0.000016s ]
INFO: [ app_init ] --END-- [ RunTime:0.000468s ]
INFO: [ app_begin ] --START--
INFO: Run Behavior\ReadHtmlCacheBehavior [ RunTime:0.000837s ]
INFO: [ app_begin ] --END-- [ RunTime:0.000904s ]
SQL: SHOW COLUMNS FROM `inviteinfo` [ RunTime:0.0048s ]
SQL: SELECT COUNT(*) AS tp_count FROM `inviteinfo` LIMIT 1   [ RunTime:0.0004s ]
SQL: SELECT * FROM `inviteinfo` LIMIT 0,2   [ RunTime:0.0017s ]
INFO: [ app_end ] --START--
INFO: Run Behavior\ShowPageTraceBehavior [ RunTime:0.001233s ]
INFO: [ app_end ] --END-- [ RunTime:0.001314s ]

