[ 2016-07-14T08:00:21+08:00 ] ::1 /10/jiekou/tp/Home/Interface/login
INFO: [ app_init ] --START--
INFO: Run Behavior\BuildLiteBehavior [ RunTime:0.000012s ]
INFO: [ app_init ] --END-- [ RunTime:0.000349s ]
INFO: [ app_begin ] --START--
INFO: Run Behavior\ReadHtmlCacheBehavior [ RunTime:0.000448s ]
INFO: [ app_begin ] --END-- [ RunTime:0.000496s ]

[ 2016-07-14T08:07:59+08:00 ] ::1 /10/jiekou/tp/Home/Interface/login
INFO: [ app_init ] --START--
INFO: Run Behavior\BuildLiteBehavior [ RunTime:0.000012s ]
INFO: [ app_init ] --END-- [ RunTime:0.000389s ]
INFO: [ app_begin ] --START--
INFO: Run Behavior\ReadHtmlCacheBehavior [ RunTime:0.000481s ]
INFO: [ app_begin ] --END-- [ RunTime:0.000527s ]

[ 2016-07-14T08:12:50+08:00 ] ::1 /10/jiekou/tp/Home/Interface/login
INFO: [ app_init ] --START--
INFO: Run Behavior\BuildLiteBehavior [ RunTime:0.000012s ]
INFO: [ app_init ] --END-- [ RunTime:0.000604s ]
INFO: [ app_begin ] --START--
INFO: Run Behavior\ReadHtmlCacheBehavior [ RunTime:0.000886s ]
INFO: [ app_begin ] --END-- [ RunTime:0.001007s ]

[ 2016-07-14T08:27:39+08:00 ] ::1 /10/jiekou/tp/Home/Interface/login
INFO: [ app_init ] --START--
INFO: Run Behavior\BuildLiteBehavior [ RunTime:0.000012s ]
INFO: [ app_init ] --END-- [ RunTime:0.000456s ]
INFO: [ app_begin ] --START--
INFO: Run Behavior\ReadHtmlCacheBehavior [ RunTime:0.000643s ]
INFO: [ app_begin ] --END-- [ RunTime:0.000705s ]

[ 2016-07-14T20:57:14+08:00 ] ::1 /10/jiekou/tp/Home/Interface/register
INFO: [ app_init ] --START--
INFO: Run Behavior\BuildLiteBehavior [ RunTime:0.000013s ]
INFO: [ app_init ] --END-- [ RunTime:0.000664s ]
INFO: [ app_begin ] --START--
INFO: Run Behavior\ReadHtmlCacheBehavior [ RunTime:0.000964s ]
INFO: [ app_begin ] --END-- [ RunTime:0.001049s ]

[ 2016-07-14T20:57:17+08:00 ] ::1 /10/jiekou/tp/Home/Interface/register
INFO: [ app_init ] --START--
INFO: Run Behavior\BuildLiteBehavior [ RunTime:0.000012s ]
INFO: [ app_init ] --END-- [ RunTime:0.000370s ]
INFO: [ app_begin ] --START--
INFO: Run Behavior\ReadHtmlCacheBehavior [ RunTime:0.000694s ]
INFO: [ app_begin ] --END-- [ RunTime:0.000761s ]

[ 2016-07-14T20:57:35+08:00 ] ::1 /10/jiekou/tp/Home/Interface/register
INFO: [ app_init ] --START--
INFO: Run Behavior\BuildLiteBehavior [ RunTime:0.000013s ]
INFO: [ app_init ] --END-- [ RunTime:0.000355s ]
INFO: [ app_begin ] --START--
INFO: Run Behavior\ReadHtmlCacheBehavior [ RunTime:0.000729s ]
INFO: [ app_begin ] --END-- [ RunTime:0.000786s ]

[ 2016-07-14T21:42:41+08:00 ] ::1 /10/jiekou/tp/Home/Interface/register
INFO: [ app_init ] --START--
INFO: Run Behavior\BuildLiteBehavior [ RunTime:0.000019s ]
INFO: [ app_init ] --END-- [ RunTime:0.000609s ]
INFO: [ app_begin ] --START--
INFO: Run Behavior\ReadHtmlCacheBehavior [ RunTime:0.001217s ]
INFO: [ app_begin ] --END-- [ RunTime:0.001295s ]
NOTIC: [2] preg_match(): Compilation failed: range out of order in character class at offset 25 D:\phpStudy\WWW\10\jiekou\tp\Application\Home\Controller\InterfaceController.class.php 第 37 行.

[ 2016-07-14T21:42:48+08:00 ] ::1 /10/jiekou/tp/Home/Interface/register
INFO: [ app_init ] --START--
INFO: Run Behavior\BuildLiteBehavior [ RunTime:0.000015s ]
INFO: [ app_init ] --END-- [ RunTime:0.000457s ]
INFO: [ app_begin ] --START--
INFO: Run Behavior\ReadHtmlCacheBehavior [ RunTime:0.000712s ]
INFO: [ app_begin ] --END-- [ RunTime:0.000779s ]
NOTIC: [2] preg_match(): Compilation failed: range out of order in character class at offset 25 D:\phpStudy\WWW\10\jiekou\tp\Application\Home\Controller\InterfaceController.class.php 第 37 行.

[ 2016-07-14T21:42:54+08:00 ] ::1 /10/jiekou/tp/Home/Interface/register
INFO: [ app_init ] --START--
INFO: Run Behavior\BuildLiteBehavior [ RunTime:0.000022s ]
INFO: [ app_init ] --END-- [ RunTime:0.000395s ]
INFO: [ app_begin ] --START--
INFO: Run Behavior\ReadHtmlCacheBehavior [ RunTime:0.000607s ]
INFO: [ app_begin ] --END-- [ RunTime:0.000654s ]
NOTIC: [2] preg_match(): Compilation failed: range out of order in character class at offset 25 D:\phpStudy\WWW\10\jiekou\tp\Application\Home\Controller\InterfaceController.class.php 第 37 行.

[ 2016-07-14T21:43:43+08:00 ] ::1 /10/jiekou/tp/Home/Interface/register
INFO: [ app_init ] --START--
INFO: Run Behavior\BuildLiteBehavior [ RunTime:0.000011s ]
INFO: [ app_init ] --END-- [ RunTime:0.000316s ]
INFO: [ app_begin ] --START--
INFO: Run Behavior\ReadHtmlCacheBehavior [ RunTime:0.000686s ]
INFO: [ app_begin ] --END-- [ RunTime:0.000741s ]

[ 2016-07-14T21:43:47+08:00 ] ::1 /10/jiekou/tp/Home/Interface/register
INFO: [ app_init ] --START--
INFO: Run Behavior\BuildLiteBehavior [ RunTime:0.000013s ]
INFO: [ app_init ] --END-- [ RunTime:0.000446s ]
INFO: [ app_begin ] --START--
INFO: Run Behavior\ReadHtmlCacheBehavior [ RunTime:0.000709s ]
INFO: [ app_begin ] --END-- [ RunTime:0.000804s ]

[ 2016-07-14T21:43:52+08:00 ] ::1 /10/jiekou/tp/Home/Interface/register
INFO: [ app_init ] --START--
INFO: Run Behavior\BuildLiteBehavior [ RunTime:0.000016s ]
INFO: [ app_init ] --END-- [ RunTime:0.000431s ]
INFO: [ app_begin ] --START--
INFO: Run Behavior\ReadHtmlCacheBehavior [ RunTime:0.001133s ]
INFO: [ app_begin ] --END-- [ RunTime:0.001245s ]

[ 2016-07-14T21:50:39+08:00 ] ::1 /10/jiekou/tp/Home/Interface/register
INFO: [ app_init ] --START--
INFO: Run Behavior\BuildLiteBehavior [ RunTime:0.000011s ]
INFO: [ app_init ] --END-- [ RunTime:0.000413s ]
INFO: [ app_begin ] --START--
INFO: Run Behavior\ReadHtmlCacheBehavior [ RunTime:0.000678s ]
INFO: [ app_begin ] --END-- [ RunTime:0.000728s ]

[ 2016-07-14T21:50:50+08:00 ] ::1 /10/jiekou/tp/Home/Interface/register
INFO: [ app_init ] --START--
INFO: Run Behavior\BuildLiteBehavior [ RunTime:0.000013s ]
INFO: [ app_init ] --END-- [ RunTime:0.000408s ]
INFO: [ app_begin ] --START--
INFO: Run Behavior\ReadHtmlCacheBehavior [ RunTime:0.000673s ]
INFO: [ app_begin ] --END-- [ RunTime:0.000727s ]

[ 2016-07-14T21:50:54+08:00 ] ::1 /10/jiekou/tp/Home/Interface/register
INFO: [ app_init ] --START--
INFO: Run Behavior\BuildLiteBehavior [ RunTime:0.000021s ]
INFO: [ app_init ] --END-- [ RunTime:0.000615s ]
INFO: [ app_begin ] --START--
INFO: Run Behavior\ReadHtmlCacheBehavior [ RunTime:0.000755s ]
INFO: [ app_begin ] --END-- [ RunTime:0.000827s ]

[ 2016-07-14T21:50:59+08:00 ] ::1 /10/jiekou/tp/Home/Interface/register
INFO: [ app_init ] --START--
INFO: Run Behavior\BuildLiteBehavior [ RunTime:0.000026s ]
INFO: [ app_init ] --END-- [ RunTime:0.000682s ]
INFO: [ app_begin ] --START--
INFO: Run Behavior\ReadHtmlCacheBehavior [ RunTime:0.000776s ]
INFO: [ app_begin ] --END-- [ RunTime:0.000863s ]
SQL: SHOW COLUMNS FROM `users` [ RunTime:0.0053s ]
SQL: SELECT * FROM `users` WHERE ( email='836575675@qq.com' ) LIMIT 1   [ RunTime:0.0348s ]

[ 2016-07-14T21:51:08+08:00 ] ::1 /10/jiekou/tp/Home/Interface/register
INFO: [ app_init ] --START--
INFO: Run Behavior\BuildLiteBehavior [ RunTime:0.000032s ]
INFO: [ app_init ] --END-- [ RunTime:0.001294s ]
INFO: [ app_begin ] --START--
INFO: Run Behavior\ReadHtmlCacheBehavior [ RunTime:0.000554s ]
INFO: [ app_begin ] --END-- [ RunTime:0.000613s ]
SQL: SHOW COLUMNS FROM `users` [ RunTime:0.0064s ]
SQL: SELECT * FROM `users` WHERE ( email='83657567@qq.com' ) LIMIT 1   [ RunTime:0.0020s ]
SQL: INSERT INTO `users` (`pwd`,`email`) VALUES ('123','83657567@qq.com') [ RunTime:0.0270s ]

[ 2016-07-14T21:51:49+08:00 ] ::1 /10/jiekou/tp/Home/Interface/login
INFO: [ app_init ] --START--
INFO: Run Behavior\BuildLiteBehavior [ RunTime:0.000013s ]
INFO: [ app_init ] --END-- [ RunTime:0.000368s ]
INFO: [ app_begin ] --START--
INFO: Run Behavior\ReadHtmlCacheBehavior [ RunTime:0.000534s ]
INFO: [ app_begin ] --END-- [ RunTime:0.000595s ]
SQL: SHOW COLUMNS FROM `users` [ RunTime:0.0051s ]
SQL: SELECT * FROM `users` WHERE ( email='83657567@qq.com' AND pwd='123' ) LIMIT 1   [ RunTime:0.0005s ]

[ 2016-07-14T21:52:07+08:00 ] ::1 /10/jiekou/tp/Home/Interface/login
INFO: [ app_init ] --START--
INFO: Run Behavior\BuildLiteBehavior [ RunTime:0.000013s ]
INFO: [ app_init ] --END-- [ RunTime:0.000471s ]
INFO: [ app_begin ] --START--
INFO: Run Behavior\ReadHtmlCacheBehavior [ RunTime:0.000865s ]
INFO: [ app_begin ] --END-- [ RunTime:0.000941s ]
SQL: SHOW COLUMNS FROM `users` [ RunTime:0.0047s ]
SQL: SELECT * FROM `users` WHERE ( email='83657567@qq.com' AND pwd='123' ) LIMIT 1   [ RunTime:0.0006s ]

